Start auto log messages stack - Iteration 4.	[MsgId: MMSG-10545]
Action.c(246): web_add_auto_header("Upgrade-Insecure-Requests") was successful  	[MsgId: MMSG-26392]
Action.c(249): web_url("Itinerary Button_2") started  	[MsgId: MMSG-26355]
Action.c(249): web_url("Itinerary Button_2") was successful, 591 body bytes, 215 header bytes, 12 chunking overhead bytes  	[MsgId: MMSG-26385]
Action.c(258): web_url("nav.pl_4") started  	[MsgId: MMSG-26355]
Action.c(258): web_url("nav.pl_4") was successful, 1482 body bytes, 255 header bytes, 12 chunking overhead bytes  	[MsgId: MMSG-26385]
Action.c(267): web_reg_save_param started  	[MsgId: MMSG-26355]
Action.c(267): Registering web_reg_save_param was successful  	[MsgId: MMSG-26390]
Action.c(273): web_url("itinerary.pl_2") started  	[MsgId: MMSG-26355]
Action.c(273): Error -26377: No match found for the requested parameter "flightIDs". Either the specified boundaries were not found in the response or the matched text is longer than current max html parameter size of 256 bytes. The total length of the response is 887 bytes. You can use "web_set_max_html_param_len" to increase the max parameter size.  	[MsgId: MERR-26377]
End auto log messages stack.	[MsgId: MMSG-10544]


Start auto log messages stack - Iteration 5.	[MsgId: MMSG-10545]
Action.c(246): web_add_auto_header("Upgrade-Insecure-Requests") was successful  	[MsgId: MMSG-26392]
Action.c(249): web_url("Itinerary Button_2") started  	[MsgId: MMSG-26355]
Action.c(249): web_url("Itinerary Button_2") was successful, 591 body bytes, 215 header bytes, 12 chunking overhead bytes  	[MsgId: MMSG-26385]
Action.c(258): web_url("nav.pl_4") started  	[MsgId: MMSG-26355]
Action.c(258): web_url("nav.pl_4") was successful, 1482 body bytes, 255 header bytes, 12 chunking overhead bytes  	[MsgId: MMSG-26385]
Action.c(267): web_reg_save_param started  	[MsgId: MMSG-26355]
Action.c(267): Registering web_reg_save_param was successful  	[MsgId: MMSG-26390]
Action.c(273): web_url("itinerary.pl_2") started  	[MsgId: MMSG-26355]
Action.c(273): Error -26377: No match found for the requested parameter "flightIDs". Either the specified boundaries were not found in the response or the matched text is longer than current max html parameter size of 256 bytes. The total length of the response is 887 bytes. You can use "web_set_max_html_param_len" to increase the max parameter size.  	[MsgId: MERR-26377]
End auto log messages stack.	[MsgId: MMSG-10544]


Start auto log messages stack - Iteration 6.	[MsgId: MMSG-10545]
Action.c(246): web_add_auto_header("Upgrade-Insecure-Requests") was successful  	[MsgId: MMSG-26392]
Action.c(249): web_url("Itinerary Button_2") started  	[MsgId: MMSG-26355]
Action.c(249): web_url("Itinerary Button_2") was successful, 591 body bytes, 215 header bytes, 12 chunking overhead bytes  	[MsgId: MMSG-26385]
Action.c(258): web_url("nav.pl_4") started  	[MsgId: MMSG-26355]
Action.c(258): web_url("nav.pl_4") was successful, 1482 body bytes, 255 header bytes, 12 chunking overhead bytes  	[MsgId: MMSG-26385]
Action.c(267): web_reg_save_param started  	[MsgId: MMSG-26355]
Action.c(267): Registering web_reg_save_param was successful  	[MsgId: MMSG-26390]
Action.c(273): web_url("itinerary.pl_2") started  	[MsgId: MMSG-26355]
Action.c(273): Error -26377: No match found for the requested parameter "flightIDs". Either the specified boundaries were not found in the response or the matched text is longer than current max html parameter size of 256 bytes. The total length of the response is 887 bytes. You can use "web_set_max_html_param_len" to increase the max parameter size.  	[MsgId: MERR-26377]
End auto log messages stack.	[MsgId: MMSG-10544]


Start auto log messages stack - Iteration 7.	[MsgId: MMSG-10545]
Action.c(246): web_add_auto_header("Upgrade-Insecure-Requests") was successful  	[MsgId: MMSG-26392]
Action.c(249): web_url("Itinerary Button_2") started  	[MsgId: MMSG-26355]
Action.c(249): web_url("Itinerary Button_2") was successful, 591 body bytes, 215 header bytes, 12 chunking overhead bytes  	[MsgId: MMSG-26385]
Action.c(258): web_url("nav.pl_4") started  	[MsgId: MMSG-26355]
Action.c(258): web_url("nav.pl_4") was successful, 1482 body bytes, 255 header bytes, 12 chunking overhead bytes  	[MsgId: MMSG-26385]
Action.c(267): web_reg_save_param started  	[MsgId: MMSG-26355]
Action.c(267): Registering web_reg_save_param was successful  	[MsgId: MMSG-26390]
Action.c(273): web_url("itinerary.pl_2") started  	[MsgId: MMSG-26355]
Action.c(273): Error -26377: No match found for the requested parameter "flightIDs". Either the specified boundaries were not found in the response or the matched text is longer than current max html parameter size of 256 bytes. The total length of the response is 887 bytes. You can use "web_set_max_html_param_len" to increase the max parameter size.  	[MsgId: MERR-26377]
End auto log messages stack.	[MsgId: MMSG-10544]


Start auto log messages stack - Iteration 8.	[MsgId: MMSG-10545]
Action.c(246): web_add_auto_header("Upgrade-Insecure-Requests") was successful  	[MsgId: MMSG-26392]
Action.c(249): web_url("Itinerary Button_2") started  	[MsgId: MMSG-26355]
Action.c(249): web_url("Itinerary Button_2") was successful, 591 body bytes, 215 header bytes, 12 chunking overhead bytes  	[MsgId: MMSG-26385]
Action.c(258): web_url("nav.pl_4") started  	[MsgId: MMSG-26355]
Action.c(258): web_url("nav.pl_4") was successful, 1482 body bytes, 255 header bytes, 12 chunking overhead bytes  	[MsgId: MMSG-26385]
Action.c(267): web_reg_save_param started  	[MsgId: MMSG-26355]
Action.c(267): Registering web_reg_save_param was successful  	[MsgId: MMSG-26390]
Action.c(273): web_url("itinerary.pl_2") started  	[MsgId: MMSG-26355]
Action.c(273): Error -26377: No match found for the requested parameter "flightIDs". Either the specified boundaries were not found in the response or the matched text is longer than current max html parameter size of 256 bytes. The total length of the response is 887 bytes. You can use "web_set_max_html_param_len" to increase the max parameter size.  	[MsgId: MERR-26377]
End auto log messages stack.	[MsgId: MMSG-10544]


Start auto log messages stack - Iteration 9.	[MsgId: MMSG-10545]
Action.c(246): web_add_auto_header("Upgrade-Insecure-Requests") was successful  	[MsgId: MMSG-26392]
Action.c(249): web_url("Itinerary Button_2") started  	[MsgId: MMSG-26355]
Action.c(249): web_url("Itinerary Button_2") was successful, 591 body bytes, 215 header bytes, 12 chunking overhead bytes  	[MsgId: MMSG-26385]
Action.c(258): web_url("nav.pl_4") started  	[MsgId: MMSG-26355]
Action.c(258): web_url("nav.pl_4") was successful, 1482 body bytes, 255 header bytes, 12 chunking overhead bytes  	[MsgId: MMSG-26385]
Action.c(267): web_reg_save_param started  	[MsgId: MMSG-26355]
Action.c(267): Registering web_reg_save_param was successful  	[MsgId: MMSG-26390]
Action.c(273): web_url("itinerary.pl_2") started  	[MsgId: MMSG-26355]
Action.c(273): Error -26377: No match found for the requested parameter "flightIDs". Either the specified boundaries were not found in the response or the matched text is longer than current max html parameter size of 256 bytes. The total length of the response is 887 bytes. You can use "web_set_max_html_param_len" to increase the max parameter size.  	[MsgId: MERR-26377]
End auto log messages stack.	[MsgId: MMSG-10544]


Start auto log messages stack - Iteration 10.	[MsgId: MMSG-10545]
Action.c(246): web_add_auto_header("Upgrade-Insecure-Requests") was successful  	[MsgId: MMSG-26392]
Action.c(249): web_url("Itinerary Button_2") started  	[MsgId: MMSG-26355]
Action.c(249): web_url("Itinerary Button_2") was successful, 591 body bytes, 215 header bytes, 12 chunking overhead bytes  	[MsgId: MMSG-26385]
Action.c(258): web_url("nav.pl_4") started  	[MsgId: MMSG-26355]
Action.c(258): web_url("nav.pl_4") was successful, 1482 body bytes, 255 header bytes, 12 chunking overhead bytes  	[MsgId: MMSG-26385]
Action.c(267): web_reg_save_param started  	[MsgId: MMSG-26355]
Action.c(267): Registering web_reg_save_param was successful  	[MsgId: MMSG-26390]
Action.c(273): web_url("itinerary.pl_2") started  	[MsgId: MMSG-26355]
Action.c(273): Error -26377: No match found for the requested parameter "flightIDs". Either the specified boundaries were not found in the response or the matched text is longer than current max html parameter size of 256 bytes. The total length of the response is 887 bytes. You can use "web_set_max_html_param_len" to increase the max parameter size.  	[MsgId: MERR-26377]
End auto log messages stack.	[MsgId: MMSG-10544]


Start auto log messages stack - Iteration 11.	[MsgId: MMSG-10545]
Action.c(246): web_add_auto_header("Upgrade-Insecure-Requests") was successful  	[MsgId: MMSG-26392]
Action.c(249): web_url("Itinerary Button_2") started  	[MsgId: MMSG-26355]
Action.c(249): web_url("Itinerary Button_2") was successful, 591 body bytes, 215 header bytes, 12 chunking overhead bytes  	[MsgId: MMSG-26385]
Action.c(258): web_url("nav.pl_4") started  	[MsgId: MMSG-26355]
Action.c(258): web_url("nav.pl_4") was successful, 1482 body bytes, 255 header bytes, 12 chunking overhead bytes  	[MsgId: MMSG-26385]
Action.c(267): web_reg_save_param started  	[MsgId: MMSG-26355]
Action.c(267): Registering web_reg_save_param was successful  	[MsgId: MMSG-26390]
Action.c(273): web_url("itinerary.pl_2") started  	[MsgId: MMSG-26355]
Action.c(273): Error -26377: No match found for the requested parameter "flightIDs". Either the specified boundaries were not found in the response or the matched text is longer than current max html parameter size of 256 bytes. The total length of the response is 887 bytes. You can use "web_set_max_html_param_len" to increase the max parameter size.  	[MsgId: MERR-26377]
End auto log messages stack.	[MsgId: MMSG-10544]


Start auto log messages stack - Iteration 12.	[MsgId: MMSG-10545]
Action.c(246): web_add_auto_header("Upgrade-Insecure-Requests") was successful  	[MsgId: MMSG-26392]
Action.c(249): web_url("Itinerary Button_2") started  	[MsgId: MMSG-26355]
Action.c(249): web_url("Itinerary Button_2") was successful, 591 body bytes, 215 header bytes, 12 chunking overhead bytes  	[MsgId: MMSG-26385]
Action.c(258): web_url("nav.pl_4") started  	[MsgId: MMSG-26355]
Action.c(258): web_url("nav.pl_4") was successful, 1482 body bytes, 255 header bytes, 12 chunking overhead bytes  	[MsgId: MMSG-26385]
Action.c(267): web_reg_save_param started  	[MsgId: MMSG-26355]
Action.c(267): Registering web_reg_save_param was successful  	[MsgId: MMSG-26390]
Action.c(273): web_url("itinerary.pl_2") started  	[MsgId: MMSG-26355]
Action.c(273): Error -26377: No match found for the requested parameter "flightIDs". Either the specified boundaries were not found in the response or the matched text is longer than current max html parameter size of 256 bytes. The total length of the response is 887 bytes. You can use "web_set_max_html_param_len" to increase the max parameter size.  	[MsgId: MERR-26377]
End auto log messages stack.	[MsgId: MMSG-10544]


Start auto log messages stack - Iteration 13.	[MsgId: MMSG-10545]
Action.c(246): web_add_auto_header("Upgrade-Insecure-Requests") was successful  	[MsgId: MMSG-26392]
Action.c(249): web_url("Itinerary Button_2") started  	[MsgId: MMSG-26355]
Action.c(249): web_url("Itinerary Button_2") was successful, 591 body bytes, 215 header bytes, 12 chunking overhead bytes  	[MsgId: MMSG-26385]
Action.c(258): web_url("nav.pl_4") started  	[MsgId: MMSG-26355]
Action.c(258): web_url("nav.pl_4") was successful, 1482 body bytes, 255 header bytes, 12 chunking overhead bytes  	[MsgId: MMSG-26385]
Action.c(267): web_reg_save_param started  	[MsgId: MMSG-26355]
Action.c(267): Registering web_reg_save_param was successful  	[MsgId: MMSG-26390]
Action.c(273): web_url("itinerary.pl_2") started  	[MsgId: MMSG-26355]
Action.c(273): Error -26377: No match found for the requested parameter "flightIDs". Either the specified boundaries were not found in the response or the matched text is longer than current max html parameter size of 256 bytes. The total length of the response is 887 bytes. You can use "web_set_max_html_param_len" to increase the max parameter size.  	[MsgId: MERR-26377]
End auto log messages stack.	[MsgId: MMSG-10544]


Start auto log messages stack - Iteration 14.	[MsgId: MMSG-10545]
Action.c(246): web_add_auto_header("Upgrade-Insecure-Requests") was successful  	[MsgId: MMSG-26392]
Action.c(249): web_url("Itinerary Button_2") started  	[MsgId: MMSG-26355]
Action.c(249): web_url("Itinerary Button_2") was successful, 591 body bytes, 215 header bytes, 12 chunking overhead bytes  	[MsgId: MMSG-26385]
Action.c(258): web_url("nav.pl_4") started  	[MsgId: MMSG-26355]
Action.c(258): web_url("nav.pl_4") was successful, 1482 body bytes, 255 header bytes, 12 chunking overhead bytes  	[MsgId: MMSG-26385]
Action.c(267): web_reg_save_param started  	[MsgId: MMSG-26355]
Action.c(267): Registering web_reg_save_param was successful  	[MsgId: MMSG-26390]
Action.c(273): web_url("itinerary.pl_2") started  	[MsgId: MMSG-26355]
Action.c(273): Error -26377: No match found for the requested parameter "flightIDs". Either the specified boundaries were not found in the response or the matched text is longer than current max html parameter size of 256 bytes. The total length of the response is 887 bytes. You can use "web_set_max_html_param_len" to increase the max parameter size.  	[MsgId: MERR-26377]
End auto log messages stack.	[MsgId: MMSG-10544]


Start auto log messages stack - Iteration 15.	[MsgId: MMSG-10545]
Action.c(246): web_add_auto_header("Upgrade-Insecure-Requests") was successful  	[MsgId: MMSG-26392]
Action.c(249): web_url("Itinerary Button_2") started  	[MsgId: MMSG-26355]
Action.c(249): web_url("Itinerary Button_2") was successful, 591 body bytes, 215 header bytes, 12 chunking overhead bytes  	[MsgId: MMSG-26385]
Action.c(258): web_url("nav.pl_4") started  	[MsgId: MMSG-26355]
Action.c(258): web_url("nav.pl_4") was successful, 1482 body bytes, 255 header bytes, 12 chunking overhead bytes  	[MsgId: MMSG-26385]
Action.c(267): web_reg_save_param started  	[MsgId: MMSG-26355]
Action.c(267): Registering web_reg_save_param was successful  	[MsgId: MMSG-26390]
Action.c(273): web_url("itinerary.pl_2") started  	[MsgId: MMSG-26355]
Action.c(273): Error -26377: No match found for the requested parameter "flightIDs". Either the specified boundaries were not found in the response or the matched text is longer than current max html parameter size of 256 bytes. The total length of the response is 887 bytes. You can use "web_set_max_html_param_len" to increase the max parameter size.  	[MsgId: MERR-26377]
End auto log messages stack.	[MsgId: MMSG-10544]


