Virtual User Script started at: 12.11.2023 15:34:33
Starting action vuser_init.
Web Turbo Replay of LoadRunner 2021.0.0 for Windows 10; build 430 (џэт 05 2021 19:27:22)  	[MsgId: MMSG-26983]
Run mode: HTML  	[MsgId: MMSG-26993]
Replay user agent: Mozilla/5.0 (compatible; MSIE 10.0; Windows NT 6.1; Trident/6.0)  	[MsgId: MMSG-26988]
Runtime Settings file: "C:\Users\Pc\Desktop\XSET\LR1\Scripts\Scripts\UC03_Buy_ticket\\default.cfg"  	[MsgId: MMSG-27141]
Ending action vuser_init.
Running Vuser...
Starting iteration 1.
Maximum number of concurrent connections per server: 6  	[MsgId: MMSG-26989]
Starting action Action.
Action.c(3): Notify: Transaction "1_WelcomePage" started.
Action.c(5): web_add_header("Sec-Fetch-Dest") started  	[MsgId: MMSG-26355]
Action.c(5): web_add_header("Sec-Fetch-Dest") was successful  	[MsgId: MMSG-26392]
Action.c(8): web_add_header("Sec-Fetch-Site") started  	[MsgId: MMSG-26355]
Action.c(8): web_add_header("Sec-Fetch-Site") was successful  	[MsgId: MMSG-26392]
Action.c(11): lr_think_time: 5,00 seconds.
Action.c(13): web_url("webtours_2") started  	[MsgId: MMSG-26355]
Action.c(13): web_url("webtours_2") was successful, 366 body bytes, 298 header bytes  	[MsgId: MMSG-26386]
Action.c(21): web_remove_auto_header("Sec-Fetch-User") started  	[MsgId: MMSG-26355]
Action.c(21): Warning -26590: web_remove/revert_auto_header for "Sec-Fetch-User" had no effect  	[MsgId: MWAR-26590]
Action.c(21): web_remove/revert_auto_header("Sec-Fetch-User") highest severity level was "warning"  	[MsgId: MMSG-26391]
Action.c(23): web_add_auto_header("Sec-Fetch-Dest") started  	[MsgId: MMSG-26355]
Action.c(23): web_add_auto_header("Sec-Fetch-Dest") was successful  	[MsgId: MMSG-26392]
Action.c(26): web_add_auto_header("Sec-Fetch-Site") started  	[MsgId: MMSG-26355]
Action.c(26): web_add_auto_header("Sec-Fetch-Site") was successful  	[MsgId: MMSG-26392]
Action.c(29): web_url("header.html_2") started  	[MsgId: MMSG-26355]
Action.c(29): web_url("header.html_2") was successful, 710 body bytes, 297 header bytes  	[MsgId: MMSG-26386]
Action.c(37): web_url("welcome.pl_2") started  	[MsgId: MMSG-26355]
Action.c(37): web_url("welcome.pl_2") was successful, 686 body bytes, 327 header bytes, 12 chunking overhead bytes  	[MsgId: MMSG-26385]
Action.c(46): web_concurrent_start started  	[MsgId: MMSG-26355]
Action.c(46): web_concurrent_start was successful  	[MsgId: MMSG-26392]
Action.c(48): web_url("home.html_2") started  	[MsgId: MMSG-26355]
Action.c(48): Registering web_url("home.html_2") was successful  	[MsgId: MMSG-26390]
Action.c(57): web_reg_save_param_attrib started  	[MsgId: MMSG-26355]
Action.c(57): Registering web_reg_save_param_attrib was successful  	[MsgId: MMSG-26390]
Action.c(67): web_url("nav.pl_2") started  	[MsgId: MMSG-26355]
Action.c(67): Registering web_url("nav.pl_2") was successful  	[MsgId: MMSG-26390]
Action.c(76): web_concurrent_end started  	[MsgId: MMSG-26355]
Action.c(76): web_concurrent_end was successful, 2847 body bytes, 554 header bytes, 12 chunking overhead bytes  	[MsgId: MMSG-26385]
Action.c(78): Notify: Transaction "1_WelcomePage" ended with a "Pass" status (Duration: 5.6746 Think Time: 5.0111 Wasted Time: 0.1970).
Action.c(80): web_reg_find started  	[MsgId: MMSG-26355]
Action.c(80): Registering web_reg_find was successful  	[MsgId: MMSG-26390]
Action.c(84): Notify: Transaction "2_Login" started.
Action.c(86): web_add_header("Origin") started  	[MsgId: MMSG-26355]
Action.c(86): web_add_header("Origin") was successful  	[MsgId: MMSG-26392]
Action.c(89): web_add_auto_header("Sec-Fetch-User") started  	[MsgId: MMSG-26355]
Action.c(89): web_add_auto_header("Sec-Fetch-User") was successful  	[MsgId: MMSG-26392]
Action.c(92): lr_think_time: 5.00 seconds.
Action.c(94): web_submit_data("login.pl") started  	[MsgId: MMSG-26355]
Action.c(94): Registered web_reg_find successful for "Text=User password was correct" (count=1)  	[MsgId: MMSG-26364]
Action.c(94): web_submit_data("login.pl") was successful, 481 body bytes, 380 header bytes, 12 chunking overhead bytes  	[MsgId: MMSG-26385]
Action.c(110): web_concurrent_start started  	[MsgId: MMSG-26355]
Action.c(110): web_concurrent_start was successful  	[MsgId: MMSG-26392]
Action.c(112): web_url("login.pl_2") started  	[MsgId: MMSG-26355]
Action.c(112): Registering web_url("login.pl_2") was successful  	[MsgId: MMSG-26390]
Action.c(121): web_url("nav.pl_3") started  	[MsgId: MMSG-26355]
Action.c(121): Registering web_url("nav.pl_3") was successful  	[MsgId: MMSG-26390]
Action.c(130): web_concurrent_end started  	[MsgId: MMSG-26355]
Action.c(130): web_concurrent_end was successful, 2401 body bytes, 484 header bytes, 24 chunking overhead bytes  	[MsgId: MMSG-26385]
Action.c(132): web_concurrent_start started  	[MsgId: MMSG-26355]
Action.c(132): web_concurrent_start was successful  	[MsgId: MMSG-26392]
Action.c(134): web_url("itinerary.gif") started  	[MsgId: MMSG-26355]
Action.c(134): Registering web_url("itinerary.gif") was successful  	[MsgId: MMSG-26390]
Action.c(142): web_url("flights.gif") started  	[MsgId: MMSG-26355]
Action.c(142): Registering web_url("flights.gif") was successful  	[MsgId: MMSG-26390]
Action.c(150): web_url("in_home.gif") started  	[MsgId: MMSG-26355]
Action.c(150): Registering web_url("in_home.gif") was successful  	[MsgId: MMSG-26390]
Action.c(158): web_url("signoff.gif") started  	[MsgId: MMSG-26355]
Action.c(158): Registering web_url("signoff.gif") was successful  	[MsgId: MMSG-26390]
Action.c(166): web_concurrent_end started  	[MsgId: MMSG-26355]
Action.c(166): web_concurrent_end was successful, 2898 body bytes, 1190 header bytes  	[MsgId: MMSG-26386]
Action.c(168): Notify: Transaction "2_Login" ended with a "Pass" status (Duration: 5,4811 Think Time: 5,0057 Wasted Time: 0,0239).
Action.c(170): lr_think_time: 5,00 seconds.
Action.c(172): Notify: Transaction "3_FlightPage" started.
Action.c(174): web_url("Search Flights Button") started  	[MsgId: MMSG-26355]
Action.c(174): web_url("Search Flights Button") was successful, 616 body bytes, 216 header bytes, 12 chunking overhead bytes  	[MsgId: MMSG-26385]
Action.c(183): web_concurrent_start started  	[MsgId: MMSG-26355]
Action.c(183): web_concurrent_start was successful  	[MsgId: MMSG-26392]
Action.c(185): web_url("nav.pl_4") started  	[MsgId: MMSG-26355]
Action.c(185): Registering web_url("nav.pl_4") was successful  	[MsgId: MMSG-26390]
Action.c(194): web_url("reservations.pl") started  	[MsgId: MMSG-26355]
Action.c(194): Registering web_url("reservations.pl") was successful  	[MsgId: MMSG-26390]
Action.c(203): web_concurrent_end started  	[MsgId: MMSG-26355]
Action.c(203): web_concurrent_end was successful, 5728 body bytes, 511 header bytes, 31 chunking overhead bytes  	[MsgId: MMSG-26385]
Action.c(205): web_concurrent_start started  	[MsgId: MMSG-26355]
Action.c(205): web_concurrent_start was successful  	[MsgId: MMSG-26392]
Action.c(207): web_url("home.gif") started  	[MsgId: MMSG-26355]
Action.c(207): Registering web_url("home.gif") was successful  	[MsgId: MMSG-26390]
Action.c(215): web_url("in_flights.gif") started  	[MsgId: MMSG-26355]
Action.c(215): Registering web_url("in_flights.gif") was successful  	[MsgId: MMSG-26390]
Action.c(223): web_concurrent_end started  	[MsgId: MMSG-26355]
Action.c(223): web_concurrent_end was successful, 1414 body bytes, 594 header bytes  	[MsgId: MMSG-26386]
Action.c(225): web_url("button_next.gif") started  	[MsgId: MMSG-26355]
Action.c(225): web_url("button_next.gif") was successful, 758 body bytes, 297 header bytes  	[MsgId: MMSG-26386]
Action.c(233): Notify: Transaction "3_FlightPage" ended with a "Pass" status (Duration: 0,4555 Wasted Time: 0,0359).
Action.c(235): Notify: Transaction "4_Send_Flight_data" started.
Action.c(237): web_reg_save_param_ex started  	[MsgId: MMSG-26355]
Action.c(237): Registering web_reg_save_param_ex was successful  	[MsgId: MMSG-26390]
Action.c(244): web_add_auto_header("Origin") started  	[MsgId: MMSG-26355]
Action.c(244): web_add_auto_header("Origin") was successful  	[MsgId: MMSG-26392]
Action.c(247): lr_think_time: 5,00 seconds.
Action.c(249): web_reg_find started  	[MsgId: MMSG-26355]
Action.c(249): Registering web_reg_find was successful  	[MsgId: MMSG-26390]
Action.c(253): web_submit_data("reservations.pl_2") started  	[MsgId: MMSG-26355]
Action.c(253): Registered web_reg_find successful for "Text=Flight departing from" (count=1)  	[MsgId: MMSG-26364]
Action.c(253): web_submit_data("reservations.pl_2") was successful, 2453 body bytes, 256 header bytes, 12 chunking overhead bytes  	[MsgId: MMSG-26385]
Action.c(278): Notify: Transaction "4_Send_Flight_data" ended with a "Pass" status (Duration: 5,2500 Think Time: 5,0119 Wasted Time: 0,0091).
Action.c(280): lr_think_time: 5,00 seconds.
Action.c(282): Notify: Transaction "5_ChooseFlight" started.
Action.c(284): web_submit_data("reservations.pl_3") started  	[MsgId: MMSG-26355]
Action.c(284): web_submit_data("reservations.pl_3") was successful, 2740 body bytes, 256 header bytes, 12 chunking overhead bytes  	[MsgId: MMSG-26385]
Action.c(301): Notify: Transaction "5_ChooseFlight" ended with a "Pass" status (Duration: 0.1431 Wasted Time: 0.0074).
Action.c(303): lr_think_time: 5.00 seconds.
Action.c(305): Notify: Transaction "6_Payment" started.
Action.c(307): web_reg_find started  	[MsgId: MMSG-26355]
Action.c(307): Registering web_reg_find was successful  	[MsgId: MMSG-26390]
Action.c(311): web_submit_data("reservations.pl_4") started  	[MsgId: MMSG-26355]
Action.c(311): Registered web_reg_find successful for "Text=Thank you for booking through Web Tours." (count=1)  	[MsgId: MMSG-26364]
Action.c(311): web_submit_data("reservations.pl_4") was successful, 2488 body bytes, 383 header bytes, 12 chunking overhead bytes  	[MsgId: MMSG-26385]
Action.c(339): web_url("bookanother.gif") started  	[MsgId: MMSG-26355]
Action.c(339): web_url("bookanother.gif") was successful, 806 body bytes, 297 header bytes  	[MsgId: MMSG-26386]
Action.c(347): Notify: Transaction "6_Payment" ended with a "Pass" status (Duration: 0,2005 Wasted Time: 0,0138).
Action.c(349): Notify: Transaction "7_FlightPage" started.
Action.c(351): web_url("Search Flights Button") started  	[MsgId: MMSG-26355]
Action.c(351): web_url("Search Flights Button") was successful, 616 body bytes, 215 header bytes, 12 chunking overhead bytes  	[MsgId: MMSG-26385]
Action.c(360): web_concurrent_start started  	[MsgId: MMSG-26355]
Action.c(360): web_concurrent_start was successful  	[MsgId: MMSG-26392]
Action.c(362): web_url("nav.pl_4") started  	[MsgId: MMSG-26355]
Action.c(362): Registering web_url("nav.pl_4") was successful  	[MsgId: MMSG-26390]
Action.c(371): web_url("reservations.pl") started  	[MsgId: MMSG-26355]
Action.c(371): Registering web_url("reservations.pl") was successful  	[MsgId: MMSG-26390]
Action.c(380): web_concurrent_end started  	[MsgId: MMSG-26355]
Action.c(380): web_concurrent_end was successful, 5728 body bytes, 511 header bytes, 31 chunking overhead bytes  	[MsgId: MMSG-26385]
Action.c(382): web_concurrent_start started  	[MsgId: MMSG-26355]
Action.c(382): web_concurrent_start was successful  	[MsgId: MMSG-26392]
Action.c(384): web_url("home.gif") started  	[MsgId: MMSG-26355]
Action.c(384): Resource "http://localhost:1080/WebTours/images/home.gif" is in the cache already and will not be downloaded again  	[MsgId: MMSG-26655]
Action.c(392): web_url("in_flights.gif") started  	[MsgId: MMSG-26355]
Action.c(392): Resource "http://localhost:1080/WebTours/images/in_flights.gif" is in the cache already and will not be downloaded again  	[MsgId: MMSG-26655]
Action.c(400): web_concurrent_end started  	[MsgId: MMSG-26355]
Action.c(400): web_concurrent_end was successful  	[MsgId: MMSG-26392]
Action.c(402): web_url("button_next.gif") started  	[MsgId: MMSG-26355]
Action.c(402): Resource "http://localhost:1080/WebTours/images/button_next.gif" is in the cache already and will not be downloaded again  	[MsgId: MMSG-26655]
Action.c(410): Notify: Transaction "7_FlightPage" ended with a "Pass" status (Duration: 0,4250 Wasted Time: 0,0246).
Action.c(412): Notify: Transaction "8_Sign_off" started.
Action.c(414): web_add_auto_header("Sec-Fetch-Dest") started  	[MsgId: MMSG-26355]
Action.c(414): web_add_auto_header("Sec-Fetch-Dest") was successful  	[MsgId: MMSG-26392]
Action.c(417): web_add_auto_header("Sec-Fetch-Mode") started  	[MsgId: MMSG-26355]
Action.c(417): web_add_auto_header("Sec-Fetch-Mode") was successful  	[MsgId: MMSG-26392]
Action.c(420): web_add_header("Sec-Fetch-User") started  	[MsgId: MMSG-26355]
Action.c(420): web_add_header("Sec-Fetch-User") was successful  	[MsgId: MMSG-26392]
Action.c(423): web_add_auto_header("Upgrade-Insecure-Requests") started  	[MsgId: MMSG-26355]
Action.c(423): web_add_auto_header("Upgrade-Insecure-Requests") was successful  	[MsgId: MMSG-26392]
Action.c(426): lr_think_time: 5,00 seconds.
Action.c(428): web_url("SignOff Button") started  	[MsgId: MMSG-26355]
Action.c(428): web_url("SignOff Button") was successful, 686 body bytes, 328 header bytes, 12 chunking overhead bytes  	[MsgId: MMSG-26385]
Action.c(437): web_reg_find started  	[MsgId: MMSG-26355]
Action.c(437): Registering web_reg_find was successful  	[MsgId: MMSG-26390]
Action.c(441): web_url("home.html_2") started  	[MsgId: MMSG-26355]
Action.c(441): Retrieving data from cache for "http://localhost:1080/WebTours/home.html"  	[MsgId: MMSG-26558]
Action.c(441): Registered web_reg_find successful for "Text=Welcome to the Web Tours site." (count=1)  	[MsgId: MMSG-26364]
Action.c(441): web_url("home.html_2") was successful, 0 body bytes, 0 header bytes  	[MsgId: MMSG-26386]
Action.c(449): web_url("nav.pl_3") started  	[MsgId: MMSG-26355]
Action.c(449): web_url("nav.pl_3") was successful, 1490 body bytes, 255 header bytes, 12 chunking overhead bytes  	[MsgId: MMSG-26385]
Action.c(458): Notify: Transaction "8_Sign_off" ended with a "Pass" status (Duration: 5,3747 Think Time: 5,0119 Wasted Time: 0,0201).
Ending action Action.
Ending iteration 1.
Ending Vuser...
Starting action vuser_end.
Ending action vuser_end.
Vuser Terminated.
