Start auto log messages stack - Iteration 2.	[MsgId: MMSG-10545]
Action.c(78): Notify: Transaction "1_WelcomePage" ended with a "Pass" status (Duration: 5,1596 Think Time: 5,0025 Wasted Time: 0,0004).	[MsgId: MMSG-16870]
Action.c(80): web_reg_find started  	[MsgId: MMSG-26355]
Action.c(80): Registering web_reg_find was successful  	[MsgId: MMSG-26390]
Action.c(84): Notify: Transaction "2_Login" started.	[MsgId: MMSG-16999]
Action.c(86): web_add_header("Origin") started  	[MsgId: MMSG-26355]
Action.c(86): web_add_header("Origin") was successful  	[MsgId: MMSG-26392]
Action.c(89): web_add_auto_header("Sec-Fetch-User") started  	[MsgId: MMSG-26355]
Action.c(89): web_add_auto_header("Sec-Fetch-User") was successful  	[MsgId: MMSG-26392]
Action.c(92): lr_think_time: 5,00 seconds.	[MsgId: MMSG-15948]
Action.c(94): web_submit_data("login.pl") started  	[MsgId: MMSG-26355]
Action.c(94): Error -26366: "Text=User password was correct" not found for web_reg_find  	[MsgId: MERR-26366]
End auto log messages stack.	[MsgId: MMSG-10544]


Start auto log messages stack - Iteration 3.	[MsgId: MMSG-10545]
Action.c(78): Notify: Transaction "1_WelcomePage" ended with a "Pass" status (Duration: 5,1430 Think Time: 5,0092 Wasted Time: 0,0002).	[MsgId: MMSG-16870]
Action.c(80): web_reg_find started  	[MsgId: MMSG-26355]
Action.c(80): Registering web_reg_find was successful  	[MsgId: MMSG-26390]
Action.c(84): Notify: Transaction "2_Login" started.	[MsgId: MMSG-16999]
Action.c(86): web_add_header("Origin") started  	[MsgId: MMSG-26355]
Action.c(86): web_add_header("Origin") was successful  	[MsgId: MMSG-26392]
Action.c(89): web_add_auto_header("Sec-Fetch-User") started  	[MsgId: MMSG-26355]
Action.c(89): web_add_auto_header("Sec-Fetch-User") was successful  	[MsgId: MMSG-26392]
Action.c(92): lr_think_time: 5,00 seconds.	[MsgId: MMSG-15948]
Action.c(94): web_submit_data("login.pl") started  	[MsgId: MMSG-26355]
Action.c(94): Error -26366: "Text=User password was correct" not found for web_reg_find  	[MsgId: MERR-26366]
End auto log messages stack.	[MsgId: MMSG-10544]


Start auto log messages stack - Iteration 2.	[MsgId: MMSG-10545]
Action.c(78): Notify: Transaction "1_WelcomePage" ended with a "Pass" status (Duration: 5,1536 Think Time: 5,0039 Wasted Time: 0,0004).	[MsgId: MMSG-16870]
Action.c(80): web_reg_find started  	[MsgId: MMSG-26355]
Action.c(80): Registering web_reg_find was successful  	[MsgId: MMSG-26390]
Action.c(84): Notify: Transaction "2_Login" started.	[MsgId: MMSG-16999]
Action.c(86): web_add_header("Origin") started  	[MsgId: MMSG-26355]
Action.c(86): web_add_header("Origin") was successful  	[MsgId: MMSG-26392]
Action.c(89): web_add_auto_header("Sec-Fetch-User") started  	[MsgId: MMSG-26355]
Action.c(89): web_add_auto_header("Sec-Fetch-User") was successful  	[MsgId: MMSG-26392]
Action.c(92): lr_think_time: 5,00 seconds.	[MsgId: MMSG-15948]
Action.c(94): web_submit_data("login.pl") started  	[MsgId: MMSG-26355]
Action.c(94): Error -26366: "Text=User password was correct" not found for web_reg_find  	[MsgId: MERR-26366]
End auto log messages stack.	[MsgId: MMSG-10544]


Start auto log messages stack - Iteration 4.	[MsgId: MMSG-10545]
Action.c(78): Notify: Transaction "1_WelcomePage" ended with a "Pass" status (Duration: 5,1316 Think Time: 5,0034 Wasted Time: 0,0003).	[MsgId: MMSG-16870]
Action.c(80): web_reg_find started  	[MsgId: MMSG-26355]
Action.c(80): Registering web_reg_find was successful  	[MsgId: MMSG-26390]
Action.c(84): Notify: Transaction "2_Login" started.	[MsgId: MMSG-16999]
Action.c(86): web_add_header("Origin") started  	[MsgId: MMSG-26355]
Action.c(86): web_add_header("Origin") was successful  	[MsgId: MMSG-26392]
Action.c(89): web_add_auto_header("Sec-Fetch-User") started  	[MsgId: MMSG-26355]
Action.c(89): web_add_auto_header("Sec-Fetch-User") was successful  	[MsgId: MMSG-26392]
Action.c(92): lr_think_time: 5,00 seconds.	[MsgId: MMSG-15948]
Action.c(94): web_submit_data("login.pl") started  	[MsgId: MMSG-26355]
Action.c(94): Error -26366: "Text=User password was correct" not found for web_reg_find  	[MsgId: MERR-26366]
End auto log messages stack.	[MsgId: MMSG-10544]


Start auto log messages stack - Iteration 3.	[MsgId: MMSG-10545]
Action.c(78): Notify: Transaction "1_WelcomePage" ended with a "Pass" status (Duration: 5,1710 Think Time: 5,0122 Wasted Time: 0,0003).	[MsgId: MMSG-16870]
Action.c(80): web_reg_find started  	[MsgId: MMSG-26355]
Action.c(80): Registering web_reg_find was successful  	[MsgId: MMSG-26390]
Action.c(84): Notify: Transaction "2_Login" started.	[MsgId: MMSG-16999]
Action.c(86): web_add_header("Origin") started  	[MsgId: MMSG-26355]
Action.c(86): web_add_header("Origin") was successful  	[MsgId: MMSG-26392]
Action.c(89): web_add_auto_header("Sec-Fetch-User") started  	[MsgId: MMSG-26355]
Action.c(89): web_add_auto_header("Sec-Fetch-User") was successful  	[MsgId: MMSG-26392]
Action.c(92): lr_think_time: 5,00 seconds.	[MsgId: MMSG-15948]
Action.c(94): web_submit_data("login.pl") started  	[MsgId: MMSG-26355]
Action.c(94): Error -26366: "Text=User password was correct" not found for web_reg_find  	[MsgId: MERR-26366]
End auto log messages stack.	[MsgId: MMSG-10544]


Start auto log messages stack - Iteration 5.	[MsgId: MMSG-10545]
Action.c(78): Notify: Transaction "1_WelcomePage" ended with a "Pass" status (Duration: 5,1223 Think Time: 5,0110 Wasted Time: 0,0002).	[MsgId: MMSG-16870]
Action.c(80): web_reg_find started  	[MsgId: MMSG-26355]
Action.c(80): Registering web_reg_find was successful  	[MsgId: MMSG-26390]
Action.c(84): Notify: Transaction "2_Login" started.	[MsgId: MMSG-16999]
Action.c(86): web_add_header("Origin") started  	[MsgId: MMSG-26355]
Action.c(86): web_add_header("Origin") was successful  	[MsgId: MMSG-26392]
Action.c(89): web_add_auto_header("Sec-Fetch-User") started  	[MsgId: MMSG-26355]
Action.c(89): web_add_auto_header("Sec-Fetch-User") was successful  	[MsgId: MMSG-26392]
Action.c(92): lr_think_time: 5,00 seconds.	[MsgId: MMSG-15948]
Action.c(94): web_submit_data("login.pl") started  	[MsgId: MMSG-26355]
Action.c(94): Error -26366: "Text=User password was correct" not found for web_reg_find  	[MsgId: MERR-26366]
End auto log messages stack.	[MsgId: MMSG-10544]


Start auto log messages stack - Iteration 4.	[MsgId: MMSG-10545]
Action.c(78): Notify: Transaction "1_WelcomePage" ended with a "Pass" status (Duration: 5,1175 Think Time: 5,0059 Wasted Time: 0,0003).	[MsgId: MMSG-16870]
Action.c(80): web_reg_find started  	[MsgId: MMSG-26355]
Action.c(80): Registering web_reg_find was successful  	[MsgId: MMSG-26390]
Action.c(84): Notify: Transaction "2_Login" started.	[MsgId: MMSG-16999]
Action.c(86): web_add_header("Origin") started  	[MsgId: MMSG-26355]
Action.c(86): web_add_header("Origin") was successful  	[MsgId: MMSG-26392]
Action.c(89): web_add_auto_header("Sec-Fetch-User") started  	[MsgId: MMSG-26355]
Action.c(89): web_add_auto_header("Sec-Fetch-User") was successful  	[MsgId: MMSG-26392]
Action.c(92): lr_think_time: 5,00 seconds.	[MsgId: MMSG-15948]
Action.c(94): web_submit_data("login.pl") started  	[MsgId: MMSG-26355]
Action.c(94): Error -26366: "Text=User password was correct" not found for web_reg_find  	[MsgId: MERR-26366]
End auto log messages stack.	[MsgId: MMSG-10544]


Start auto log messages stack - Iteration 6.	[MsgId: MMSG-10545]
Action.c(78): Notify: Transaction "1_WelcomePage" ended with a "Pass" status (Duration: 5,1530 Think Time: 5,0101 Wasted Time: 0,0002).	[MsgId: MMSG-16870]
Action.c(80): web_reg_find started  	[MsgId: MMSG-26355]
Action.c(80): Registering web_reg_find was successful  	[MsgId: MMSG-26390]
Action.c(84): Notify: Transaction "2_Login" started.	[MsgId: MMSG-16999]
Action.c(86): web_add_header("Origin") started  	[MsgId: MMSG-26355]
Action.c(86): web_add_header("Origin") was successful  	[MsgId: MMSG-26392]
Action.c(89): web_add_auto_header("Sec-Fetch-User") started  	[MsgId: MMSG-26355]
Action.c(89): web_add_auto_header("Sec-Fetch-User") was successful  	[MsgId: MMSG-26392]
Action.c(92): lr_think_time: 5,00 seconds.	[MsgId: MMSG-15948]
Action.c(94): web_submit_data("login.pl") started  	[MsgId: MMSG-26355]
Action.c(94): Error -26366: "Text=User password was correct" not found for web_reg_find  	[MsgId: MERR-26366]
End auto log messages stack.	[MsgId: MMSG-10544]


Start auto log messages stack - Iteration 2.	[MsgId: MMSG-10545]
Action.c(78): Notify: Transaction "1_WelcomePage" ended with a "Pass" status (Duration: 5,1156 Think Time: 5,0030 Wasted Time: 0,0003).	[MsgId: MMSG-16870]
Action.c(80): web_reg_find started  	[MsgId: MMSG-26355]
Action.c(80): Registering web_reg_find was successful  	[MsgId: MMSG-26390]
Action.c(84): Notify: Transaction "2_Login" started.	[MsgId: MMSG-16999]
Action.c(86): web_add_header("Origin") started  	[MsgId: MMSG-26355]
Action.c(86): web_add_header("Origin") was successful  	[MsgId: MMSG-26392]
Action.c(89): web_add_auto_header("Sec-Fetch-User") started  	[MsgId: MMSG-26355]
Action.c(89): web_add_auto_header("Sec-Fetch-User") was successful  	[MsgId: MMSG-26392]
Action.c(92): lr_think_time: 5,00 seconds.	[MsgId: MMSG-15948]
Action.c(94): web_submit_data("login.pl") started  	[MsgId: MMSG-26355]
Action.c(94): Error -26366: "Text=User password was correct" not found for web_reg_find  	[MsgId: MERR-26366]
End auto log messages stack.	[MsgId: MMSG-10544]


