Start auto log messages stack - Iteration 6.	[MsgId: MMSG-10545]
Action.c(437): web_reg_find started  	[MsgId: MMSG-26355]
Action.c(437): Registering web_reg_find was successful  	[MsgId: MMSG-26390]
Action.c(441): web_url("home.html_2") started  	[MsgId: MMSG-26355]
Action.c(441): Retrieving data from cache for "http://localhost:1080/WebTours/home.html"  	[MsgId: MMSG-26558]
Action.c(441): Registered web_reg_find successful for "Text=Welcome to the Web Tours site." (count=1)  	[MsgId: MMSG-26364]
Action.c(441): web_url("home.html_2") was successful, 0 body bytes, 0 header bytes  	[MsgId: MMSG-26386]
Action.c(449): web_url("nav.pl_3") started  	[MsgId: MMSG-26355]
Action.c(449): Error -26612: HTTP Status-Code=500 (Internal Server Error) for "http://localhost:1080/cgi-bin/nav.pl?in=home"  	[MsgId: MERR-26612]
End auto log messages stack.	[MsgId: MMSG-10544]


Start auto log messages stack - Iteration 14.	[MsgId: MMSG-10545]
Action.c(417): web_add_auto_header("Sec-Fetch-Mode") started  	[MsgId: MMSG-26355]
Action.c(417): web_add_auto_header("Sec-Fetch-Mode") was successful  	[MsgId: MMSG-26392]
Action.c(420): web_add_header("Sec-Fetch-User") started  	[MsgId: MMSG-26355]
Action.c(420): web_add_header("Sec-Fetch-User") was successful  	[MsgId: MMSG-26392]
Action.c(423): web_add_auto_header("Upgrade-Insecure-Requests") started  	[MsgId: MMSG-26355]
Action.c(423): web_add_auto_header("Upgrade-Insecure-Requests") was successful  	[MsgId: MMSG-26392]
Action.c(426): lr_think_time: 5,00 seconds.	[MsgId: MMSG-15948]
Action.c(428): web_url("SignOff Button") started  	[MsgId: MMSG-26355]
Action.c(428): Error -26612: HTTP Status-Code=500 (Internal Server Error) for "http://localhost:1080/cgi-bin/welcome.pl?signOff=1"  	[MsgId: MERR-26612]
End auto log messages stack.	[MsgId: MMSG-10544]


Start auto log messages stack - Iteration 62.	[MsgId: MMSG-10545]
Action.c(249): web_reg_find started  	[MsgId: MMSG-26355]
Action.c(249): Registering web_reg_find was successful  	[MsgId: MMSG-26390]
Action.c(253): web_submit_data("reservations.pl_2") started  	[MsgId: MMSG-26355]
Action.c(253): Registered web_reg_find successful for "Text=Flight departing from" (count=1)  	[MsgId: MMSG-26364]
Action.c(253): web_submit_data("reservations.pl_2") was successful, 2439 body bytes, 256 header bytes, 12 chunking overhead bytes  	[MsgId: MMSG-26385]
Action.c(278): Notify: Transaction "4_Send_Flight_data" ended with a "Pass" status (Duration: 5,0801 Think Time: 5,0063 Wasted Time: 0,0001).	[MsgId: MMSG-16870]
Action.c(280): lr_think_time: 5,00 seconds.	[MsgId: MMSG-15948]
Action.c(282): Notify: Transaction "5_ChooseFlight" started.	[MsgId: MMSG-16999]
Action.c(284): web_submit_data("reservations.pl_3") started  	[MsgId: MMSG-26355]
Action.c(284): Error -26612: HTTP Status-Code=500 (Internal Server Error) for "http://localhost:1080/cgi-bin/reservations.pl"  	[MsgId: MERR-26612]
End auto log messages stack.	[MsgId: MMSG-10544]


