Virtual User Script started at: 30.10.2023 20:18:19
Starting action vuser_init.
Web Turbo Replay of LoadRunner 2021.0.0 for Windows 10; build 430 (џэт 05 2021 19:27:22)  	[MsgId: MMSG-26983]
Run mode: HTML  	[MsgId: MMSG-26993]
Replay user agent: Mozilla/5.0 (Windows NT 10.0; Win64; x64; rv:109.0) Gecko/20100101 Firefox/119.0  	[MsgId: MMSG-26988]
Runtime Settings file: "C:\Users\Pc\Desktop\XSET\LR\Scripts\UC05_Delete_ticket\\default.cfg"  	[MsgId: MMSG-27141]
Ending action vuser_init.
Running Vuser...
Starting iteration 1.
Maximum number of concurrent connections per server: 6  	[MsgId: MMSG-26989]
Starting action Action.
Action.c(8): Notify: Transaction "1_WelcomePage" started.
Action.c(10): web_add_header("Sec-Fetch-Dest") started  	[MsgId: MMSG-26355]
Action.c(10): web_add_header("Sec-Fetch-Dest") was successful  	[MsgId: MMSG-26392]
Action.c(13): web_add_header("Sec-Fetch-Site") started  	[MsgId: MMSG-26355]
Action.c(13): web_add_header("Sec-Fetch-Site") was successful  	[MsgId: MMSG-26392]
Action.c(18): web_url("webtours_2") started  	[MsgId: MMSG-26355]
Action.c(18): web_url("webtours_2") was successful, 366 body bytes, 298 header bytes  	[MsgId: MMSG-26386]
Action.c(26): web_remove_auto_header("Sec-Fetch-User") started  	[MsgId: MMSG-26355]
Action.c(26): Warning -26590: web_remove/revert_auto_header for "Sec-Fetch-User" had no effect  	[MsgId: MWAR-26590]
Action.c(26): web_remove/revert_auto_header("Sec-Fetch-User") highest severity level was "warning"  	[MsgId: MMSG-26391]
Action.c(28): web_add_auto_header("Sec-Fetch-Dest") started  	[MsgId: MMSG-26355]
Action.c(28): web_add_auto_header("Sec-Fetch-Dest") was successful  	[MsgId: MMSG-26392]
Action.c(31): web_add_auto_header("Sec-Fetch-Site") started  	[MsgId: MMSG-26355]
Action.c(31): web_add_auto_header("Sec-Fetch-Site") was successful  	[MsgId: MMSG-26392]
Action.c(34): web_url("header.html_2") started  	[MsgId: MMSG-26355]
Action.c(34): web_url("header.html_2") was successful, 710 body bytes, 297 header bytes  	[MsgId: MMSG-26386]
Action.c(42): web_url("welcome.pl_2") started  	[MsgId: MMSG-26355]
Action.c(42): web_url("welcome.pl_2") was successful, 686 body bytes, 327 header bytes, 12 chunking overhead bytes  	[MsgId: MMSG-26385]
Action.c(51): web_concurrent_start started  	[MsgId: MMSG-26355]
Action.c(51): web_concurrent_start was successful  	[MsgId: MMSG-26392]
Action.c(53): web_url("home.html_2") started  	[MsgId: MMSG-26355]
Action.c(53): Registering web_url("home.html_2") was successful  	[MsgId: MMSG-26390]
Action.c(62): web_reg_save_param_attrib started  	[MsgId: MMSG-26355]
Action.c(62): Registering web_reg_save_param_attrib was successful  	[MsgId: MMSG-26390]
Action.c(72): web_url("nav.pl_2") started  	[MsgId: MMSG-26355]
Action.c(72): Registering web_url("nav.pl_2") was successful  	[MsgId: MMSG-26390]
Action.c(81): web_concurrent_end started  	[MsgId: MMSG-26355]
Action.c(81): web_concurrent_end was successful, 2851 body bytes, 554 header bytes, 12 chunking overhead bytes  	[MsgId: MMSG-26385]
Action.c(83): Notify: Transaction "1_WelcomePage" ended with a "Pass" status (Duration: 0.6506 Wasted Time: 0.2268).
Action.c(85): web_reg_find started  	[MsgId: MMSG-26355]
Action.c(85): Registering web_reg_find was successful  	[MsgId: MMSG-26390]
Action.c(89): Notify: Transaction "2_Login" started.
Action.c(91): web_add_header("Origin") started  	[MsgId: MMSG-26355]
Action.c(91): web_add_header("Origin") was successful  	[MsgId: MMSG-26392]
Action.c(94): web_add_auto_header("Sec-Fetch-User") started  	[MsgId: MMSG-26355]
Action.c(94): web_add_auto_header("Sec-Fetch-User") was successful  	[MsgId: MMSG-26392]
Action.c(99): web_submit_data("login.pl") started  	[MsgId: MMSG-26355]
Action.c(99): Registered web_reg_find successful for "Text=User password was correct" (count=1)  	[MsgId: MMSG-26364]
Action.c(99): web_submit_data("login.pl") was successful, 481 body bytes, 379 header bytes, 12 chunking overhead bytes  	[MsgId: MMSG-26385]
Action.c(115): web_concurrent_start started  	[MsgId: MMSG-26355]
Action.c(115): web_concurrent_start was successful  	[MsgId: MMSG-26392]
Action.c(117): web_url("login.pl_2") started  	[MsgId: MMSG-26355]
Action.c(117): Registering web_url("login.pl_2") was successful  	[MsgId: MMSG-26390]
Action.c(126): web_url("nav.pl_3") started  	[MsgId: MMSG-26355]
Action.c(126): Registering web_url("nav.pl_3") was successful  	[MsgId: MMSG-26390]
Action.c(135): web_concurrent_end started  	[MsgId: MMSG-26355]
Action.c(135): web_concurrent_end was successful, 2401 body bytes, 483 header bytes, 24 chunking overhead bytes  	[MsgId: MMSG-26385]
Action.c(137): web_concurrent_start started  	[MsgId: MMSG-26355]
Action.c(137): web_concurrent_start was successful  	[MsgId: MMSG-26392]
Action.c(139): web_url("itinerary.gif") started  	[MsgId: MMSG-26355]
Action.c(139): Registering web_url("itinerary.gif") was successful  	[MsgId: MMSG-26390]
Action.c(147): web_url("flights.gif") started  	[MsgId: MMSG-26355]
Action.c(147): Registering web_url("flights.gif") was successful  	[MsgId: MMSG-26390]
Action.c(155): web_url("in_home.gif") started  	[MsgId: MMSG-26355]
Action.c(155): Registering web_url("in_home.gif") was successful  	[MsgId: MMSG-26390]
Action.c(163): web_url("signoff.gif") started  	[MsgId: MMSG-26355]
Action.c(163): Registering web_url("signoff.gif") was successful  	[MsgId: MMSG-26390]
Action.c(171): web_concurrent_end started  	[MsgId: MMSG-26355]
Action.c(171): web_concurrent_end was successful, 2898 body bytes, 1190 header bytes  	[MsgId: MMSG-26386]
Action.c(173): Notify: Transaction "2_Login" ended with a "Pass" status (Duration: 0.6331 Wasted Time: 0.0237).
Action.c(177): Notify: Transaction "3_FlightPage" started.
Action.c(179): web_url("Search Flights Button") started  	[MsgId: MMSG-26355]
Action.c(179): web_url("Search Flights Button") was successful, 616 body bytes, 215 header bytes, 12 chunking overhead bytes  	[MsgId: MMSG-26385]
Action.c(188): web_concurrent_start started  	[MsgId: MMSG-26355]
Action.c(188): web_concurrent_start was successful  	[MsgId: MMSG-26392]
Action.c(190): web_url("nav.pl_4") started  	[MsgId: MMSG-26355]
Action.c(190): Registering web_url("nav.pl_4") was successful  	[MsgId: MMSG-26390]
Action.c(199): web_url("reservations.pl") started  	[MsgId: MMSG-26355]
Action.c(199): Registering web_url("reservations.pl") was successful  	[MsgId: MMSG-26390]
Action.c(208): web_concurrent_end started  	[MsgId: MMSG-26355]
Action.c(208): web_concurrent_end was successful, 5728 body bytes, 510 header bytes, 31 chunking overhead bytes  	[MsgId: MMSG-26385]
Action.c(210): web_concurrent_start started  	[MsgId: MMSG-26355]
Action.c(210): web_concurrent_start was successful  	[MsgId: MMSG-26392]
Action.c(212): web_url("home.gif") started  	[MsgId: MMSG-26355]
Action.c(212): Registering web_url("home.gif") was successful  	[MsgId: MMSG-26390]
Action.c(220): web_url("in_flights.gif") started  	[MsgId: MMSG-26355]
Action.c(220): Registering web_url("in_flights.gif") was successful  	[MsgId: MMSG-26390]
Action.c(228): web_concurrent_end started  	[MsgId: MMSG-26355]
Action.c(228): web_concurrent_end was successful, 1414 body bytes, 594 header bytes  	[MsgId: MMSG-26386]
Action.c(230): web_url("button_next.gif") started  	[MsgId: MMSG-26355]
Action.c(230): web_url("button_next.gif") was successful, 758 body bytes, 297 header bytes  	[MsgId: MMSG-26386]
Action.c(238): Notify: Transaction "3_FlightPage" ended with a "Pass" status (Duration: 0.5372 Wasted Time: 0.0296).
Action.c(240): Notify: Transaction "4_Itinerary" started.
Action.c(242): web_add_auto_header("Sec-Fetch-Dest") started  	[MsgId: MMSG-26355]
Action.c(242): web_add_auto_header("Sec-Fetch-Dest") was successful  	[MsgId: MMSG-26392]
Action.c(245): web_add_auto_header("Sec-Fetch-Mode") started  	[MsgId: MMSG-26355]
Action.c(245): web_add_auto_header("Sec-Fetch-Mode") was successful  	[MsgId: MMSG-26392]
Action.c(248): web_add_header("Sec-Fetch-User") started  	[MsgId: MMSG-26355]
Action.c(248): web_add_header("Sec-Fetch-User") was successful  	[MsgId: MMSG-26392]
Action.c(251): web_add_auto_header("Upgrade-Insecure-Requests") started  	[MsgId: MMSG-26355]
Action.c(251): web_add_auto_header("Upgrade-Insecure-Requests") was successful  	[MsgId: MMSG-26392]
Action.c(254): web_url("Itinerary Button_2") started  	[MsgId: MMSG-26355]
Action.c(254): web_url("Itinerary Button_2") was successful, 591 body bytes, 215 header bytes, 12 chunking overhead bytes  	[MsgId: MMSG-26385]
Action.c(263): web_url("nav.pl_4") started  	[MsgId: MMSG-26355]
Action.c(263): web_url("nav.pl_4") was successful, 1482 body bytes, 255 header bytes, 12 chunking overhead bytes  	[MsgId: MMSG-26385]
Action.c(272): web_reg_save_param started  	[MsgId: MMSG-26355]
Action.c(272): Registering web_reg_save_param was successful  	[MsgId: MMSG-26390]
Action.c(278): web_url("itinerary.pl_2") started  	[MsgId: MMSG-26355]
Action.c(278): web_url("itinerary.pl_2") was successful, 6103 body bytes, 255 header bytes, 19 chunking overhead bytes  	[MsgId: MMSG-26385]
Action.c(287): Notify: Transaction "4_Itinerary" ended with a "Pass" status (Duration: 0,5706 Wasted Time: 0,0217).
Action.c(289): Notify: Transaction "5_delete_ticket" started.
Action.c(291): web_add_header("Origin") started  	[MsgId: MMSG-26355]
Action.c(291): web_add_header("Origin") was successful  	[MsgId: MMSG-26392]
Action.c(294): web_add_auto_header("Sec-Fetch-Dest") started  	[MsgId: MMSG-26355]
Action.c(294): web_add_auto_header("Sec-Fetch-Dest") was successful  	[MsgId: MMSG-26392]
Action.c(297): web_add_auto_header("Sec-Fetch-Mode") started  	[MsgId: MMSG-26355]
Action.c(297): web_add_auto_header("Sec-Fetch-Mode") was successful  	[MsgId: MMSG-26392]
Action.c(300): web_add_header("Sec-Fetch-User") started  	[MsgId: MMSG-26355]
Action.c(300): web_add_header("Sec-Fetch-User") was successful  	[MsgId: MMSG-26392]
Action.c(303): web_add_header("Upgrade-Insecure-Requests") started  	[MsgId: MMSG-26355]
Action.c(303): web_add_header("Upgrade-Insecure-Requests") was successful  	[MsgId: MMSG-26392]
FlightID is = 120196682-3109-BP
Action.c(325): web_reg_find started  	[MsgId: MMSG-26355]
Action.c(325): Registering web_reg_find was successful  	[MsgId: MMSG-26390]
Action.c(329): web_custom_request("itinerary.pl_2") started  	[MsgId: MMSG-26355]
Action.c(329): Registered web_reg_find successful for "Text=because of a database synchronization error"  	[MsgId: MMSG-26362]
Action.c(329): web_custom_request("itinerary.pl_2") was successful, 4952 body bytes, 255 header bytes, 19 chunking overhead bytes  	[MsgId: MMSG-26385]
Action.c(340): Notify: Transaction "5_delete_ticket" ended with a "Pass" status (Duration: 0,9167 Wasted Time: 0,0075).
Action.c(342): Notify: Transaction "6_Sign_off" started.
Action.c(344): web_add_auto_header("Sec-Fetch-Dest") started  	[MsgId: MMSG-26355]
Action.c(344): web_add_auto_header("Sec-Fetch-Dest") was successful  	[MsgId: MMSG-26392]
Action.c(347): web_add_auto_header("Sec-Fetch-Mode") started  	[MsgId: MMSG-26355]
Action.c(347): web_add_auto_header("Sec-Fetch-Mode") was successful  	[MsgId: MMSG-26392]
Action.c(350): web_add_header("Sec-Fetch-User") started  	[MsgId: MMSG-26355]
Action.c(350): web_add_header("Sec-Fetch-User") was successful  	[MsgId: MMSG-26392]
Action.c(353): web_add_auto_header("Upgrade-Insecure-Requests") started  	[MsgId: MMSG-26355]
Action.c(353): web_add_auto_header("Upgrade-Insecure-Requests") was successful  	[MsgId: MMSG-26392]
Action.c(358): web_url("SignOff Button") started  	[MsgId: MMSG-26355]
Action.c(358): web_url("SignOff Button") was successful, 686 body bytes, 327 header bytes, 12 chunking overhead bytes  	[MsgId: MMSG-26385]
Action.c(367): web_reg_find started  	[MsgId: MMSG-26355]
Action.c(367): Registering web_reg_find was successful  	[MsgId: MMSG-26390]
Action.c(371): web_url("home.html_2") started  	[MsgId: MMSG-26355]
Action.c(371): Retrieving data from cache for "http://localhost:1080/WebTours/home.html"  	[MsgId: MMSG-26558]
Action.c(371): Registered web_reg_find successful for "Text=Welcome to the Web Tours site." (count=1)  	[MsgId: MMSG-26364]
Action.c(371): web_url("home.html_2") was successful, 0 body bytes, 0 header bytes  	[MsgId: MMSG-26386]
Action.c(379): web_url("nav.pl_3") started  	[MsgId: MMSG-26355]
Action.c(379): web_url("nav.pl_3") was successful, 1489 body bytes, 255 header bytes, 12 chunking overhead bytes  	[MsgId: MMSG-26385]
Action.c(388): Notify: Transaction "6_Sign_off" ended with a "Pass" status (Duration: 0.3618 Wasted Time: 0.0212).
Ending action Action.
Ending iteration 1.
Ending Vuser...
Starting action vuser_end.
Ending action vuser_end.
Vuser Terminated.
