Start auto log messages stack - Iteration 1.	[MsgId: MMSG-10545]
Action.c(300): web_add_header("Sec-Fetch-User") started  	[MsgId: MMSG-26355]
Action.c(300): web_add_header("Sec-Fetch-User") was successful  	[MsgId: MMSG-26392]
Action.c(303): web_add_header("Upgrade-Insecure-Requests") started  	[MsgId: MMSG-26355]
Action.c(303): web_add_header("Upgrade-Insecure-Requests") was successful  	[MsgId: MMSG-26392]
Action.c(306): lr_think_time: 5,00 seconds.	[MsgId: MMSG-15948]
FlightID is = 120196682-3109-BP	[MsgId: MMSG-17999]
Action.c(325): web_reg_find started  	[MsgId: MMSG-26355]
Action.c(325): Registering web_reg_find was successful  	[MsgId: MMSG-26390]
Action.c(329): web_custom_request("itinerary.pl_2") started  	[MsgId: MMSG-26355]
Action.c(329): Error -26368: "Text=because of a database synchronization error" found for web_reg_find (count=1)  	[MsgId: MERR-26368]
End auto log messages stack.	[MsgId: MMSG-10544]


Start auto log messages stack - Iteration 11.	[MsgId: MMSG-10545]
Action.c(83): Notify: Transaction "UC05_WelcomePage" ended with a "Pass" status (Duration: 5,1083 Think Time: 5,0123 Wasted Time: 0,0002).	[MsgId: MMSG-16870]
Action.c(85): web_reg_find started  	[MsgId: MMSG-26355]
Action.c(85): Registering web_reg_find was successful  	[MsgId: MMSG-26390]
Action.c(89): Notify: Transaction "UC05_Login" started.	[MsgId: MMSG-16999]
Action.c(91): web_add_header("Origin") started  	[MsgId: MMSG-26355]
Action.c(91): web_add_header("Origin") was successful  	[MsgId: MMSG-26392]
Action.c(94): web_add_auto_header("Sec-Fetch-User") started  	[MsgId: MMSG-26355]
Action.c(94): web_add_auto_header("Sec-Fetch-User") was successful  	[MsgId: MMSG-26392]
Action.c(97): lr_think_time: 5,00 seconds.	[MsgId: MMSG-15948]
Action.c(99): web_submit_data("login.pl") started  	[MsgId: MMSG-26355]
Action.c(99): Error -26366: "Text=User password was correct" not found for web_reg_find  	[MsgId: MERR-26366]
End auto log messages stack.	[MsgId: MMSG-10544]


Start auto log messages stack - Iteration 12.	[MsgId: MMSG-10545]
Action.c(83): Notify: Transaction "UC05_WelcomePage" ended with a "Pass" status (Duration: 5,1573 Think Time: 5,0129 Wasted Time: 0,0003).	[MsgId: MMSG-16870]
Action.c(85): web_reg_find started  	[MsgId: MMSG-26355]
Action.c(85): Registering web_reg_find was successful  	[MsgId: MMSG-26390]
Action.c(89): Notify: Transaction "UC05_Login" started.	[MsgId: MMSG-16999]
Action.c(91): web_add_header("Origin") started  	[MsgId: MMSG-26355]
Action.c(91): web_add_header("Origin") was successful  	[MsgId: MMSG-26392]
Action.c(94): web_add_auto_header("Sec-Fetch-User") started  	[MsgId: MMSG-26355]
Action.c(94): web_add_auto_header("Sec-Fetch-User") was successful  	[MsgId: MMSG-26392]
Action.c(97): lr_think_time: 5,00 seconds.	[MsgId: MMSG-15948]
Action.c(99): web_submit_data("login.pl") started  	[MsgId: MMSG-26355]
Action.c(99): Error -26366: "Text=User password was correct" not found for web_reg_find  	[MsgId: MERR-26366]
End auto log messages stack.	[MsgId: MMSG-10544]


Start auto log messages stack - Iteration 7.	[MsgId: MMSG-10545]
Action.c(300): web_add_header("Sec-Fetch-User") started  	[MsgId: MMSG-26355]
Action.c(300): web_add_header("Sec-Fetch-User") was successful  	[MsgId: MMSG-26392]
Action.c(303): web_add_header("Upgrade-Insecure-Requests") started  	[MsgId: MMSG-26355]
Action.c(303): web_add_header("Upgrade-Insecure-Requests") was successful  	[MsgId: MMSG-26392]
Action.c(306): lr_think_time: 5,00 seconds.	[MsgId: MMSG-15948]
FlightID is = 89306326-3139-SJ	[MsgId: MMSG-17999]
Action.c(325): web_reg_find started  	[MsgId: MMSG-26355]
Action.c(325): Registering web_reg_find was successful  	[MsgId: MMSG-26390]
Action.c(329): web_custom_request("itinerary.pl_2") started  	[MsgId: MMSG-26355]
Action.c(329): Error -26368: "Text=because of a database synchronization error" found for web_reg_find (count=1)  	[MsgId: MERR-26368]
End auto log messages stack.	[MsgId: MMSG-10544]


Start auto log messages stack - Iteration 13.	[MsgId: MMSG-10545]
Action.c(83): Notify: Transaction "UC05_WelcomePage" ended with a "Pass" status (Duration: 5,1226 Think Time: 5,0112 Wasted Time: 0,0002).	[MsgId: MMSG-16870]
Action.c(85): web_reg_find started  	[MsgId: MMSG-26355]
Action.c(85): Registering web_reg_find was successful  	[MsgId: MMSG-26390]
Action.c(89): Notify: Transaction "UC05_Login" started.	[MsgId: MMSG-16999]
Action.c(91): web_add_header("Origin") started  	[MsgId: MMSG-26355]
Action.c(91): web_add_header("Origin") was successful  	[MsgId: MMSG-26392]
Action.c(94): web_add_auto_header("Sec-Fetch-User") started  	[MsgId: MMSG-26355]
Action.c(94): web_add_auto_header("Sec-Fetch-User") was successful  	[MsgId: MMSG-26392]
Action.c(97): lr_think_time: 5,00 seconds.	[MsgId: MMSG-15948]
Action.c(99): web_submit_data("login.pl") started  	[MsgId: MMSG-26355]
Action.c(99): Error -26366: "Text=User password was correct" not found for web_reg_find  	[MsgId: MERR-26366]
End auto log messages stack.	[MsgId: MMSG-10544]


Start auto log messages stack - Iteration 14.	[MsgId: MMSG-10545]
Action.c(83): Notify: Transaction "UC05_WelcomePage" ended with a "Pass" status (Duration: 5,1613 Think Time: 5,0027 Wasted Time: 0,0003).	[MsgId: MMSG-16870]
Action.c(85): web_reg_find started  	[MsgId: MMSG-26355]
Action.c(85): Registering web_reg_find was successful  	[MsgId: MMSG-26390]
Action.c(89): Notify: Transaction "UC05_Login" started.	[MsgId: MMSG-16999]
Action.c(91): web_add_header("Origin") started  	[MsgId: MMSG-26355]
Action.c(91): web_add_header("Origin") was successful  	[MsgId: MMSG-26392]
Action.c(94): web_add_auto_header("Sec-Fetch-User") started  	[MsgId: MMSG-26355]
Action.c(94): web_add_auto_header("Sec-Fetch-User") was successful  	[MsgId: MMSG-26392]
Action.c(97): lr_think_time: 5,00 seconds.	[MsgId: MMSG-15948]
Action.c(99): web_submit_data("login.pl") started  	[MsgId: MMSG-26355]
Action.c(99): Error -26366: "Text=User password was correct" not found for web_reg_find  	[MsgId: MERR-26366]
End auto log messages stack.	[MsgId: MMSG-10544]


Start auto log messages stack - Iteration 15.	[MsgId: MMSG-10545]
Action.c(83): Notify: Transaction "UC05_WelcomePage" ended with a "Pass" status (Duration: 5,1285 Think Time: 5,0127 Wasted Time: 0,0003).	[MsgId: MMSG-16870]
Action.c(85): web_reg_find started  	[MsgId: MMSG-26355]
Action.c(85): Registering web_reg_find was successful  	[MsgId: MMSG-26390]
Action.c(89): Notify: Transaction "UC05_Login" started.	[MsgId: MMSG-16999]
Action.c(91): web_add_header("Origin") started  	[MsgId: MMSG-26355]
Action.c(91): web_add_header("Origin") was successful  	[MsgId: MMSG-26392]
Action.c(94): web_add_auto_header("Sec-Fetch-User") started  	[MsgId: MMSG-26355]
Action.c(94): web_add_auto_header("Sec-Fetch-User") was successful  	[MsgId: MMSG-26392]
Action.c(97): lr_think_time: 5,00 seconds.	[MsgId: MMSG-15948]
Action.c(99): web_submit_data("login.pl") started  	[MsgId: MMSG-26355]
Action.c(99): Error -26366: "Text=User password was correct" not found for web_reg_find  	[MsgId: MERR-26366]
End auto log messages stack.	[MsgId: MMSG-10544]


Start auto log messages stack - Iteration 16.	[MsgId: MMSG-10545]
Action.c(83): Notify: Transaction "UC05_WelcomePage" ended with a "Pass" status (Duration: 5,1500 Think Time: 5,0097 Wasted Time: 0,0003).	[MsgId: MMSG-16870]
Action.c(85): web_reg_find started  	[MsgId: MMSG-26355]
Action.c(85): Registering web_reg_find was successful  	[MsgId: MMSG-26390]
Action.c(89): Notify: Transaction "UC05_Login" started.	[MsgId: MMSG-16999]
Action.c(91): web_add_header("Origin") started  	[MsgId: MMSG-26355]
Action.c(91): web_add_header("Origin") was successful  	[MsgId: MMSG-26392]
Action.c(94): web_add_auto_header("Sec-Fetch-User") started  	[MsgId: MMSG-26355]
Action.c(94): web_add_auto_header("Sec-Fetch-User") was successful  	[MsgId: MMSG-26392]
Action.c(97): lr_think_time: 5,00 seconds.	[MsgId: MMSG-15948]
Action.c(99): web_submit_data("login.pl") started  	[MsgId: MMSG-26355]
Action.c(99): Error -26366: "Text=User password was correct" not found for web_reg_find  	[MsgId: MERR-26366]
End auto log messages stack.	[MsgId: MMSG-10544]


Start auto log messages stack - Iteration 17.	[MsgId: MMSG-10545]
Action.c(83): Notify: Transaction "UC05_WelcomePage" ended with a "Pass" status (Duration: 5,3040 Think Time: 5,0064 Wasted Time: 0,0003).	[MsgId: MMSG-16870]
Action.c(85): web_reg_find started  	[MsgId: MMSG-26355]
Action.c(85): Registering web_reg_find was successful  	[MsgId: MMSG-26390]
Action.c(89): Notify: Transaction "UC05_Login" started.	[MsgId: MMSG-16999]
Action.c(91): web_add_header("Origin") started  	[MsgId: MMSG-26355]
Action.c(91): web_add_header("Origin") was successful  	[MsgId: MMSG-26392]
Action.c(94): web_add_auto_header("Sec-Fetch-User") started  	[MsgId: MMSG-26355]
Action.c(94): web_add_auto_header("Sec-Fetch-User") was successful  	[MsgId: MMSG-26392]
Action.c(97): lr_think_time: 5,00 seconds.	[MsgId: MMSG-15948]
Action.c(99): web_submit_data("login.pl") started  	[MsgId: MMSG-26355]
Action.c(99): Error -26366: "Text=User password was correct" not found for web_reg_find  	[MsgId: MERR-26366]
End auto log messages stack.	[MsgId: MMSG-10544]


Start auto log messages stack - Iteration 9.	[MsgId: MMSG-10545]
Action.c(300): web_add_header("Sec-Fetch-User") started  	[MsgId: MMSG-26355]
Action.c(300): web_add_header("Sec-Fetch-User") was successful  	[MsgId: MMSG-26392]
Action.c(303): web_add_header("Upgrade-Insecure-Requests") started  	[MsgId: MMSG-26355]
Action.c(303): web_add_header("Upgrade-Insecure-Requests") was successful  	[MsgId: MMSG-26392]
Action.c(306): lr_think_time: 5,00 seconds.	[MsgId: MMSG-15948]
FlightID is = 126870009-5405-DM	[MsgId: MMSG-17999]
Action.c(325): web_reg_find started  	[MsgId: MMSG-26355]
Action.c(325): Registering web_reg_find was successful  	[MsgId: MMSG-26390]
Action.c(329): web_custom_request("itinerary.pl_2") started  	[MsgId: MMSG-26355]
Action.c(329): Error -26368: "Text=because of a database synchronization error" found for web_reg_find (count=1)  	[MsgId: MERR-26368]
End auto log messages stack.	[MsgId: MMSG-10544]


Start auto log messages stack - Iteration 18.	[MsgId: MMSG-10545]
Action.c(83): Notify: Transaction "UC05_WelcomePage" ended with a "Pass" status (Duration: 5,1249 Think Time: 5,0109 Wasted Time: 0,0003).	[MsgId: MMSG-16870]
Action.c(85): web_reg_find started  	[MsgId: MMSG-26355]
Action.c(85): Registering web_reg_find was successful  	[MsgId: MMSG-26390]
Action.c(89): Notify: Transaction "UC05_Login" started.	[MsgId: MMSG-16999]
Action.c(91): web_add_header("Origin") started  	[MsgId: MMSG-26355]
Action.c(91): web_add_header("Origin") was successful  	[MsgId: MMSG-26392]
Action.c(94): web_add_auto_header("Sec-Fetch-User") started  	[MsgId: MMSG-26355]
Action.c(94): web_add_auto_header("Sec-Fetch-User") was successful  	[MsgId: MMSG-26392]
Action.c(97): lr_think_time: 5,00 seconds.	[MsgId: MMSG-15948]
Action.c(99): web_submit_data("login.pl") started  	[MsgId: MMSG-26355]
Action.c(99): Error -26366: "Text=User password was correct" not found for web_reg_find  	[MsgId: MERR-26366]
End auto log messages stack.	[MsgId: MMSG-10544]


Start auto log messages stack - Iteration 19.	[MsgId: MMSG-10545]
Action.c(83): Notify: Transaction "UC05_WelcomePage" ended with a "Pass" status (Duration: 5,1577 Think Time: 5,0153 Wasted Time: 0,0003).	[MsgId: MMSG-16870]
Action.c(85): web_reg_find started  	[MsgId: MMSG-26355]
Action.c(85): Registering web_reg_find was successful  	[MsgId: MMSG-26390]
Action.c(89): Notify: Transaction "UC05_Login" started.	[MsgId: MMSG-16999]
Action.c(91): web_add_header("Origin") started  	[MsgId: MMSG-26355]
Action.c(91): web_add_header("Origin") was successful  	[MsgId: MMSG-26392]
Action.c(94): web_add_auto_header("Sec-Fetch-User") started  	[MsgId: MMSG-26355]
Action.c(94): web_add_auto_header("Sec-Fetch-User") was successful  	[MsgId: MMSG-26392]
Action.c(97): lr_think_time: 5,00 seconds.	[MsgId: MMSG-15948]
Action.c(99): web_submit_data("login.pl") started  	[MsgId: MMSG-26355]
Action.c(99): Error -26366: "Text=User password was correct" not found for web_reg_find  	[MsgId: MERR-26366]
End auto log messages stack.	[MsgId: MMSG-10544]


Start auto log messages stack - Iteration 20.	[MsgId: MMSG-10545]
Action.c(83): Notify: Transaction "UC05_WelcomePage" ended with a "Pass" status (Duration: 5,1729 Think Time: 5,0142 Wasted Time: 0,0003).	[MsgId: MMSG-16870]
Action.c(85): web_reg_find started  	[MsgId: MMSG-26355]
Action.c(85): Registering web_reg_find was successful  	[MsgId: MMSG-26390]
Action.c(89): Notify: Transaction "UC05_Login" started.	[MsgId: MMSG-16999]
Action.c(91): web_add_header("Origin") started  	[MsgId: MMSG-26355]
Action.c(91): web_add_header("Origin") was successful  	[MsgId: MMSG-26392]
Action.c(94): web_add_auto_header("Sec-Fetch-User") started  	[MsgId: MMSG-26355]
Action.c(94): web_add_auto_header("Sec-Fetch-User") was successful  	[MsgId: MMSG-26392]
Action.c(97): lr_think_time: 5,00 seconds.	[MsgId: MMSG-15948]
Action.c(99): web_submit_data("login.pl") started  	[MsgId: MMSG-26355]
Action.c(99): Error -26366: "Text=User password was correct" not found for web_reg_find  	[MsgId: MERR-26366]
End auto log messages stack.	[MsgId: MMSG-10544]


Start auto log messages stack - Iteration 11.	[MsgId: MMSG-10545]
Action.c(83): Notify: Transaction "UC05_WelcomePage" ended with a "Pass" status (Duration: 5,1670 Think Time: 5,0085 Wasted Time: 0,0003).	[MsgId: MMSG-16870]
Action.c(85): web_reg_find started  	[MsgId: MMSG-26355]
Action.c(85): Registering web_reg_find was successful  	[MsgId: MMSG-26390]
Action.c(89): Notify: Transaction "UC05_Login" started.	[MsgId: MMSG-16999]
Action.c(91): web_add_header("Origin") started  	[MsgId: MMSG-26355]
Action.c(91): web_add_header("Origin") was successful  	[MsgId: MMSG-26392]
Action.c(94): web_add_auto_header("Sec-Fetch-User") started  	[MsgId: MMSG-26355]
Action.c(94): web_add_auto_header("Sec-Fetch-User") was successful  	[MsgId: MMSG-26392]
Action.c(97): lr_think_time: 5,00 seconds.	[MsgId: MMSG-15948]
Action.c(99): web_submit_data("login.pl") started  	[MsgId: MMSG-26355]
Action.c(99): Error -26366: "Text=User password was correct" not found for web_reg_find  	[MsgId: MERR-26366]
End auto log messages stack.	[MsgId: MMSG-10544]


Start auto log messages stack - Iteration 21.	[MsgId: MMSG-10545]
Action.c(83): Notify: Transaction "UC05_WelcomePage" ended with a "Pass" status (Duration: 5,1551 Think Time: 5,0103 Wasted Time: 0,0002).	[MsgId: MMSG-16870]
Action.c(85): web_reg_find started  	[MsgId: MMSG-26355]
Action.c(85): Registering web_reg_find was successful  	[MsgId: MMSG-26390]
Action.c(89): Notify: Transaction "UC05_Login" started.	[MsgId: MMSG-16999]
Action.c(91): web_add_header("Origin") started  	[MsgId: MMSG-26355]
Action.c(91): web_add_header("Origin") was successful  	[MsgId: MMSG-26392]
Action.c(94): web_add_auto_header("Sec-Fetch-User") started  	[MsgId: MMSG-26355]
Action.c(94): web_add_auto_header("Sec-Fetch-User") was successful  	[MsgId: MMSG-26392]
Action.c(97): lr_think_time: 5,00 seconds.	[MsgId: MMSG-15948]
Action.c(99): web_submit_data("login.pl") started  	[MsgId: MMSG-26355]
Action.c(99): Error -26366: "Text=User password was correct" not found for web_reg_find  	[MsgId: MERR-26366]
End auto log messages stack.	[MsgId: MMSG-10544]


Start auto log messages stack - Iteration 12.	[MsgId: MMSG-10545]
Action.c(83): Notify: Transaction "UC05_WelcomePage" ended with a "Pass" status (Duration: 5,2025 Think Time: 5,0327 Wasted Time: 0,0003).	[MsgId: MMSG-16870]
Action.c(85): web_reg_find started  	[MsgId: MMSG-26355]
Action.c(85): Registering web_reg_find was successful  	[MsgId: MMSG-26390]
Action.c(89): Notify: Transaction "UC05_Login" started.	[MsgId: MMSG-16999]
Action.c(91): web_add_header("Origin") started  	[MsgId: MMSG-26355]
Action.c(91): web_add_header("Origin") was successful  	[MsgId: MMSG-26392]
Action.c(94): web_add_auto_header("Sec-Fetch-User") started  	[MsgId: MMSG-26355]
Action.c(94): web_add_auto_header("Sec-Fetch-User") was successful  	[MsgId: MMSG-26392]
Action.c(97): lr_think_time: 5,00 seconds.	[MsgId: MMSG-15948]
Action.c(99): web_submit_data("login.pl") started  	[MsgId: MMSG-26355]
Action.c(99): Error -26366: "Text=User password was correct" not found for web_reg_find  	[MsgId: MERR-26366]
End auto log messages stack.	[MsgId: MMSG-10544]


Start auto log messages stack - Iteration 22.	[MsgId: MMSG-10545]
Action.c(83): Notify: Transaction "UC05_WelcomePage" ended with a "Pass" status (Duration: 5,1688 Think Time: 5,0107 Wasted Time: 0,0003).	[MsgId: MMSG-16870]
Action.c(85): web_reg_find started  	[MsgId: MMSG-26355]
Action.c(85): Registering web_reg_find was successful  	[MsgId: MMSG-26390]
Action.c(89): Notify: Transaction "UC05_Login" started.	[MsgId: MMSG-16999]
Action.c(91): web_add_header("Origin") started  	[MsgId: MMSG-26355]
Action.c(91): web_add_header("Origin") was successful  	[MsgId: MMSG-26392]
Action.c(94): web_add_auto_header("Sec-Fetch-User") started  	[MsgId: MMSG-26355]
Action.c(94): web_add_auto_header("Sec-Fetch-User") was successful  	[MsgId: MMSG-26392]
Action.c(97): lr_think_time: 5,00 seconds.	[MsgId: MMSG-15948]
Action.c(99): web_submit_data("login.pl") started  	[MsgId: MMSG-26355]
Action.c(99): Error -26366: "Text=User password was correct" not found for web_reg_find  	[MsgId: MERR-26366]
End auto log messages stack.	[MsgId: MMSG-10544]


Start auto log messages stack - Iteration 13.	[MsgId: MMSG-10545]
Action.c(83): Notify: Transaction "UC05_WelcomePage" ended with a "Pass" status (Duration: 5,1788 Think Time: 5,0145 Wasted Time: 0,0003).	[MsgId: MMSG-16870]
Action.c(85): web_reg_find started  	[MsgId: MMSG-26355]
Action.c(85): Registering web_reg_find was successful  	[MsgId: MMSG-26390]
Action.c(89): Notify: Transaction "UC05_Login" started.	[MsgId: MMSG-16999]
Action.c(91): web_add_header("Origin") started  	[MsgId: MMSG-26355]
Action.c(91): web_add_header("Origin") was successful  	[MsgId: MMSG-26392]
Action.c(94): web_add_auto_header("Sec-Fetch-User") started  	[MsgId: MMSG-26355]
Action.c(94): web_add_auto_header("Sec-Fetch-User") was successful  	[MsgId: MMSG-26392]
Action.c(97): lr_think_time: 5,00 seconds.	[MsgId: MMSG-15948]
Action.c(99): web_submit_data("login.pl") started  	[MsgId: MMSG-26355]
Action.c(99): Error -26366: "Text=User password was correct" not found for web_reg_find  	[MsgId: MERR-26366]
End auto log messages stack.	[MsgId: MMSG-10544]


Start auto log messages stack - Iteration 23.	[MsgId: MMSG-10545]
Action.c(83): Notify: Transaction "UC05_WelcomePage" ended with a "Pass" status (Duration: 5,2757 Think Time: 5,0183 Wasted Time: 0,0003).	[MsgId: MMSG-16870]
Action.c(85): web_reg_find started  	[MsgId: MMSG-26355]
Action.c(85): Registering web_reg_find was successful  	[MsgId: MMSG-26390]
Action.c(89): Notify: Transaction "UC05_Login" started.	[MsgId: MMSG-16999]
Action.c(91): web_add_header("Origin") started  	[MsgId: MMSG-26355]
Action.c(91): web_add_header("Origin") was successful  	[MsgId: MMSG-26392]
Action.c(94): web_add_auto_header("Sec-Fetch-User") started  	[MsgId: MMSG-26355]
Action.c(94): web_add_auto_header("Sec-Fetch-User") was successful  	[MsgId: MMSG-26392]
Action.c(97): lr_think_time: 5,00 seconds.	[MsgId: MMSG-15948]
Action.c(99): web_submit_data("login.pl") started  	[MsgId: MMSG-26355]
Action.c(99): Error -26366: "Text=User password was correct" not found for web_reg_find  	[MsgId: MERR-26366]
End auto log messages stack.	[MsgId: MMSG-10544]


Start auto log messages stack - Iteration 14.	[MsgId: MMSG-10545]
Action.c(83): Notify: Transaction "UC05_WelcomePage" ended with a "Pass" status (Duration: 5,1732 Think Time: 5,0089 Wasted Time: 0,0003).	[MsgId: MMSG-16870]
Action.c(85): web_reg_find started  	[MsgId: MMSG-26355]
Action.c(85): Registering web_reg_find was successful  	[MsgId: MMSG-26390]
Action.c(89): Notify: Transaction "UC05_Login" started.	[MsgId: MMSG-16999]
Action.c(91): web_add_header("Origin") started  	[MsgId: MMSG-26355]
Action.c(91): web_add_header("Origin") was successful  	[MsgId: MMSG-26392]
Action.c(94): web_add_auto_header("Sec-Fetch-User") started  	[MsgId: MMSG-26355]
Action.c(94): web_add_auto_header("Sec-Fetch-User") was successful  	[MsgId: MMSG-26392]
Action.c(97): lr_think_time: 5,00 seconds.	[MsgId: MMSG-15948]
Action.c(99): web_submit_data("login.pl") started  	[MsgId: MMSG-26355]
Action.c(99): Error -26366: "Text=User password was correct" not found for web_reg_find  	[MsgId: MERR-26366]
End auto log messages stack.	[MsgId: MMSG-10544]


Start auto log messages stack - Iteration 24.	[MsgId: MMSG-10545]
Action.c(83): Notify: Transaction "UC05_WelcomePage" ended with a "Pass" status (Duration: 5,1934 Think Time: 5,0068 Wasted Time: 0,0003).	[MsgId: MMSG-16870]
Action.c(85): web_reg_find started  	[MsgId: MMSG-26355]
Action.c(85): Registering web_reg_find was successful  	[MsgId: MMSG-26390]
Action.c(89): Notify: Transaction "UC05_Login" started.	[MsgId: MMSG-16999]
Action.c(91): web_add_header("Origin") started  	[MsgId: MMSG-26355]
Action.c(91): web_add_header("Origin") was successful  	[MsgId: MMSG-26392]
Action.c(94): web_add_auto_header("Sec-Fetch-User") started  	[MsgId: MMSG-26355]
Action.c(94): web_add_auto_header("Sec-Fetch-User") was successful  	[MsgId: MMSG-26392]
Action.c(97): lr_think_time: 5,00 seconds.	[MsgId: MMSG-15948]
Action.c(99): web_submit_data("login.pl") started  	[MsgId: MMSG-26355]
Action.c(99): Error -26366: "Text=User password was correct" not found for web_reg_find  	[MsgId: MERR-26366]
End auto log messages stack.	[MsgId: MMSG-10544]


Start auto log messages stack - Iteration 15.	[MsgId: MMSG-10545]
Action.c(83): Notify: Transaction "UC05_WelcomePage" ended with a "Pass" status (Duration: 5,1611 Think Time: 5,0016 Wasted Time: 0,0002).	[MsgId: MMSG-16870]
Action.c(85): web_reg_find started  	[MsgId: MMSG-26355]
Action.c(85): Registering web_reg_find was successful  	[MsgId: MMSG-26390]
Action.c(89): Notify: Transaction "UC05_Login" started.	[MsgId: MMSG-16999]
Action.c(91): web_add_header("Origin") started  	[MsgId: MMSG-26355]
Action.c(91): web_add_header("Origin") was successful  	[MsgId: MMSG-26392]
Action.c(94): web_add_auto_header("Sec-Fetch-User") started  	[MsgId: MMSG-26355]
Action.c(94): web_add_auto_header("Sec-Fetch-User") was successful  	[MsgId: MMSG-26392]
Action.c(97): lr_think_time: 5,00 seconds.	[MsgId: MMSG-15948]
Action.c(99): web_submit_data("login.pl") started  	[MsgId: MMSG-26355]
Action.c(99): Error -26366: "Text=User password was correct" not found for web_reg_find  	[MsgId: MERR-26366]
End auto log messages stack.	[MsgId: MMSG-10544]


Start auto log messages stack - Iteration 25.	[MsgId: MMSG-10545]
Action.c(83): Notify: Transaction "UC05_WelcomePage" ended with a "Pass" status (Duration: 5,2194 Think Time: 5,0123 Wasted Time: 0,0004).	[MsgId: MMSG-16870]
Action.c(85): web_reg_find started  	[MsgId: MMSG-26355]
Action.c(85): Registering web_reg_find was successful  	[MsgId: MMSG-26390]
Action.c(89): Notify: Transaction "UC05_Login" started.	[MsgId: MMSG-16999]
Action.c(91): web_add_header("Origin") started  	[MsgId: MMSG-26355]
Action.c(91): web_add_header("Origin") was successful  	[MsgId: MMSG-26392]
Action.c(94): web_add_auto_header("Sec-Fetch-User") started  	[MsgId: MMSG-26355]
Action.c(94): web_add_auto_header("Sec-Fetch-User") was successful  	[MsgId: MMSG-26392]
Action.c(97): lr_think_time: 5,00 seconds.	[MsgId: MMSG-15948]
Action.c(99): web_submit_data("login.pl") started  	[MsgId: MMSG-26355]
Action.c(99): Error -26366: "Text=User password was correct" not found for web_reg_find  	[MsgId: MERR-26366]
End auto log messages stack.	[MsgId: MMSG-10544]


Start auto log messages stack - Iteration 16.	[MsgId: MMSG-10545]
Action.c(83): Notify: Transaction "UC05_WelcomePage" ended with a "Pass" status (Duration: 5,1216 Think Time: 5,0091 Wasted Time: 0,0003).	[MsgId: MMSG-16870]
Action.c(85): web_reg_find started  	[MsgId: MMSG-26355]
Action.c(85): Registering web_reg_find was successful  	[MsgId: MMSG-26390]
Action.c(89): Notify: Transaction "UC05_Login" started.	[MsgId: MMSG-16999]
Action.c(91): web_add_header("Origin") started  	[MsgId: MMSG-26355]
Action.c(91): web_add_header("Origin") was successful  	[MsgId: MMSG-26392]
Action.c(94): web_add_auto_header("Sec-Fetch-User") started  	[MsgId: MMSG-26355]
Action.c(94): web_add_auto_header("Sec-Fetch-User") was successful  	[MsgId: MMSG-26392]
Action.c(97): lr_think_time: 5,00 seconds.	[MsgId: MMSG-15948]
Action.c(99): web_submit_data("login.pl") started  	[MsgId: MMSG-26355]
Action.c(99): Error -26366: "Text=User password was correct" not found for web_reg_find  	[MsgId: MERR-26366]
End auto log messages stack.	[MsgId: MMSG-10544]


Start auto log messages stack - Iteration 26.	[MsgId: MMSG-10545]
Action.c(83): Notify: Transaction "UC05_WelcomePage" ended with a "Pass" status (Duration: 5,1135 Think Time: 5,0051 Wasted Time: 0,0003).	[MsgId: MMSG-16870]
Action.c(85): web_reg_find started  	[MsgId: MMSG-26355]
Action.c(85): Registering web_reg_find was successful  	[MsgId: MMSG-26390]
Action.c(89): Notify: Transaction "UC05_Login" started.	[MsgId: MMSG-16999]
Action.c(91): web_add_header("Origin") started  	[MsgId: MMSG-26355]
Action.c(91): web_add_header("Origin") was successful  	[MsgId: MMSG-26392]
Action.c(94): web_add_auto_header("Sec-Fetch-User") started  	[MsgId: MMSG-26355]
Action.c(94): web_add_auto_header("Sec-Fetch-User") was successful  	[MsgId: MMSG-26392]
Action.c(97): lr_think_time: 5,00 seconds.	[MsgId: MMSG-15948]
Action.c(99): web_submit_data("login.pl") started  	[MsgId: MMSG-26355]
Action.c(99): Error -26366: "Text=User password was correct" not found for web_reg_find  	[MsgId: MERR-26366]
End auto log messages stack.	[MsgId: MMSG-10544]


Start auto log messages stack - Iteration 17.	[MsgId: MMSG-10545]
Action.c(83): Notify: Transaction "UC05_WelcomePage" ended with a "Pass" status (Duration: 5,7578 Think Time: 5,0004 Wasted Time: 0,0005).	[MsgId: MMSG-16870]
Action.c(85): web_reg_find started  	[MsgId: MMSG-26355]
Action.c(85): Registering web_reg_find was successful  	[MsgId: MMSG-26390]
Action.c(89): Notify: Transaction "UC05_Login" started.	[MsgId: MMSG-16999]
Action.c(91): web_add_header("Origin") started  	[MsgId: MMSG-26355]
Action.c(91): web_add_header("Origin") was successful  	[MsgId: MMSG-26392]
Action.c(94): web_add_auto_header("Sec-Fetch-User") started  	[MsgId: MMSG-26355]
Action.c(94): web_add_auto_header("Sec-Fetch-User") was successful  	[MsgId: MMSG-26392]
Action.c(97): lr_think_time: 5,00 seconds.	[MsgId: MMSG-15948]
Action.c(99): web_submit_data("login.pl") started  	[MsgId: MMSG-26355]
Action.c(99): Error -26366: "Text=User password was correct" not found for web_reg_find  	[MsgId: MERR-26366]
End auto log messages stack.	[MsgId: MMSG-10544]


Start auto log messages stack - Iteration 27.	[MsgId: MMSG-10545]
Action.c(83): Notify: Transaction "UC05_WelcomePage" ended with a "Pass" status (Duration: 5,4034 Think Time: 5,0701 Wasted Time: 0,0004).	[MsgId: MMSG-16870]
Action.c(85): web_reg_find started  	[MsgId: MMSG-26355]
Action.c(85): Registering web_reg_find was successful  	[MsgId: MMSG-26390]
Action.c(89): Notify: Transaction "UC05_Login" started.	[MsgId: MMSG-16999]
Action.c(91): web_add_header("Origin") started  	[MsgId: MMSG-26355]
Action.c(91): web_add_header("Origin") was successful  	[MsgId: MMSG-26392]
Action.c(94): web_add_auto_header("Sec-Fetch-User") started  	[MsgId: MMSG-26355]
Action.c(94): web_add_auto_header("Sec-Fetch-User") was successful  	[MsgId: MMSG-26392]
Action.c(97): lr_think_time: 5,00 seconds.	[MsgId: MMSG-15948]
Action.c(99): web_submit_data("login.pl") started  	[MsgId: MMSG-26355]
Action.c(99): Error -26366: "Text=User password was correct" not found for web_reg_find  	[MsgId: MERR-26366]
End auto log messages stack.	[MsgId: MMSG-10544]


Start auto log messages stack - Iteration 18.	[MsgId: MMSG-10545]
Action.c(83): Notify: Transaction "UC05_WelcomePage" ended with a "Pass" status (Duration: 5,1683 Think Time: 5,0110 Wasted Time: 0,0005).	[MsgId: MMSG-16870]
Action.c(85): web_reg_find started  	[MsgId: MMSG-26355]
Action.c(85): Registering web_reg_find was successful  	[MsgId: MMSG-26390]
Action.c(89): Notify: Transaction "UC05_Login" started.	[MsgId: MMSG-16999]
Action.c(91): web_add_header("Origin") started  	[MsgId: MMSG-26355]
Action.c(91): web_add_header("Origin") was successful  	[MsgId: MMSG-26392]
Action.c(94): web_add_auto_header("Sec-Fetch-User") started  	[MsgId: MMSG-26355]
Action.c(94): web_add_auto_header("Sec-Fetch-User") was successful  	[MsgId: MMSG-26392]
Action.c(97): lr_think_time: 5,00 seconds.	[MsgId: MMSG-15948]
Action.c(99): web_submit_data("login.pl") started  	[MsgId: MMSG-26355]
Action.c(99): Error -26366: "Text=User password was correct" not found for web_reg_find  	[MsgId: MERR-26366]
End auto log messages stack.	[MsgId: MMSG-10544]


Start auto log messages stack - Iteration 28.	[MsgId: MMSG-10545]
Action.c(83): Notify: Transaction "UC05_WelcomePage" ended with a "Pass" status (Duration: 5,1077 Think Time: 5,0111 Wasted Time: 0,0002).	[MsgId: MMSG-16870]
Action.c(85): web_reg_find started  	[MsgId: MMSG-26355]
Action.c(85): Registering web_reg_find was successful  	[MsgId: MMSG-26390]
Action.c(89): Notify: Transaction "UC05_Login" started.	[MsgId: MMSG-16999]
Action.c(91): web_add_header("Origin") started  	[MsgId: MMSG-26355]
Action.c(91): web_add_header("Origin") was successful  	[MsgId: MMSG-26392]
Action.c(94): web_add_auto_header("Sec-Fetch-User") started  	[MsgId: MMSG-26355]
Action.c(94): web_add_auto_header("Sec-Fetch-User") was successful  	[MsgId: MMSG-26392]
Action.c(97): lr_think_time: 5,00 seconds.	[MsgId: MMSG-15948]
Action.c(99): web_submit_data("login.pl") started  	[MsgId: MMSG-26355]
Action.c(99): Error -26366: "Text=User password was correct" not found for web_reg_find  	[MsgId: MERR-26366]
End auto log messages stack.	[MsgId: MMSG-10544]


Start auto log messages stack - Iteration 19.	[MsgId: MMSG-10545]
Action.c(83): Notify: Transaction "UC05_WelcomePage" ended with a "Pass" status (Duration: 5,2060 Think Time: 5,0446 Wasted Time: 0,0004).	[MsgId: MMSG-16870]
Action.c(85): web_reg_find started  	[MsgId: MMSG-26355]
Action.c(85): Registering web_reg_find was successful  	[MsgId: MMSG-26390]
Action.c(89): Notify: Transaction "UC05_Login" started.	[MsgId: MMSG-16999]
Action.c(91): web_add_header("Origin") started  	[MsgId: MMSG-26355]
Action.c(91): web_add_header("Origin") was successful  	[MsgId: MMSG-26392]
Action.c(94): web_add_auto_header("Sec-Fetch-User") started  	[MsgId: MMSG-26355]
Action.c(94): web_add_auto_header("Sec-Fetch-User") was successful  	[MsgId: MMSG-26392]
Action.c(97): lr_think_time: 5,00 seconds.	[MsgId: MMSG-15948]
Action.c(99): web_submit_data("login.pl") started  	[MsgId: MMSG-26355]
Action.c(99): Error -26366: "Text=User password was correct" not found for web_reg_find  	[MsgId: MERR-26366]
End auto log messages stack.	[MsgId: MMSG-10544]


Start auto log messages stack - Iteration 29.	[MsgId: MMSG-10545]
Action.c(83): Notify: Transaction "UC05_WelcomePage" ended with a "Pass" status (Duration: 5,3141 Think Time: 5,0099 Wasted Time: 0,0004).	[MsgId: MMSG-16870]
Action.c(85): web_reg_find started  	[MsgId: MMSG-26355]
Action.c(85): Registering web_reg_find was successful  	[MsgId: MMSG-26390]
Action.c(89): Notify: Transaction "UC05_Login" started.	[MsgId: MMSG-16999]
Action.c(91): web_add_header("Origin") started  	[MsgId: MMSG-26355]
Action.c(91): web_add_header("Origin") was successful  	[MsgId: MMSG-26392]
Action.c(94): web_add_auto_header("Sec-Fetch-User") started  	[MsgId: MMSG-26355]
Action.c(94): web_add_auto_header("Sec-Fetch-User") was successful  	[MsgId: MMSG-26392]
Action.c(97): lr_think_time: 5,00 seconds.	[MsgId: MMSG-15948]
Action.c(99): web_submit_data("login.pl") started  	[MsgId: MMSG-26355]
Action.c(99): Error -26366: "Text=User password was correct" not found for web_reg_find  	[MsgId: MERR-26366]
End auto log messages stack.	[MsgId: MMSG-10544]


Start auto log messages stack - Iteration 20.	[MsgId: MMSG-10545]
Action.c(83): Notify: Transaction "UC05_WelcomePage" ended with a "Pass" status (Duration: 5,1520 Think Time: 5,0081 Wasted Time: 0,0003).	[MsgId: MMSG-16870]
Action.c(85): web_reg_find started  	[MsgId: MMSG-26355]
Action.c(85): Registering web_reg_find was successful  	[MsgId: MMSG-26390]
Action.c(89): Notify: Transaction "UC05_Login" started.	[MsgId: MMSG-16999]
Action.c(91): web_add_header("Origin") started  	[MsgId: MMSG-26355]
Action.c(91): web_add_header("Origin") was successful  	[MsgId: MMSG-26392]
Action.c(94): web_add_auto_header("Sec-Fetch-User") started  	[MsgId: MMSG-26355]
Action.c(94): web_add_auto_header("Sec-Fetch-User") was successful  	[MsgId: MMSG-26392]
Action.c(97): lr_think_time: 5,00 seconds.	[MsgId: MMSG-15948]
Action.c(99): web_submit_data("login.pl") started  	[MsgId: MMSG-26355]
Action.c(99): Error -26366: "Text=User password was correct" not found for web_reg_find  	[MsgId: MERR-26366]
End auto log messages stack.	[MsgId: MMSG-10544]


Start auto log messages stack - Iteration 30.	[MsgId: MMSG-10545]
Action.c(83): Notify: Transaction "UC05_WelcomePage" ended with a "Pass" status (Duration: 5,2620 Think Time: 5,0283 Wasted Time: 0,0003).	[MsgId: MMSG-16870]
Action.c(85): web_reg_find started  	[MsgId: MMSG-26355]
Action.c(85): Registering web_reg_find was successful  	[MsgId: MMSG-26390]
Action.c(89): Notify: Transaction "UC05_Login" started.	[MsgId: MMSG-16999]
Action.c(91): web_add_header("Origin") started  	[MsgId: MMSG-26355]
Action.c(91): web_add_header("Origin") was successful  	[MsgId: MMSG-26392]
Action.c(94): web_add_auto_header("Sec-Fetch-User") started  	[MsgId: MMSG-26355]
Action.c(94): web_add_auto_header("Sec-Fetch-User") was successful  	[MsgId: MMSG-26392]
Action.c(97): lr_think_time: 5,00 seconds.	[MsgId: MMSG-15948]
Action.c(99): web_submit_data("login.pl") started  	[MsgId: MMSG-26355]
Action.c(99): Error -26366: "Text=User password was correct" not found for web_reg_find  	[MsgId: MERR-26366]
End auto log messages stack.	[MsgId: MMSG-10544]


Start auto log messages stack - Iteration 21.	[MsgId: MMSG-10545]
Action.c(83): Notify: Transaction "UC05_WelcomePage" ended with a "Pass" status (Duration: 6,4154 Think Time: 5,0118 Wasted Time: 0,0003).	[MsgId: MMSG-16870]
Action.c(85): web_reg_find started  	[MsgId: MMSG-26355]
Action.c(85): Registering web_reg_find was successful  	[MsgId: MMSG-26390]
Action.c(89): Notify: Transaction "UC05_Login" started.	[MsgId: MMSG-16999]
Action.c(91): web_add_header("Origin") started  	[MsgId: MMSG-26355]
Action.c(91): web_add_header("Origin") was successful  	[MsgId: MMSG-26392]
Action.c(94): web_add_auto_header("Sec-Fetch-User") started  	[MsgId: MMSG-26355]
Action.c(94): web_add_auto_header("Sec-Fetch-User") was successful  	[MsgId: MMSG-26392]
Action.c(97): lr_think_time: 5,00 seconds.	[MsgId: MMSG-15948]
Action.c(99): web_submit_data("login.pl") started  	[MsgId: MMSG-26355]
Action.c(99): Error -26366: "Text=User password was correct" not found for web_reg_find  	[MsgId: MERR-26366]
End auto log messages stack.	[MsgId: MMSG-10544]


Start auto log messages stack - Iteration 10.	[MsgId: MMSG-10545]
Action.c(300): web_add_header("Sec-Fetch-User") started  	[MsgId: MMSG-26355]
Action.c(300): web_add_header("Sec-Fetch-User") was successful  	[MsgId: MMSG-26392]
Action.c(303): web_add_header("Upgrade-Insecure-Requests") started  	[MsgId: MMSG-26355]
Action.c(303): web_add_header("Upgrade-Insecure-Requests") was successful  	[MsgId: MMSG-26392]
Action.c(306): lr_think_time: 5,00 seconds.	[MsgId: MMSG-15948]
FlightID is = 213637055-6191-DM	[MsgId: MMSG-17999]
Action.c(325): web_reg_find started  	[MsgId: MMSG-26355]
Action.c(325): Registering web_reg_find was successful  	[MsgId: MMSG-26390]
Action.c(329): web_custom_request("itinerary.pl_2") started  	[MsgId: MMSG-26355]
Action.c(329): Error -26368: "Text=because of a database synchronization error" found for web_reg_find (count=1)  	[MsgId: MERR-26368]
End auto log messages stack.	[MsgId: MMSG-10544]


Start auto log messages stack - Iteration 31.	[MsgId: MMSG-10545]
Action.c(83): Notify: Transaction "UC05_WelcomePage" ended with a "Pass" status (Duration: 8,7348 Think Time: 5,0096 Wasted Time: 0,0003).	[MsgId: MMSG-16870]
Action.c(85): web_reg_find started  	[MsgId: MMSG-26355]
Action.c(85): Registering web_reg_find was successful  	[MsgId: MMSG-26390]
Action.c(89): Notify: Transaction "UC05_Login" started.	[MsgId: MMSG-16999]
Action.c(91): web_add_header("Origin") started  	[MsgId: MMSG-26355]
Action.c(91): web_add_header("Origin") was successful  	[MsgId: MMSG-26392]
Action.c(94): web_add_auto_header("Sec-Fetch-User") started  	[MsgId: MMSG-26355]
Action.c(94): web_add_auto_header("Sec-Fetch-User") was successful  	[MsgId: MMSG-26392]
Action.c(97): lr_think_time: 5,00 seconds.	[MsgId: MMSG-15948]
Action.c(99): web_submit_data("login.pl") started  	[MsgId: MMSG-26355]
Action.c(99): Error -26366: "Text=User password was correct" not found for web_reg_find  	[MsgId: MERR-26366]
End auto log messages stack.	[MsgId: MMSG-10544]


Start auto log messages stack - Iteration 11.	[MsgId: MMSG-10545]
Action.c(83): Notify: Transaction "UC05_WelcomePage" ended with a "Pass" status (Duration: 5,3745 Think Time: 5,0025 Wasted Time: 0,0003).	[MsgId: MMSG-16870]
Action.c(85): web_reg_find started  	[MsgId: MMSG-26355]
Action.c(85): Registering web_reg_find was successful  	[MsgId: MMSG-26390]
Action.c(89): Notify: Transaction "UC05_Login" started.	[MsgId: MMSG-16999]
Action.c(91): web_add_header("Origin") started  	[MsgId: MMSG-26355]
Action.c(91): web_add_header("Origin") was successful  	[MsgId: MMSG-26392]
Action.c(94): web_add_auto_header("Sec-Fetch-User") started  	[MsgId: MMSG-26355]
Action.c(94): web_add_auto_header("Sec-Fetch-User") was successful  	[MsgId: MMSG-26392]
Action.c(97): lr_think_time: 5,00 seconds.	[MsgId: MMSG-15948]
Action.c(99): web_submit_data("login.pl") started  	[MsgId: MMSG-26355]
Action.c(99): Error -26366: "Text=User password was correct" not found for web_reg_find  	[MsgId: MERR-26366]
End auto log messages stack.	[MsgId: MMSG-10544]


Start auto log messages stack - Iteration 22.	[MsgId: MMSG-10545]
Action.c(83): Notify: Transaction "UC05_WelcomePage" ended with a "Pass" status (Duration: 5,8342 Think Time: 5,0027 Wasted Time: 0,0004).	[MsgId: MMSG-16870]
Action.c(85): web_reg_find started  	[MsgId: MMSG-26355]
Action.c(85): Registering web_reg_find was successful  	[MsgId: MMSG-26390]
Action.c(89): Notify: Transaction "UC05_Login" started.	[MsgId: MMSG-16999]
Action.c(91): web_add_header("Origin") started  	[MsgId: MMSG-26355]
Action.c(91): web_add_header("Origin") was successful  	[MsgId: MMSG-26392]
Action.c(94): web_add_auto_header("Sec-Fetch-User") started  	[MsgId: MMSG-26355]
Action.c(94): web_add_auto_header("Sec-Fetch-User") was successful  	[MsgId: MMSG-26392]
Action.c(97): lr_think_time: 5,00 seconds.	[MsgId: MMSG-15948]
Action.c(99): web_submit_data("login.pl") started  	[MsgId: MMSG-26355]
Action.c(99): Error -26366: "Text=User password was correct" not found for web_reg_find  	[MsgId: MERR-26366]
End auto log messages stack.	[MsgId: MMSG-10544]


Start auto log messages stack - Iteration 32.	[MsgId: MMSG-10545]
Action.c(83): Notify: Transaction "UC05_WelcomePage" ended with a "Pass" status (Duration: 5,1609 Think Time: 5,0075 Wasted Time: 0,0004).	[MsgId: MMSG-16870]
Action.c(85): web_reg_find started  	[MsgId: MMSG-26355]
Action.c(85): Registering web_reg_find was successful  	[MsgId: MMSG-26390]
Action.c(89): Notify: Transaction "UC05_Login" started.	[MsgId: MMSG-16999]
Action.c(91): web_add_header("Origin") started  	[MsgId: MMSG-26355]
Action.c(91): web_add_header("Origin") was successful  	[MsgId: MMSG-26392]
Action.c(94): web_add_auto_header("Sec-Fetch-User") started  	[MsgId: MMSG-26355]
Action.c(94): web_add_auto_header("Sec-Fetch-User") was successful  	[MsgId: MMSG-26392]
Action.c(97): lr_think_time: 5,00 seconds.	[MsgId: MMSG-15948]
Action.c(99): web_submit_data("login.pl") started  	[MsgId: MMSG-26355]
Action.c(99): Error -26366: "Text=User password was correct" not found for web_reg_find  	[MsgId: MERR-26366]
End auto log messages stack.	[MsgId: MMSG-10544]


Start auto log messages stack - Iteration 12.	[MsgId: MMSG-10545]
Action.c(83): Notify: Transaction "UC05_WelcomePage" ended with a "Pass" status (Duration: 5,1588 Think Time: 5,0045 Wasted Time: 0,0004).	[MsgId: MMSG-16870]
Action.c(85): web_reg_find started  	[MsgId: MMSG-26355]
Action.c(85): Registering web_reg_find was successful  	[MsgId: MMSG-26390]
Action.c(89): Notify: Transaction "UC05_Login" started.	[MsgId: MMSG-16999]
Action.c(91): web_add_header("Origin") started  	[MsgId: MMSG-26355]
Action.c(91): web_add_header("Origin") was successful  	[MsgId: MMSG-26392]
Action.c(94): web_add_auto_header("Sec-Fetch-User") started  	[MsgId: MMSG-26355]
Action.c(94): web_add_auto_header("Sec-Fetch-User") was successful  	[MsgId: MMSG-26392]
Action.c(97): lr_think_time: 5,00 seconds.	[MsgId: MMSG-15948]
Action.c(99): web_submit_data("login.pl") started  	[MsgId: MMSG-26355]
Action.c(99): Error -26366: "Text=User password was correct" not found for web_reg_find  	[MsgId: MERR-26366]
End auto log messages stack.	[MsgId: MMSG-10544]


Start auto log messages stack - Iteration 23.	[MsgId: MMSG-10545]
Action.c(83): Notify: Transaction "UC05_WelcomePage" ended with a "Pass" status (Duration: 5,2348 Think Time: 5,0415 Wasted Time: 0,0003).	[MsgId: MMSG-16870]
Action.c(85): web_reg_find started  	[MsgId: MMSG-26355]
Action.c(85): Registering web_reg_find was successful  	[MsgId: MMSG-26390]
Action.c(89): Notify: Transaction "UC05_Login" started.	[MsgId: MMSG-16999]
Action.c(91): web_add_header("Origin") started  	[MsgId: MMSG-26355]
Action.c(91): web_add_header("Origin") was successful  	[MsgId: MMSG-26392]
Action.c(94): web_add_auto_header("Sec-Fetch-User") started  	[MsgId: MMSG-26355]
Action.c(94): web_add_auto_header("Sec-Fetch-User") was successful  	[MsgId: MMSG-26392]
Action.c(97): lr_think_time: 5,00 seconds.	[MsgId: MMSG-15948]
Action.c(99): web_submit_data("login.pl") started  	[MsgId: MMSG-26355]
Action.c(99): Error -26366: "Text=User password was correct" not found for web_reg_find  	[MsgId: MERR-26366]
End auto log messages stack.	[MsgId: MMSG-10544]


Start auto log messages stack - Iteration 33.	[MsgId: MMSG-10545]
Action.c(83): Notify: Transaction "UC05_WelcomePage" ended with a "Pass" status (Duration: 5,7613 Think Time: 5,0143 Wasted Time: 0,0003).	[MsgId: MMSG-16870]
Action.c(85): web_reg_find started  	[MsgId: MMSG-26355]
Action.c(85): Registering web_reg_find was successful  	[MsgId: MMSG-26390]
Action.c(89): Notify: Transaction "UC05_Login" started.	[MsgId: MMSG-16999]
Action.c(91): web_add_header("Origin") started  	[MsgId: MMSG-26355]
Action.c(91): web_add_header("Origin") was successful  	[MsgId: MMSG-26392]
Action.c(94): web_add_auto_header("Sec-Fetch-User") started  	[MsgId: MMSG-26355]
Action.c(94): web_add_auto_header("Sec-Fetch-User") was successful  	[MsgId: MMSG-26392]
Action.c(97): lr_think_time: 5,00 seconds.	[MsgId: MMSG-15948]
Action.c(99): web_submit_data("login.pl") started  	[MsgId: MMSG-26355]
Action.c(99): Error -26366: "Text=User password was correct" not found for web_reg_find  	[MsgId: MERR-26366]
End auto log messages stack.	[MsgId: MMSG-10544]


Start auto log messages stack - Iteration 24.	[MsgId: MMSG-10545]
Action.c(83): Notify: Transaction "UC05_WelcomePage" ended with a "Pass" status (Duration: 5,5314 Think Time: 5,0145 Wasted Time: 0,0003).	[MsgId: MMSG-16870]
Action.c(85): web_reg_find started  	[MsgId: MMSG-26355]
Action.c(85): Registering web_reg_find was successful  	[MsgId: MMSG-26390]
Action.c(89): Notify: Transaction "UC05_Login" started.	[MsgId: MMSG-16999]
Action.c(91): web_add_header("Origin") started  	[MsgId: MMSG-26355]
Action.c(91): web_add_header("Origin") was successful  	[MsgId: MMSG-26392]
Action.c(94): web_add_auto_header("Sec-Fetch-User") started  	[MsgId: MMSG-26355]
Action.c(94): web_add_auto_header("Sec-Fetch-User") was successful  	[MsgId: MMSG-26392]
Action.c(97): lr_think_time: 5,00 seconds.	[MsgId: MMSG-15948]
Action.c(99): web_submit_data("login.pl") started  	[MsgId: MMSG-26355]
Action.c(99): Error -26366: "Text=User password was correct" not found for web_reg_find  	[MsgId: MERR-26366]
End auto log messages stack.	[MsgId: MMSG-10544]


Start auto log messages stack - Iteration 13.	[MsgId: MMSG-10545]
Action.c(83): Notify: Transaction "UC05_WelcomePage" ended with a "Pass" status (Duration: 5,8045 Think Time: 5,0941 Wasted Time: 0,0003).	[MsgId: MMSG-16870]
Action.c(85): web_reg_find started  	[MsgId: MMSG-26355]
Action.c(85): Registering web_reg_find was successful  	[MsgId: MMSG-26390]
Action.c(89): Notify: Transaction "UC05_Login" started.	[MsgId: MMSG-16999]
Action.c(91): web_add_header("Origin") started  	[MsgId: MMSG-26355]
Action.c(91): web_add_header("Origin") was successful  	[MsgId: MMSG-26392]
Action.c(94): web_add_auto_header("Sec-Fetch-User") started  	[MsgId: MMSG-26355]
Action.c(94): web_add_auto_header("Sec-Fetch-User") was successful  	[MsgId: MMSG-26392]
Action.c(97): lr_think_time: 5,00 seconds.	[MsgId: MMSG-15948]
Action.c(99): web_submit_data("login.pl") started  	[MsgId: MMSG-26355]
Action.c(99): Error -26366: "Text=User password was correct" not found for web_reg_find  	[MsgId: MERR-26366]
End auto log messages stack.	[MsgId: MMSG-10544]


Start auto log messages stack - Iteration 34.	[MsgId: MMSG-10545]
Action.c(83): Notify: Transaction "UC05_WelcomePage" ended with a "Pass" status (Duration: 5,1215 Think Time: 5,0086 Wasted Time: 0,0002).	[MsgId: MMSG-16870]
Action.c(85): web_reg_find started  	[MsgId: MMSG-26355]
Action.c(85): Registering web_reg_find was successful  	[MsgId: MMSG-26390]
Action.c(89): Notify: Transaction "UC05_Login" started.	[MsgId: MMSG-16999]
Action.c(91): web_add_header("Origin") started  	[MsgId: MMSG-26355]
Action.c(91): web_add_header("Origin") was successful  	[MsgId: MMSG-26392]
Action.c(94): web_add_auto_header("Sec-Fetch-User") started  	[MsgId: MMSG-26355]
Action.c(94): web_add_auto_header("Sec-Fetch-User") was successful  	[MsgId: MMSG-26392]
Action.c(97): lr_think_time: 5,00 seconds.	[MsgId: MMSG-15948]
Action.c(99): web_submit_data("login.pl") started  	[MsgId: MMSG-26355]
Action.c(99): Error -26366: "Text=User password was correct" not found for web_reg_find  	[MsgId: MERR-26366]
End auto log messages stack.	[MsgId: MMSG-10544]


Start auto log messages stack - Iteration 14.	[MsgId: MMSG-10545]
Action.c(83): Notify: Transaction "UC05_WelcomePage" ended with a "Pass" status (Duration: 5,1622 Think Time: 5,0045 Wasted Time: 0,0003).	[MsgId: MMSG-16870]
Action.c(85): web_reg_find started  	[MsgId: MMSG-26355]
Action.c(85): Registering web_reg_find was successful  	[MsgId: MMSG-26390]
Action.c(89): Notify: Transaction "UC05_Login" started.	[MsgId: MMSG-16999]
Action.c(91): web_add_header("Origin") started  	[MsgId: MMSG-26355]
Action.c(91): web_add_header("Origin") was successful  	[MsgId: MMSG-26392]
Action.c(94): web_add_auto_header("Sec-Fetch-User") started  	[MsgId: MMSG-26355]
Action.c(94): web_add_auto_header("Sec-Fetch-User") was successful  	[MsgId: MMSG-26392]
Action.c(97): lr_think_time: 5,00 seconds.	[MsgId: MMSG-15948]
Action.c(99): web_submit_data("login.pl") started  	[MsgId: MMSG-26355]
Action.c(99): Error -26366: "Text=User password was correct" not found for web_reg_find  	[MsgId: MERR-26366]
End auto log messages stack.	[MsgId: MMSG-10544]


Start auto log messages stack - Iteration 25.	[MsgId: MMSG-10545]
Action.c(83): Notify: Transaction "UC05_WelcomePage" ended with a "Pass" status (Duration: 5,1681 Think Time: 5,0034 Wasted Time: 0,0003).	[MsgId: MMSG-16870]
Action.c(85): web_reg_find started  	[MsgId: MMSG-26355]
Action.c(85): Registering web_reg_find was successful  	[MsgId: MMSG-26390]
Action.c(89): Notify: Transaction "UC05_Login" started.	[MsgId: MMSG-16999]
Action.c(91): web_add_header("Origin") started  	[MsgId: MMSG-26355]
Action.c(91): web_add_header("Origin") was successful  	[MsgId: MMSG-26392]
Action.c(94): web_add_auto_header("Sec-Fetch-User") started  	[MsgId: MMSG-26355]
Action.c(94): web_add_auto_header("Sec-Fetch-User") was successful  	[MsgId: MMSG-26392]
Action.c(97): lr_think_time: 5,00 seconds.	[MsgId: MMSG-15948]
Action.c(99): web_submit_data("login.pl") started  	[MsgId: MMSG-26355]
Action.c(99): Error -26366: "Text=User password was correct" not found for web_reg_find  	[MsgId: MERR-26366]
End auto log messages stack.	[MsgId: MMSG-10544]


Start auto log messages stack - Iteration 35.	[MsgId: MMSG-10545]
Action.c(83): Notify: Transaction "UC05_WelcomePage" ended with a "Pass" status (Duration: 5,9999 Think Time: 5,0820 Wasted Time: 0,0003).	[MsgId: MMSG-16870]
Action.c(85): web_reg_find started  	[MsgId: MMSG-26355]
Action.c(85): Registering web_reg_find was successful  	[MsgId: MMSG-26390]
Action.c(89): Notify: Transaction "UC05_Login" started.	[MsgId: MMSG-16999]
Action.c(91): web_add_header("Origin") started  	[MsgId: MMSG-26355]
Action.c(91): web_add_header("Origin") was successful  	[MsgId: MMSG-26392]
Action.c(94): web_add_auto_header("Sec-Fetch-User") started  	[MsgId: MMSG-26355]
Action.c(94): web_add_auto_header("Sec-Fetch-User") was successful  	[MsgId: MMSG-26392]
Action.c(97): lr_think_time: 5,00 seconds.	[MsgId: MMSG-15948]
Action.c(99): web_submit_data("login.pl") started  	[MsgId: MMSG-26355]
Action.c(99): Error -26366: "Text=User password was correct" not found for web_reg_find  	[MsgId: MERR-26366]
End auto log messages stack.	[MsgId: MMSG-10544]


