Start auto log messages stack - Iteration 2.	[MsgId: MMSG-10545]
Action.c(83): Notify: Transaction "1_WelcomePage" ended with a "Pass" status (Duration: 5,1392 Think Time: 5,0143 Wasted Time: 0,0003).	[MsgId: MMSG-16870]
Action.c(85): web_reg_find started  	[MsgId: MMSG-26355]
Action.c(85): Registering web_reg_find was successful  	[MsgId: MMSG-26390]
Action.c(89): Notify: Transaction "2_Login" started.	[MsgId: MMSG-16999]
Action.c(91): web_add_header("Origin") started  	[MsgId: MMSG-26355]
Action.c(91): web_add_header("Origin") was successful  	[MsgId: MMSG-26392]
Action.c(94): web_add_auto_header("Sec-Fetch-User") started  	[MsgId: MMSG-26355]
Action.c(94): web_add_auto_header("Sec-Fetch-User") was successful  	[MsgId: MMSG-26392]
Action.c(97): lr_think_time: 5,00 seconds.	[MsgId: MMSG-15948]
Action.c(99): web_submit_data("login.pl") started  	[MsgId: MMSG-26355]
Action.c(99): Error -26366: "Text=User password was correct" not found for web_reg_find  	[MsgId: MERR-26366]
End auto log messages stack.	[MsgId: MMSG-10544]


Start auto log messages stack - Iteration 3.	[MsgId: MMSG-10545]
Action.c(83): Notify: Transaction "1_WelcomePage" ended with a "Pass" status (Duration: 5,1256 Think Time: 5,0133 Wasted Time: 0,0003).	[MsgId: MMSG-16870]
Action.c(85): web_reg_find started  	[MsgId: MMSG-26355]
Action.c(85): Registering web_reg_find was successful  	[MsgId: MMSG-26390]
Action.c(89): Notify: Transaction "2_Login" started.	[MsgId: MMSG-16999]
Action.c(91): web_add_header("Origin") started  	[MsgId: MMSG-26355]
Action.c(91): web_add_header("Origin") was successful  	[MsgId: MMSG-26392]
Action.c(94): web_add_auto_header("Sec-Fetch-User") started  	[MsgId: MMSG-26355]
Action.c(94): web_add_auto_header("Sec-Fetch-User") was successful  	[MsgId: MMSG-26392]
Action.c(97): lr_think_time: 5,00 seconds.	[MsgId: MMSG-15948]
Action.c(99): web_submit_data("login.pl") started  	[MsgId: MMSG-26355]
Action.c(99): Error -26366: "Text=User password was correct" not found for web_reg_find  	[MsgId: MERR-26366]
End auto log messages stack.	[MsgId: MMSG-10544]


Start auto log messages stack - Iteration 4.	[MsgId: MMSG-10545]
Action.c(83): Notify: Transaction "1_WelcomePage" ended with a "Pass" status (Duration: 5,1532 Think Time: 5,0093 Wasted Time: 0,0002).	[MsgId: MMSG-16870]
Action.c(85): web_reg_find started  	[MsgId: MMSG-26355]
Action.c(85): Registering web_reg_find was successful  	[MsgId: MMSG-26390]
Action.c(89): Notify: Transaction "2_Login" started.	[MsgId: MMSG-16999]
Action.c(91): web_add_header("Origin") started  	[MsgId: MMSG-26355]
Action.c(91): web_add_header("Origin") was successful  	[MsgId: MMSG-26392]
Action.c(94): web_add_auto_header("Sec-Fetch-User") started  	[MsgId: MMSG-26355]
Action.c(94): web_add_auto_header("Sec-Fetch-User") was successful  	[MsgId: MMSG-26392]
Action.c(97): lr_think_time: 5,00 seconds.	[MsgId: MMSG-15948]
Action.c(99): web_submit_data("login.pl") started  	[MsgId: MMSG-26355]
Action.c(99): Error -26366: "Text=User password was correct" not found for web_reg_find  	[MsgId: MERR-26366]
End auto log messages stack.	[MsgId: MMSG-10544]


Start auto log messages stack - Iteration 5.	[MsgId: MMSG-10545]
Action.c(83): Notify: Transaction "1_WelcomePage" ended with a "Pass" status (Duration: 5,1221 Think Time: 5,0120 Wasted Time: 0,0003).	[MsgId: MMSG-16870]
Action.c(85): web_reg_find started  	[MsgId: MMSG-26355]
Action.c(85): Registering web_reg_find was successful  	[MsgId: MMSG-26390]
Action.c(89): Notify: Transaction "2_Login" started.	[MsgId: MMSG-16999]
Action.c(91): web_add_header("Origin") started  	[MsgId: MMSG-26355]
Action.c(91): web_add_header("Origin") was successful  	[MsgId: MMSG-26392]
Action.c(94): web_add_auto_header("Sec-Fetch-User") started  	[MsgId: MMSG-26355]
Action.c(94): web_add_auto_header("Sec-Fetch-User") was successful  	[MsgId: MMSG-26392]
Action.c(97): lr_think_time: 5,00 seconds.	[MsgId: MMSG-15948]
Action.c(99): web_submit_data("login.pl") started  	[MsgId: MMSG-26355]
Action.c(99): Error -26366: "Text=User password was correct" not found for web_reg_find  	[MsgId: MERR-26366]
End auto log messages stack.	[MsgId: MMSG-10544]


Start auto log messages stack - Iteration 6.	[MsgId: MMSG-10545]
Action.c(83): Notify: Transaction "1_WelcomePage" ended with a "Pass" status (Duration: 5,1287 Think Time: 5,0012 Wasted Time: 0,0003).	[MsgId: MMSG-16870]
Action.c(85): web_reg_find started  	[MsgId: MMSG-26355]
Action.c(85): Registering web_reg_find was successful  	[MsgId: MMSG-26390]
Action.c(89): Notify: Transaction "2_Login" started.	[MsgId: MMSG-16999]
Action.c(91): web_add_header("Origin") started  	[MsgId: MMSG-26355]
Action.c(91): web_add_header("Origin") was successful  	[MsgId: MMSG-26392]
Action.c(94): web_add_auto_header("Sec-Fetch-User") started  	[MsgId: MMSG-26355]
Action.c(94): web_add_auto_header("Sec-Fetch-User") was successful  	[MsgId: MMSG-26392]
Action.c(97): lr_think_time: 5,00 seconds.	[MsgId: MMSG-15948]
Action.c(99): web_submit_data("login.pl") started  	[MsgId: MMSG-26355]
Action.c(99): Error -26366: "Text=User password was correct" not found for web_reg_find  	[MsgId: MERR-26366]
End auto log messages stack.	[MsgId: MMSG-10544]


