Start auto log messages stack - Iteration 4.	[MsgId: MMSG-10545]
Action.c(251): web_add_auto_header("Upgrade-Insecure-Requests") was successful  	[MsgId: MMSG-26392]
Action.c(254): web_url("Itinerary Button_2") started  	[MsgId: MMSG-26355]
Action.c(254): web_url("Itinerary Button_2") was successful, 591 body bytes, 215 header bytes, 12 chunking overhead bytes  	[MsgId: MMSG-26385]
Action.c(263): web_url("nav.pl_4") started  	[MsgId: MMSG-26355]
Action.c(263): web_url("nav.pl_4") was successful, 1482 body bytes, 255 header bytes, 12 chunking overhead bytes  	[MsgId: MMSG-26385]
Action.c(272): web_reg_save_param started  	[MsgId: MMSG-26355]
Action.c(272): Registering web_reg_save_param was successful  	[MsgId: MMSG-26390]
Action.c(278): web_url("itinerary.pl_2") started  	[MsgId: MMSG-26355]
Action.c(278): Error -26377: No match found for the requested parameter "flightIDs". Either the specified boundaries were not found in the response or the matched text is longer than current max html parameter size of 256 bytes. The total length of the response is 887 bytes. You can use "web_set_max_html_param_len" to increase the max parameter size.  	[MsgId: MERR-26377]
End auto log messages stack.	[MsgId: MMSG-10544]


Start auto log messages stack - Iteration 5.	[MsgId: MMSG-10545]
Action.c(251): web_add_auto_header("Upgrade-Insecure-Requests") was successful  	[MsgId: MMSG-26392]
Action.c(254): web_url("Itinerary Button_2") started  	[MsgId: MMSG-26355]
Action.c(254): web_url("Itinerary Button_2") was successful, 591 body bytes, 215 header bytes, 12 chunking overhead bytes  	[MsgId: MMSG-26385]
Action.c(263): web_url("nav.pl_4") started  	[MsgId: MMSG-26355]
Action.c(263): web_url("nav.pl_4") was successful, 1482 body bytes, 255 header bytes, 12 chunking overhead bytes  	[MsgId: MMSG-26385]
Action.c(272): web_reg_save_param started  	[MsgId: MMSG-26355]
Action.c(272): Registering web_reg_save_param was successful  	[MsgId: MMSG-26390]
Action.c(278): web_url("itinerary.pl_2") started  	[MsgId: MMSG-26355]
Action.c(278): Error -26377: No match found for the requested parameter "flightIDs". Either the specified boundaries were not found in the response or the matched text is longer than current max html parameter size of 256 bytes. The total length of the response is 887 bytes. You can use "web_set_max_html_param_len" to increase the max parameter size.  	[MsgId: MERR-26377]
End auto log messages stack.	[MsgId: MMSG-10544]


Start auto log messages stack - Iteration 6.	[MsgId: MMSG-10545]
Action.c(251): web_add_auto_header("Upgrade-Insecure-Requests") was successful  	[MsgId: MMSG-26392]
Action.c(254): web_url("Itinerary Button_2") started  	[MsgId: MMSG-26355]
Action.c(254): web_url("Itinerary Button_2") was successful, 591 body bytes, 215 header bytes, 12 chunking overhead bytes  	[MsgId: MMSG-26385]
Action.c(263): web_url("nav.pl_4") started  	[MsgId: MMSG-26355]
Action.c(263): web_url("nav.pl_4") was successful, 1482 body bytes, 255 header bytes, 12 chunking overhead bytes  	[MsgId: MMSG-26385]
Action.c(272): web_reg_save_param started  	[MsgId: MMSG-26355]
Action.c(272): Registering web_reg_save_param was successful  	[MsgId: MMSG-26390]
Action.c(278): web_url("itinerary.pl_2") started  	[MsgId: MMSG-26355]
Action.c(278): Error -26377: No match found for the requested parameter "flightIDs". Either the specified boundaries were not found in the response or the matched text is longer than current max html parameter size of 256 bytes. The total length of the response is 887 bytes. You can use "web_set_max_html_param_len" to increase the max parameter size.  	[MsgId: MERR-26377]
End auto log messages stack.	[MsgId: MMSG-10544]


Start auto log messages stack - Iteration 7.	[MsgId: MMSG-10545]
Action.c(251): web_add_auto_header("Upgrade-Insecure-Requests") was successful  	[MsgId: MMSG-26392]
Action.c(254): web_url("Itinerary Button_2") started  	[MsgId: MMSG-26355]
Action.c(254): web_url("Itinerary Button_2") was successful, 591 body bytes, 215 header bytes, 12 chunking overhead bytes  	[MsgId: MMSG-26385]
Action.c(263): web_url("nav.pl_4") started  	[MsgId: MMSG-26355]
Action.c(263): web_url("nav.pl_4") was successful, 1482 body bytes, 255 header bytes, 12 chunking overhead bytes  	[MsgId: MMSG-26385]
Action.c(272): web_reg_save_param started  	[MsgId: MMSG-26355]
Action.c(272): Registering web_reg_save_param was successful  	[MsgId: MMSG-26390]
Action.c(278): web_url("itinerary.pl_2") started  	[MsgId: MMSG-26355]
Action.c(278): Error -26377: No match found for the requested parameter "flightIDs". Either the specified boundaries were not found in the response or the matched text is longer than current max html parameter size of 256 bytes. The total length of the response is 887 bytes. You can use "web_set_max_html_param_len" to increase the max parameter size.  	[MsgId: MERR-26377]
End auto log messages stack.	[MsgId: MMSG-10544]


Start auto log messages stack - Iteration 8.	[MsgId: MMSG-10545]
Action.c(251): web_add_auto_header("Upgrade-Insecure-Requests") was successful  	[MsgId: MMSG-26392]
Action.c(254): web_url("Itinerary Button_2") started  	[MsgId: MMSG-26355]
Action.c(254): web_url("Itinerary Button_2") was successful, 591 body bytes, 215 header bytes, 12 chunking overhead bytes  	[MsgId: MMSG-26385]
Action.c(263): web_url("nav.pl_4") started  	[MsgId: MMSG-26355]
Action.c(263): web_url("nav.pl_4") was successful, 1482 body bytes, 255 header bytes, 12 chunking overhead bytes  	[MsgId: MMSG-26385]
Action.c(272): web_reg_save_param started  	[MsgId: MMSG-26355]
Action.c(272): Registering web_reg_save_param was successful  	[MsgId: MMSG-26390]
Action.c(278): web_url("itinerary.pl_2") started  	[MsgId: MMSG-26355]
Action.c(278): Error -26377: No match found for the requested parameter "flightIDs". Either the specified boundaries were not found in the response or the matched text is longer than current max html parameter size of 256 bytes. The total length of the response is 887 bytes. You can use "web_set_max_html_param_len" to increase the max parameter size.  	[MsgId: MERR-26377]
End auto log messages stack.	[MsgId: MMSG-10544]


Start auto log messages stack - Iteration 9.	[MsgId: MMSG-10545]
Action.c(251): web_add_auto_header("Upgrade-Insecure-Requests") was successful  	[MsgId: MMSG-26392]
Action.c(254): web_url("Itinerary Button_2") started  	[MsgId: MMSG-26355]
Action.c(254): web_url("Itinerary Button_2") was successful, 591 body bytes, 215 header bytes, 12 chunking overhead bytes  	[MsgId: MMSG-26385]
Action.c(263): web_url("nav.pl_4") started  	[MsgId: MMSG-26355]
Action.c(263): web_url("nav.pl_4") was successful, 1482 body bytes, 255 header bytes, 12 chunking overhead bytes  	[MsgId: MMSG-26385]
Action.c(272): web_reg_save_param started  	[MsgId: MMSG-26355]
Action.c(272): Registering web_reg_save_param was successful  	[MsgId: MMSG-26390]
Action.c(278): web_url("itinerary.pl_2") started  	[MsgId: MMSG-26355]
Action.c(278): Error -26377: No match found for the requested parameter "flightIDs". Either the specified boundaries were not found in the response or the matched text is longer than current max html parameter size of 256 bytes. The total length of the response is 887 bytes. You can use "web_set_max_html_param_len" to increase the max parameter size.  	[MsgId: MERR-26377]
End auto log messages stack.	[MsgId: MMSG-10544]


Start auto log messages stack - Iteration 10.	[MsgId: MMSG-10545]
Action.c(251): web_add_auto_header("Upgrade-Insecure-Requests") was successful  	[MsgId: MMSG-26392]
Action.c(254): web_url("Itinerary Button_2") started  	[MsgId: MMSG-26355]
Action.c(254): web_url("Itinerary Button_2") was successful, 591 body bytes, 215 header bytes, 12 chunking overhead bytes  	[MsgId: MMSG-26385]
Action.c(263): web_url("nav.pl_4") started  	[MsgId: MMSG-26355]
Action.c(263): web_url("nav.pl_4") was successful, 1482 body bytes, 255 header bytes, 12 chunking overhead bytes  	[MsgId: MMSG-26385]
Action.c(272): web_reg_save_param started  	[MsgId: MMSG-26355]
Action.c(272): Registering web_reg_save_param was successful  	[MsgId: MMSG-26390]
Action.c(278): web_url("itinerary.pl_2") started  	[MsgId: MMSG-26355]
Action.c(278): Error -26377: No match found for the requested parameter "flightIDs". Either the specified boundaries were not found in the response or the matched text is longer than current max html parameter size of 256 bytes. The total length of the response is 887 bytes. You can use "web_set_max_html_param_len" to increase the max parameter size.  	[MsgId: MERR-26377]
End auto log messages stack.	[MsgId: MMSG-10544]


Start auto log messages stack - Iteration 11.	[MsgId: MMSG-10545]
Action.c(83): Notify: Transaction "1_WelcomePage" ended with a "Pass" status (Duration: 5,1113 Think Time: 5,0144 Wasted Time: 0,0002).	[MsgId: MMSG-16870]
Action.c(85): web_reg_find started  	[MsgId: MMSG-26355]
Action.c(85): Registering web_reg_find was successful  	[MsgId: MMSG-26390]
Action.c(89): Notify: Transaction "2_Login" started.	[MsgId: MMSG-16999]
Action.c(91): web_add_header("Origin") started  	[MsgId: MMSG-26355]
Action.c(91): web_add_header("Origin") was successful  	[MsgId: MMSG-26392]
Action.c(94): web_add_auto_header("Sec-Fetch-User") started  	[MsgId: MMSG-26355]
Action.c(94): web_add_auto_header("Sec-Fetch-User") was successful  	[MsgId: MMSG-26392]
Action.c(97): lr_think_time: 5,00 seconds.	[MsgId: MMSG-15948]
Action.c(99): web_submit_data("login.pl") started  	[MsgId: MMSG-26355]
Action.c(99): Error -26366: "Text=User password was correct" not found for web_reg_find  	[MsgId: MERR-26366]
End auto log messages stack.	[MsgId: MMSG-10544]


Start auto log messages stack - Iteration 12.	[MsgId: MMSG-10545]
Action.c(83): Notify: Transaction "1_WelcomePage" ended with a "Pass" status (Duration: 5,1142 Think Time: 5,0019 Wasted Time: 0,0002).	[MsgId: MMSG-16870]
Action.c(85): web_reg_find started  	[MsgId: MMSG-26355]
Action.c(85): Registering web_reg_find was successful  	[MsgId: MMSG-26390]
Action.c(89): Notify: Transaction "2_Login" started.	[MsgId: MMSG-16999]
Action.c(91): web_add_header("Origin") started  	[MsgId: MMSG-26355]
Action.c(91): web_add_header("Origin") was successful  	[MsgId: MMSG-26392]
Action.c(94): web_add_auto_header("Sec-Fetch-User") started  	[MsgId: MMSG-26355]
Action.c(94): web_add_auto_header("Sec-Fetch-User") was successful  	[MsgId: MMSG-26392]
Action.c(97): lr_think_time: 5,00 seconds.	[MsgId: MMSG-15948]
Action.c(99): web_submit_data("login.pl") started  	[MsgId: MMSG-26355]
Action.c(99): Error -26366: "Text=User password was correct" not found for web_reg_find  	[MsgId: MERR-26366]
End auto log messages stack.	[MsgId: MMSG-10544]


Start auto log messages stack - Iteration 13.	[MsgId: MMSG-10545]
Action.c(83): Notify: Transaction "1_WelcomePage" ended with a "Pass" status (Duration: 5,1125 Think Time: 5,0057 Wasted Time: 0,0002).	[MsgId: MMSG-16870]
Action.c(85): web_reg_find started  	[MsgId: MMSG-26355]
Action.c(85): Registering web_reg_find was successful  	[MsgId: MMSG-26390]
Action.c(89): Notify: Transaction "2_Login" started.	[MsgId: MMSG-16999]
Action.c(91): web_add_header("Origin") started  	[MsgId: MMSG-26355]
Action.c(91): web_add_header("Origin") was successful  	[MsgId: MMSG-26392]
Action.c(94): web_add_auto_header("Sec-Fetch-User") started  	[MsgId: MMSG-26355]
Action.c(94): web_add_auto_header("Sec-Fetch-User") was successful  	[MsgId: MMSG-26392]
Action.c(97): lr_think_time: 5,00 seconds.	[MsgId: MMSG-15948]
Action.c(99): web_submit_data("login.pl") started  	[MsgId: MMSG-26355]
Action.c(99): Error -26366: "Text=User password was correct" not found for web_reg_find  	[MsgId: MERR-26366]
End auto log messages stack.	[MsgId: MMSG-10544]


Start auto log messages stack - Iteration 14.	[MsgId: MMSG-10545]
Action.c(83): Notify: Transaction "1_WelcomePage" ended with a "Pass" status (Duration: 5,1214 Think Time: 5,0110 Wasted Time: 0,0003).	[MsgId: MMSG-16870]
Action.c(85): web_reg_find started  	[MsgId: MMSG-26355]
Action.c(85): Registering web_reg_find was successful  	[MsgId: MMSG-26390]
Action.c(89): Notify: Transaction "2_Login" started.	[MsgId: MMSG-16999]
Action.c(91): web_add_header("Origin") started  	[MsgId: MMSG-26355]
Action.c(91): web_add_header("Origin") was successful  	[MsgId: MMSG-26392]
Action.c(94): web_add_auto_header("Sec-Fetch-User") started  	[MsgId: MMSG-26355]
Action.c(94): web_add_auto_header("Sec-Fetch-User") was successful  	[MsgId: MMSG-26392]
Action.c(97): lr_think_time: 5,00 seconds.	[MsgId: MMSG-15948]
Action.c(99): web_submit_data("login.pl") started  	[MsgId: MMSG-26355]
Action.c(99): Error -26366: "Text=User password was correct" not found for web_reg_find  	[MsgId: MERR-26366]
End auto log messages stack.	[MsgId: MMSG-10544]


Start auto log messages stack - Iteration 15.	[MsgId: MMSG-10545]
Action.c(83): Notify: Transaction "1_WelcomePage" ended with a "Pass" status (Duration: 5,1073 Think Time: 5,0074 Wasted Time: 0,0003).	[MsgId: MMSG-16870]
Action.c(85): web_reg_find started  	[MsgId: MMSG-26355]
Action.c(85): Registering web_reg_find was successful  	[MsgId: MMSG-26390]
Action.c(89): Notify: Transaction "2_Login" started.	[MsgId: MMSG-16999]
Action.c(91): web_add_header("Origin") started  	[MsgId: MMSG-26355]
Action.c(91): web_add_header("Origin") was successful  	[MsgId: MMSG-26392]
Action.c(94): web_add_auto_header("Sec-Fetch-User") started  	[MsgId: MMSG-26355]
Action.c(94): web_add_auto_header("Sec-Fetch-User") was successful  	[MsgId: MMSG-26392]
Action.c(97): lr_think_time: 5,00 seconds.	[MsgId: MMSG-15948]
Action.c(99): web_submit_data("login.pl") started  	[MsgId: MMSG-26355]
Action.c(99): Error -26366: "Text=User password was correct" not found for web_reg_find  	[MsgId: MERR-26366]
End auto log messages stack.	[MsgId: MMSG-10544]


Start auto log messages stack - Iteration 16.	[MsgId: MMSG-10545]
Action.c(83): Notify: Transaction "1_WelcomePage" ended with a "Pass" status (Duration: 5,1123 Think Time: 4,9997 Wasted Time: 0,0003).	[MsgId: MMSG-16870]
Action.c(85): web_reg_find started  	[MsgId: MMSG-26355]
Action.c(85): Registering web_reg_find was successful  	[MsgId: MMSG-26390]
Action.c(89): Notify: Transaction "2_Login" started.	[MsgId: MMSG-16999]
Action.c(91): web_add_header("Origin") started  	[MsgId: MMSG-26355]
Action.c(91): web_add_header("Origin") was successful  	[MsgId: MMSG-26392]
Action.c(94): web_add_auto_header("Sec-Fetch-User") started  	[MsgId: MMSG-26355]
Action.c(94): web_add_auto_header("Sec-Fetch-User") was successful  	[MsgId: MMSG-26392]
Action.c(97): lr_think_time: 5,00 seconds.	[MsgId: MMSG-15948]
Action.c(99): web_submit_data("login.pl") started  	[MsgId: MMSG-26355]
Action.c(99): Error -26366: "Text=User password was correct" not found for web_reg_find  	[MsgId: MERR-26366]
End auto log messages stack.	[MsgId: MMSG-10544]


Start auto log messages stack - Iteration 17.	[MsgId: MMSG-10545]
Action.c(83): Notify: Transaction "1_WelcomePage" ended with a "Pass" status (Duration: 5,1269 Think Time: 4,9999 Wasted Time: 0,0002).	[MsgId: MMSG-16870]
Action.c(85): web_reg_find started  	[MsgId: MMSG-26355]
Action.c(85): Registering web_reg_find was successful  	[MsgId: MMSG-26390]
Action.c(89): Notify: Transaction "2_Login" started.	[MsgId: MMSG-16999]
Action.c(91): web_add_header("Origin") started  	[MsgId: MMSG-26355]
Action.c(91): web_add_header("Origin") was successful  	[MsgId: MMSG-26392]
Action.c(94): web_add_auto_header("Sec-Fetch-User") started  	[MsgId: MMSG-26355]
Action.c(94): web_add_auto_header("Sec-Fetch-User") was successful  	[MsgId: MMSG-26392]
Action.c(97): lr_think_time: 5,00 seconds.	[MsgId: MMSG-15948]
Action.c(99): web_submit_data("login.pl") started  	[MsgId: MMSG-26355]
Action.c(99): Error -26366: "Text=User password was correct" not found for web_reg_find  	[MsgId: MERR-26366]
End auto log messages stack.	[MsgId: MMSG-10544]


