Start auto log messages stack - Iteration 2.	[MsgId: MMSG-10545]
Action.c(79): Notify: Transaction "1_WelcomePage" ended with a "Pass" status (Duration: 5,1309 Think Time: 5,0114 Wasted Time: 0,0002).	[MsgId: MMSG-16870]
Action.c(81): web_reg_find started  	[MsgId: MMSG-26355]
Action.c(81): Registering web_reg_find was successful  	[MsgId: MMSG-26390]
Action.c(85): Notify: Transaction "2_Login" started.	[MsgId: MMSG-16999]
Action.c(87): web_add_header("Origin") started  	[MsgId: MMSG-26355]
Action.c(87): web_add_header("Origin") was successful  	[MsgId: MMSG-26392]
Action.c(90): web_add_auto_header("Sec-Fetch-User") started  	[MsgId: MMSG-26355]
Action.c(90): web_add_auto_header("Sec-Fetch-User") was successful  	[MsgId: MMSG-26392]
Action.c(93): lr_think_time: 5,00 seconds.	[MsgId: MMSG-15948]
Action.c(95): web_submit_data("login.pl") started  	[MsgId: MMSG-26355]
Action.c(95): Error -26366: "Text=User password was correct" not found for web_reg_find  	[MsgId: MERR-26366]
End auto log messages stack.	[MsgId: MMSG-10544]


Start auto log messages stack - Iteration 3.	[MsgId: MMSG-10545]
Action.c(79): Notify: Transaction "1_WelcomePage" ended with a "Pass" status (Duration: 5,1394 Think Time: 5,0077 Wasted Time: 0,0004).	[MsgId: MMSG-16870]
Action.c(81): web_reg_find started  	[MsgId: MMSG-26355]
Action.c(81): Registering web_reg_find was successful  	[MsgId: MMSG-26390]
Action.c(85): Notify: Transaction "2_Login" started.	[MsgId: MMSG-16999]
Action.c(87): web_add_header("Origin") started  	[MsgId: MMSG-26355]
Action.c(87): web_add_header("Origin") was successful  	[MsgId: MMSG-26392]
Action.c(90): web_add_auto_header("Sec-Fetch-User") started  	[MsgId: MMSG-26355]
Action.c(90): web_add_auto_header("Sec-Fetch-User") was successful  	[MsgId: MMSG-26392]
Action.c(93): lr_think_time: 5,00 seconds.	[MsgId: MMSG-15948]
Action.c(95): web_submit_data("login.pl") started  	[MsgId: MMSG-26355]
Action.c(95): Error -26366: "Text=User password was correct" not found for web_reg_find  	[MsgId: MERR-26366]
End auto log messages stack.	[MsgId: MMSG-10544]


Start auto log messages stack - Iteration 4.	[MsgId: MMSG-10545]
Action.c(79): Notify: Transaction "1_WelcomePage" ended with a "Pass" status (Duration: 5,1780 Think Time: 5,0105 Wasted Time: 0,0003).	[MsgId: MMSG-16870]
Action.c(81): web_reg_find started  	[MsgId: MMSG-26355]
Action.c(81): Registering web_reg_find was successful  	[MsgId: MMSG-26390]
Action.c(85): Notify: Transaction "2_Login" started.	[MsgId: MMSG-16999]
Action.c(87): web_add_header("Origin") started  	[MsgId: MMSG-26355]
Action.c(87): web_add_header("Origin") was successful  	[MsgId: MMSG-26392]
Action.c(90): web_add_auto_header("Sec-Fetch-User") started  	[MsgId: MMSG-26355]
Action.c(90): web_add_auto_header("Sec-Fetch-User") was successful  	[MsgId: MMSG-26392]
Action.c(93): lr_think_time: 5,00 seconds.	[MsgId: MMSG-15948]
Action.c(95): web_submit_data("login.pl") started  	[MsgId: MMSG-26355]
Action.c(95): Error -26366: "Text=User password was correct" not found for web_reg_find  	[MsgId: MERR-26366]
End auto log messages stack.	[MsgId: MMSG-10544]


Start auto log messages stack - Iteration 2.	[MsgId: MMSG-10545]
Action.c(79): Notify: Transaction "1_WelcomePage" ended with a "Pass" status (Duration: 5,1083 Think Time: 5,0067 Wasted Time: 0,0002).	[MsgId: MMSG-16870]
Action.c(81): web_reg_find started  	[MsgId: MMSG-26355]
Action.c(81): Registering web_reg_find was successful  	[MsgId: MMSG-26390]
Action.c(85): Notify: Transaction "2_Login" started.	[MsgId: MMSG-16999]
Action.c(87): web_add_header("Origin") started  	[MsgId: MMSG-26355]
Action.c(87): web_add_header("Origin") was successful  	[MsgId: MMSG-26392]
Action.c(90): web_add_auto_header("Sec-Fetch-User") started  	[MsgId: MMSG-26355]
Action.c(90): web_add_auto_header("Sec-Fetch-User") was successful  	[MsgId: MMSG-26392]
Action.c(93): lr_think_time: 5,00 seconds.	[MsgId: MMSG-15948]
Action.c(95): web_submit_data("login.pl") started  	[MsgId: MMSG-26355]
Action.c(95): Error -26366: "Text=User password was correct" not found for web_reg_find  	[MsgId: MERR-26366]
End auto log messages stack.	[MsgId: MMSG-10544]


Start auto log messages stack - Iteration 5.	[MsgId: MMSG-10545]
Action.c(79): Notify: Transaction "1_WelcomePage" ended with a "Pass" status (Duration: 5,1381 Think Time: 5,0048 Wasted Time: 0,0016).	[MsgId: MMSG-16870]
Action.c(81): web_reg_find started  	[MsgId: MMSG-26355]
Action.c(81): Registering web_reg_find was successful  	[MsgId: MMSG-26390]
Action.c(85): Notify: Transaction "2_Login" started.	[MsgId: MMSG-16999]
Action.c(87): web_add_header("Origin") started  	[MsgId: MMSG-26355]
Action.c(87): web_add_header("Origin") was successful  	[MsgId: MMSG-26392]
Action.c(90): web_add_auto_header("Sec-Fetch-User") started  	[MsgId: MMSG-26355]
Action.c(90): web_add_auto_header("Sec-Fetch-User") was successful  	[MsgId: MMSG-26392]
Action.c(93): lr_think_time: 5,00 seconds.	[MsgId: MMSG-15948]
Action.c(95): web_submit_data("login.pl") started  	[MsgId: MMSG-26355]
Action.c(95): Error -26366: "Text=User password was correct" not found for web_reg_find  	[MsgId: MERR-26366]
End auto log messages stack.	[MsgId: MMSG-10544]


Start auto log messages stack - Iteration 3.	[MsgId: MMSG-10545]
Action.c(79): Notify: Transaction "1_WelcomePage" ended with a "Pass" status (Duration: 5,1387 Think Time: 5,0135 Wasted Time: 0,0003).	[MsgId: MMSG-16870]
Action.c(81): web_reg_find started  	[MsgId: MMSG-26355]
Action.c(81): Registering web_reg_find was successful  	[MsgId: MMSG-26390]
Action.c(85): Notify: Transaction "2_Login" started.	[MsgId: MMSG-16999]
Action.c(87): web_add_header("Origin") started  	[MsgId: MMSG-26355]
Action.c(87): web_add_header("Origin") was successful  	[MsgId: MMSG-26392]
Action.c(90): web_add_auto_header("Sec-Fetch-User") started  	[MsgId: MMSG-26355]
Action.c(90): web_add_auto_header("Sec-Fetch-User") was successful  	[MsgId: MMSG-26392]
Action.c(93): lr_think_time: 5,00 seconds.	[MsgId: MMSG-15948]
Action.c(95): web_submit_data("login.pl") started  	[MsgId: MMSG-26355]
Action.c(95): Error -26366: "Text=User password was correct" not found for web_reg_find  	[MsgId: MERR-26366]
End auto log messages stack.	[MsgId: MMSG-10544]


Start auto log messages stack - Iteration 6.	[MsgId: MMSG-10545]
Action.c(79): Notify: Transaction "1_WelcomePage" ended with a "Pass" status (Duration: 5,1094 Think Time: 5,0013 Wasted Time: 0,0002).	[MsgId: MMSG-16870]
Action.c(81): web_reg_find started  	[MsgId: MMSG-26355]
Action.c(81): Registering web_reg_find was successful  	[MsgId: MMSG-26390]
Action.c(85): Notify: Transaction "2_Login" started.	[MsgId: MMSG-16999]
Action.c(87): web_add_header("Origin") started  	[MsgId: MMSG-26355]
Action.c(87): web_add_header("Origin") was successful  	[MsgId: MMSG-26392]
Action.c(90): web_add_auto_header("Sec-Fetch-User") started  	[MsgId: MMSG-26355]
Action.c(90): web_add_auto_header("Sec-Fetch-User") was successful  	[MsgId: MMSG-26392]
Action.c(93): lr_think_time: 5,00 seconds.	[MsgId: MMSG-15948]
Action.c(95): web_submit_data("login.pl") started  	[MsgId: MMSG-26355]
Action.c(95): Error -26366: "Text=User password was correct" not found for web_reg_find  	[MsgId: MERR-26366]
End auto log messages stack.	[MsgId: MMSG-10544]


