Action.c(81): web_reg_find started  	[MsgId: MMSG-26355]
Action.c(81): Registering web_reg_find was successful  	[MsgId: MMSG-26390]
Action.c(85): Notify: Transaction "2_Login" started.	[MsgId: MMSG-16999]
Action.c(87): web_add_header("Origin") started  	[MsgId: MMSG-26355]
Action.c(87): web_add_header("Origin") was successful  	[MsgId: MMSG-26392]
Action.c(90): web_add_auto_header("Sec-Fetch-User") started  	[MsgId: MMSG-26355]
Action.c(90): web_add_auto_header("Sec-Fetch-User") was successful  	[MsgId: MMSG-26392]
Action.c(93): lr_think_time: 5,00 seconds.	[MsgId: MMSG-15948]
Action.c(95): web_submit_data("login.pl") started  	[MsgId: MMSG-26355]
Action.c(95): Error -26366: "Text=User password was correct" not found for web_reg_find  	[MsgId: MERR-26366]
End auto log messages stack.	[MsgId: MMSG-10544]


Start auto log messages stack - Iteration 154.	[MsgId: MMSG-10545]
Action.c(79): Notify: Transaction "1_WelcomePage" ended with a "Pass" status (Duration: 5,2321 Think Time: 5,0001 Wasted Time: 0,0004).	[MsgId: MMSG-16870]
Action.c(81): web_reg_find started  	[MsgId: MMSG-26355]
Action.c(81): Registering web_reg_find was successful  	[MsgId: MMSG-26390]
Action.c(85): Notify: Transaction "2_Login" started.	[MsgId: MMSG-16999]
Action.c(87): web_add_header("Origin") started  	[MsgId: MMSG-26355]
Action.c(87): web_add_header("Origin") was successful  	[MsgId: MMSG-26392]
Action.c(90): web_add_auto_header("Sec-Fetch-User") started  	[MsgId: MMSG-26355]
Action.c(90): web_add_auto_header("Sec-Fetch-User") was successful  	[MsgId: MMSG-26392]
Action.c(93): lr_think_time: 5,00 seconds.	[MsgId: MMSG-15948]
Action.c(95): web_submit_data("login.pl") started  	[MsgId: MMSG-26355]
Action.c(95): Error -26366: "Text=User password was correct" not found for web_reg_find  	[MsgId: MERR-26366]
End auto log messages stack.	[MsgId: MMSG-10544]


Start auto log messages stack - Iteration 157.	[MsgId: MMSG-10545]
Action.c(79): Notify: Transaction "1_WelcomePage" ended with a "Pass" status (Duration: 5,1315 Think Time: 5,0033 Wasted Time: 0,0002).	[MsgId: MMSG-16870]
Action.c(81): web_reg_find started  	[MsgId: MMSG-26355]
Action.c(81): Registering web_reg_find was successful  	[MsgId: MMSG-26390]
Action.c(85): Notify: Transaction "2_Login" started.	[MsgId: MMSG-16999]
Action.c(87): web_add_header("Origin") started  	[MsgId: MMSG-26355]
Action.c(87): web_add_header("Origin") was successful  	[MsgId: MMSG-26392]
Action.c(90): web_add_auto_header("Sec-Fetch-User") started  	[MsgId: MMSG-26355]
Action.c(90): web_add_auto_header("Sec-Fetch-User") was successful  	[MsgId: MMSG-26392]
Action.c(93): lr_think_time: 5,00 seconds.	[MsgId: MMSG-15948]
Action.c(95): web_submit_data("login.pl") started  	[MsgId: MMSG-26355]
Action.c(95): Error -26366: "Text=User password was correct" not found for web_reg_find  	[MsgId: MERR-26366]
End auto log messages stack.	[MsgId: MMSG-10544]


Start auto log messages stack - Iteration 411.	[MsgId: MMSG-10545]
Action.c(79): Notify: Transaction "1_WelcomePage" ended with a "Pass" status (Duration: 5,2320 Think Time: 5,0066 Wasted Time: 0,0003).	[MsgId: MMSG-16870]
Action.c(81): web_reg_find started  	[MsgId: MMSG-26355]
Action.c(81): Registering web_reg_find was successful  	[MsgId: MMSG-26390]
Action.c(85): Notify: Transaction "2_Login" started.	[MsgId: MMSG-16999]
Action.c(87): web_add_header("Origin") started  	[MsgId: MMSG-26355]
Action.c(87): web_add_header("Origin") was successful  	[MsgId: MMSG-26392]
Action.c(90): web_add_auto_header("Sec-Fetch-User") started  	[MsgId: MMSG-26355]
Action.c(90): web_add_auto_header("Sec-Fetch-User") was successful  	[MsgId: MMSG-26392]
Action.c(93): lr_think_time: 5,00 seconds.	[MsgId: MMSG-15948]
Action.c(95): web_submit_data("login.pl") started  	[MsgId: MMSG-26355]
Action.c(95): Error -26366: "Text=User password was correct" not found for web_reg_find  	[MsgId: MERR-26366]
End auto log messages stack.	[MsgId: MMSG-10544]


Start auto log messages stack - Iteration 409.	[MsgId: MMSG-10545]
Action.c(79): Notify: Transaction "1_WelcomePage" ended with a "Pass" status (Duration: 5,5749 Think Time: 5,4091 Wasted Time: 0,0004).	[MsgId: MMSG-16870]
Action.c(81): web_reg_find started  	[MsgId: MMSG-26355]
Action.c(81): Registering web_reg_find was successful  	[MsgId: MMSG-26390]
Action.c(85): Notify: Transaction "2_Login" started.	[MsgId: MMSG-16999]
Action.c(87): web_add_header("Origin") started  	[MsgId: MMSG-26355]
Action.c(87): web_add_header("Origin") was successful  	[MsgId: MMSG-26392]
Action.c(90): web_add_auto_header("Sec-Fetch-User") started  	[MsgId: MMSG-26355]
Action.c(90): web_add_auto_header("Sec-Fetch-User") was successful  	[MsgId: MMSG-26392]
Action.c(93): lr_think_time: 5,00 seconds.	[MsgId: MMSG-15948]
Action.c(95): web_submit_data("login.pl") started  	[MsgId: MMSG-26355]
Action.c(95): Error -26366: "Text=User password was correct" not found for web_reg_find  	[MsgId: MERR-26366]
End auto log messages stack.	[MsgId: MMSG-10544]


Start auto log messages stack - Iteration 317.	[MsgId: MMSG-10545]
Action.c(79): Notify: Transaction "1_WelcomePage" ended with a "Pass" status (Duration: 5,5892 Think Time: 5,4097 Wasted Time: 0,0004).	[MsgId: MMSG-16870]
Action.c(81): web_reg_find started  	[MsgId: MMSG-26355]
Action.c(81): Registering web_reg_find was successful  	[MsgId: MMSG-26390]
Action.c(85): Notify: Transaction "2_Login" started.	[MsgId: MMSG-16999]
Action.c(87): web_add_header("Origin") started  	[MsgId: MMSG-26355]
Action.c(87): web_add_header("Origin") was successful  	[MsgId: MMSG-26392]
Action.c(90): web_add_auto_header("Sec-Fetch-User") started  	[MsgId: MMSG-26355]
Action.c(90): web_add_auto_header("Sec-Fetch-User") was successful  	[MsgId: MMSG-26392]
Action.c(93): lr_think_time: 5,00 seconds.	[MsgId: MMSG-15948]
Action.c(95): web_submit_data("login.pl") started  	[MsgId: MMSG-26355]
Action.c(95): Error -26366: "Text=User password was correct" not found for web_reg_find  	[MsgId: MERR-26366]
End auto log messages stack.	[MsgId: MMSG-10544]


Start auto log messages stack - Iteration 317.	[MsgId: MMSG-10545]
Action.c(79): Notify: Transaction "1_WelcomePage" ended with a "Pass" status (Duration: 5,1894 Think Time: 5,0010 Wasted Time: 0,0003).	[MsgId: MMSG-16870]
Action.c(81): web_reg_find started  	[MsgId: MMSG-26355]
Action.c(81): Registering web_reg_find was successful  	[MsgId: MMSG-26390]
Action.c(85): Notify: Transaction "2_Login" started.	[MsgId: MMSG-16999]
Action.c(87): web_add_header("Origin") started  	[MsgId: MMSG-26355]
Action.c(87): web_add_header("Origin") was successful  	[MsgId: MMSG-26392]
Action.c(90): web_add_auto_header("Sec-Fetch-User") started  	[MsgId: MMSG-26355]
Action.c(90): web_add_auto_header("Sec-Fetch-User") was successful  	[MsgId: MMSG-26392]
Action.c(93): lr_think_time: 5,00 seconds.	[MsgId: MMSG-15948]
Action.c(95): web_submit_data("login.pl") started  	[MsgId: MMSG-26355]
Action.c(95): Error -26366: "Text=User password was correct" not found for web_reg_find  	[MsgId: MERR-26366]
End auto log messages stack.	[MsgId: MMSG-10544]


Start auto log messages stack - Iteration 155.	[MsgId: MMSG-10545]
Action.c(79): Notify: Transaction "1_WelcomePage" ended with a "Pass" status (Duration: 5,2430 Think Time: 5,0109 Wasted Time: 0,0002).	[MsgId: MMSG-16870]
Action.c(81): web_reg_find started  	[MsgId: MMSG-26355]
Action.c(81): Registering web_reg_find was successful  	[MsgId: MMSG-26390]
Action.c(85): Notify: Transaction "2_Login" started.	[MsgId: MMSG-16999]
Action.c(87): web_add_header("Origin") started  	[MsgId: MMSG-26355]
Action.c(87): web_add_header("Origin") was successful  	[MsgId: MMSG-26392]
Action.c(90): web_add_auto_header("Sec-Fetch-User") started  	[MsgId: MMSG-26355]
Action.c(90): web_add_auto_header("Sec-Fetch-User") was successful  	[MsgId: MMSG-26392]
Action.c(93): lr_think_time: 5,00 seconds.	[MsgId: MMSG-15948]
Action.c(95): web_submit_data("login.pl") started  	[MsgId: MMSG-26355]
Action.c(95): Error -26366: "Text=User password was correct" not found for web_reg_find  	[MsgId: MERR-26366]
End auto log messages stack.	[MsgId: MMSG-10544]


Start auto log messages stack - Iteration 158.	[MsgId: MMSG-10545]
Action.c(79): Notify: Transaction "1_WelcomePage" ended with a "Pass" status (Duration: 5,1302 Think Time: 5,0029 Wasted Time: 0,0003).	[MsgId: MMSG-16870]
Action.c(81): web_reg_find started  	[MsgId: MMSG-26355]
Action.c(81): Registering web_reg_find was successful  	[MsgId: MMSG-26390]
Action.c(85): Notify: Transaction "2_Login" started.	[MsgId: MMSG-16999]
Action.c(87): web_add_header("Origin") started  	[MsgId: MMSG-26355]
Action.c(87): web_add_header("Origin") was successful  	[MsgId: MMSG-26392]
Action.c(90): web_add_auto_header("Sec-Fetch-User") started  	[MsgId: MMSG-26355]
Action.c(90): web_add_auto_header("Sec-Fetch-User") was successful  	[MsgId: MMSG-26392]
Action.c(93): lr_think_time: 5,00 seconds.	[MsgId: MMSG-15948]
Action.c(95): web_submit_data("login.pl") started  	[MsgId: MMSG-26355]
Action.c(95): Error -26366: "Text=User password was correct" not found for web_reg_find  	[MsgId: MERR-26366]
End auto log messages stack.	[MsgId: MMSG-10544]


Start auto log messages stack - Iteration 412.	[MsgId: MMSG-10545]
Action.c(79): Notify: Transaction "1_WelcomePage" ended with a "Pass" status (Duration: 5,1348 Think Time: 5,0072 Wasted Time: 0,0003).	[MsgId: MMSG-16870]
Action.c(81): web_reg_find started  	[MsgId: MMSG-26355]
Action.c(81): Registering web_reg_find was successful  	[MsgId: MMSG-26390]
Action.c(85): Notify: Transaction "2_Login" started.	[MsgId: MMSG-16999]
Action.c(87): web_add_header("Origin") started  	[MsgId: MMSG-26355]
Action.c(87): web_add_header("Origin") was successful  	[MsgId: MMSG-26392]
Action.c(90): web_add_auto_header("Sec-Fetch-User") started  	[MsgId: MMSG-26355]
Action.c(90): web_add_auto_header("Sec-Fetch-User") was successful  	[MsgId: MMSG-26392]
Action.c(93): lr_think_time: 5,00 seconds.	[MsgId: MMSG-15948]
Action.c(95): web_submit_data("login.pl") started  	[MsgId: MMSG-26355]
Action.c(95): Error -26366: "Text=User password was correct" not found for web_reg_find  	[MsgId: MERR-26366]
End auto log messages stack.	[MsgId: MMSG-10544]


Start auto log messages stack - Iteration 410.	[MsgId: MMSG-10545]
Action.c(79): Notify: Transaction "1_WelcomePage" ended with a "Pass" status (Duration: 5,1876 Think Time: 5,0167 Wasted Time: 0,0003).	[MsgId: MMSG-16870]
Action.c(81): web_reg_find started  	[MsgId: MMSG-26355]
Action.c(81): Registering web_reg_find was successful  	[MsgId: MMSG-26390]
Action.c(85): Notify: Transaction "2_Login" started.	[MsgId: MMSG-16999]
Action.c(87): web_add_header("Origin") started  	[MsgId: MMSG-26355]
Action.c(87): web_add_header("Origin") was successful  	[MsgId: MMSG-26392]
Action.c(90): web_add_auto_header("Sec-Fetch-User") started  	[MsgId: MMSG-26355]
Action.c(90): web_add_auto_header("Sec-Fetch-User") was successful  	[MsgId: MMSG-26392]
Action.c(93): lr_think_time: 5,00 seconds.	[MsgId: MMSG-15948]
Action.c(95): web_submit_data("login.pl") started  	[MsgId: MMSG-26355]
Action.c(95): Error -26366: "Text=User password was correct" not found for web_reg_find  	[MsgId: MERR-26366]
End auto log messages stack.	[MsgId: MMSG-10544]


Start auto log messages stack - Iteration 318.	[MsgId: MMSG-10545]
Action.c(79): Notify: Transaction "1_WelcomePage" ended with a "Pass" status (Duration: 5,1983 Think Time: 5,0283 Wasted Time: 0,0003).	[MsgId: MMSG-16870]
Action.c(81): web_reg_find started  	[MsgId: MMSG-26355]
Action.c(81): Registering web_reg_find was successful  	[MsgId: MMSG-26390]
Action.c(85): Notify: Transaction "2_Login" started.	[MsgId: MMSG-16999]
Action.c(87): web_add_header("Origin") started  	[MsgId: MMSG-26355]
Action.c(87): web_add_header("Origin") was successful  	[MsgId: MMSG-26392]
Action.c(90): web_add_auto_header("Sec-Fetch-User") started  	[MsgId: MMSG-26355]
Action.c(90): web_add_auto_header("Sec-Fetch-User") was successful  	[MsgId: MMSG-26392]
Action.c(93): lr_think_time: 5,00 seconds.	[MsgId: MMSG-15948]
Action.c(95): web_submit_data("login.pl") started  	[MsgId: MMSG-26355]
Action.c(95): Error -26366: "Text=User password was correct" not found for web_reg_find  	[MsgId: MERR-26366]
End auto log messages stack.	[MsgId: MMSG-10544]


Start auto log messages stack - Iteration 318.	[MsgId: MMSG-10545]
Action.c(79): Notify: Transaction "1_WelcomePage" ended with a "Pass" status (Duration: 5,1848 Think Time: 5,0014 Wasted Time: 0,0006).	[MsgId: MMSG-16870]
Action.c(81): web_reg_find started  	[MsgId: MMSG-26355]
Action.c(81): Registering web_reg_find was successful  	[MsgId: MMSG-26390]
Action.c(85): Notify: Transaction "2_Login" started.	[MsgId: MMSG-16999]
Action.c(87): web_add_header("Origin") started  	[MsgId: MMSG-26355]
Action.c(87): web_add_header("Origin") was successful  	[MsgId: MMSG-26392]
Action.c(90): web_add_auto_header("Sec-Fetch-User") started  	[MsgId: MMSG-26355]
Action.c(90): web_add_auto_header("Sec-Fetch-User") was successful  	[MsgId: MMSG-26392]
Action.c(93): lr_think_time: 5,00 seconds.	[MsgId: MMSG-15948]
Action.c(95): web_submit_data("login.pl") started  	[MsgId: MMSG-26355]
Action.c(95): Error -26366: "Text=User password was correct" not found for web_reg_find  	[MsgId: MERR-26366]
End auto log messages stack.	[MsgId: MMSG-10544]


Start auto log messages stack - Iteration 156.	[MsgId: MMSG-10545]
Action.c(79): Notify: Transaction "1_WelcomePage" ended with a "Pass" status (Duration: 5,1194 Think Time: 5,0032 Wasted Time: 0,0005).	[MsgId: MMSG-16870]
Action.c(81): web_reg_find started  	[MsgId: MMSG-26355]
Action.c(81): Registering web_reg_find was successful  	[MsgId: MMSG-26390]
Action.c(85): Notify: Transaction "2_Login" started.	[MsgId: MMSG-16999]
Action.c(87): web_add_header("Origin") started  	[MsgId: MMSG-26355]
Action.c(87): web_add_header("Origin") was successful  	[MsgId: MMSG-26392]
Action.c(90): web_add_auto_header("Sec-Fetch-User") started  	[MsgId: MMSG-26355]
Action.c(90): web_add_auto_header("Sec-Fetch-User") was successful  	[MsgId: MMSG-26392]
Action.c(93): lr_think_time: 5,00 seconds.	[MsgId: MMSG-15948]
Action.c(95): web_submit_data("login.pl") started  	[MsgId: MMSG-26355]
Action.c(95): Error -26366: "Text=User password was correct" not found for web_reg_find  	[MsgId: MERR-26366]
End auto log messages stack.	[MsgId: MMSG-10544]


Start auto log messages stack - Iteration 159.	[MsgId: MMSG-10545]
Action.c(79): Notify: Transaction "1_WelcomePage" ended with a "Pass" status (Duration: 5,1105 Think Time: 5,0005 Wasted Time: 0,0003).	[MsgId: MMSG-16870]
Action.c(81): web_reg_find started  	[MsgId: MMSG-26355]
Action.c(81): Registering web_reg_find was successful  	[MsgId: MMSG-26390]
Action.c(85): Notify: Transaction "2_Login" started.	[MsgId: MMSG-16999]
Action.c(87): web_add_header("Origin") started  	[MsgId: MMSG-26355]
Action.c(87): web_add_header("Origin") was successful  	[MsgId: MMSG-26392]
Action.c(90): web_add_auto_header("Sec-Fetch-User") started  	[MsgId: MMSG-26355]
Action.c(90): web_add_auto_header("Sec-Fetch-User") was successful  	[MsgId: MMSG-26392]
Action.c(93): lr_think_time: 5,00 seconds.	[MsgId: MMSG-15948]
Action.c(95): web_submit_data("login.pl") started  	[MsgId: MMSG-26355]
Action.c(95): Error -26366: "Text=User password was correct" not found for web_reg_find  	[MsgId: MERR-26366]
End auto log messages stack.	[MsgId: MMSG-10544]


Start auto log messages stack - Iteration 413.	[MsgId: MMSG-10545]
Action.c(79): Notify: Transaction "1_WelcomePage" ended with a "Pass" status (Duration: 5,1698 Think Time: 5,0252 Wasted Time: 0,0007).	[MsgId: MMSG-16870]
Action.c(81): web_reg_find started  	[MsgId: MMSG-26355]
Action.c(81): Registering web_reg_find was successful  	[MsgId: MMSG-26390]
Action.c(85): Notify: Transaction "2_Login" started.	[MsgId: MMSG-16999]
Action.c(87): web_add_header("Origin") started  	[MsgId: MMSG-26355]
Action.c(87): web_add_header("Origin") was successful  	[MsgId: MMSG-26392]
Action.c(90): web_add_auto_header("Sec-Fetch-User") started  	[MsgId: MMSG-26355]
Action.c(90): web_add_auto_header("Sec-Fetch-User") was successful  	[MsgId: MMSG-26392]
Action.c(93): lr_think_time: 5,00 seconds.	[MsgId: MMSG-15948]
Action.c(95): web_submit_data("login.pl") started  	[MsgId: MMSG-26355]
Action.c(95): Error -26366: "Text=User password was correct" not found for web_reg_find  	[MsgId: MERR-26366]
End auto log messages stack.	[MsgId: MMSG-10544]


Start auto log messages stack - Iteration 411.	[MsgId: MMSG-10545]
Action.c(79): Notify: Transaction "1_WelcomePage" ended with a "Pass" status (Duration: 5,5436 Think Time: 5,2488 Wasted Time: 0,0005).	[MsgId: MMSG-16870]
Action.c(81): web_reg_find started  	[MsgId: MMSG-26355]
Action.c(81): Registering web_reg_find was successful  	[MsgId: MMSG-26390]
Action.c(85): Notify: Transaction "2_Login" started.	[MsgId: MMSG-16999]
Action.c(87): web_add_header("Origin") started  	[MsgId: MMSG-26355]
Action.c(87): web_add_header("Origin") was successful  	[MsgId: MMSG-26392]
Action.c(90): web_add_auto_header("Sec-Fetch-User") started  	[MsgId: MMSG-26355]
Action.c(90): web_add_auto_header("Sec-Fetch-User") was successful  	[MsgId: MMSG-26392]
Action.c(93): lr_think_time: 5,00 seconds.	[MsgId: MMSG-15948]
Action.c(95): web_submit_data("login.pl") started  	[MsgId: MMSG-26355]
Action.c(95): Error -26366: "Text=User password was correct" not found for web_reg_find  	[MsgId: MERR-26366]
End auto log messages stack.	[MsgId: MMSG-10544]


Start auto log messages stack - Iteration 319.	[MsgId: MMSG-10545]
Action.c(79): Notify: Transaction "1_WelcomePage" ended with a "Pass" status (Duration: 5,4818 Think Time: 5,2025 Wasted Time: 0,0007).	[MsgId: MMSG-16870]
Action.c(81): web_reg_find started  	[MsgId: MMSG-26355]
Action.c(81): Registering web_reg_find was successful  	[MsgId: MMSG-26390]
Action.c(85): Notify: Transaction "2_Login" started.	[MsgId: MMSG-16999]
Action.c(87): web_add_header("Origin") started  	[MsgId: MMSG-26355]
Action.c(87): web_add_header("Origin") was successful  	[MsgId: MMSG-26392]
Action.c(90): web_add_auto_header("Sec-Fetch-User") started  	[MsgId: MMSG-26355]
Action.c(90): web_add_auto_header("Sec-Fetch-User") was successful  	[MsgId: MMSG-26392]
Action.c(93): lr_think_time: 5,00 seconds.	[MsgId: MMSG-15948]
Action.c(95): web_submit_data("login.pl") started  	[MsgId: MMSG-26355]
Action.c(95): Error -26366: "Text=User password was correct" not found for web_reg_find  	[MsgId: MERR-26366]
End auto log messages stack.	[MsgId: MMSG-10544]


Start auto log messages stack - Iteration 319.	[MsgId: MMSG-10545]
Action.c(79): Notify: Transaction "1_WelcomePage" ended with a "Pass" status (Duration: 5,1870 Think Time: 5,0081 Wasted Time: 0,0003).	[MsgId: MMSG-16870]
Action.c(81): web_reg_find started  	[MsgId: MMSG-26355]
Action.c(81): Registering web_reg_find was successful  	[MsgId: MMSG-26390]
Action.c(85): Notify: Transaction "2_Login" started.	[MsgId: MMSG-16999]
Action.c(87): web_add_header("Origin") started  	[MsgId: MMSG-26355]
Action.c(87): web_add_header("Origin") was successful  	[MsgId: MMSG-26392]
Action.c(90): web_add_auto_header("Sec-Fetch-User") started  	[MsgId: MMSG-26355]
Action.c(90): web_add_auto_header("Sec-Fetch-User") was successful  	[MsgId: MMSG-26392]
Action.c(93): lr_think_time: 5,00 seconds.	[MsgId: MMSG-15948]
Action.c(95): web_submit_data("login.pl") started  	[MsgId: MMSG-26355]
Action.c(95): Error -26366: "Text=User password was correct" not found for web_reg_find  	[MsgId: MERR-26366]
End auto log messages stack.	[MsgId: MMSG-10544]


Start auto log messages stack - Iteration 157.	[MsgId: MMSG-10545]
Action.c(79): Notify: Transaction "1_WelcomePage" ended with a "Pass" status (Duration: 5,1432 Think Time: 5,0229 Wasted Time: 0,0005).	[MsgId: MMSG-16870]
Action.c(81): web_reg_find started  	[MsgId: MMSG-26355]
Action.c(81): Registering web_reg_find was successful  	[MsgId: MMSG-26390]
Action.c(85): Notify: Transaction "2_Login" started.	[MsgId: MMSG-16999]
Action.c(87): web_add_header("Origin") started  	[MsgId: MMSG-26355]
Action.c(87): web_add_header("Origin") was successful  	[MsgId: MMSG-26392]
Action.c(90): web_add_auto_header("Sec-Fetch-User") started  	[MsgId: MMSG-26355]
Action.c(90): web_add_auto_header("Sec-Fetch-User") was successful  	[MsgId: MMSG-26392]
Action.c(93): lr_think_time: 5,00 seconds.	[MsgId: MMSG-15948]
Action.c(95): web_submit_data("login.pl") started  	[MsgId: MMSG-26355]
Action.c(95): Error -26366: "Text=User password was correct" not found for web_reg_find  	[MsgId: MERR-26366]
End auto log messages stack.	[MsgId: MMSG-10544]


Start auto log messages stack - Iteration 160.	[MsgId: MMSG-10545]
Action.c(79): Notify: Transaction "1_WelcomePage" ended with a "Pass" status (Duration: 5,1543 Think Time: 5,0126 Wasted Time: 0,0003).	[MsgId: MMSG-16870]
Action.c(81): web_reg_find started  	[MsgId: MMSG-26355]
Action.c(81): Registering web_reg_find was successful  	[MsgId: MMSG-26390]
Action.c(85): Notify: Transaction "2_Login" started.	[MsgId: MMSG-16999]
Action.c(87): web_add_header("Origin") started  	[MsgId: MMSG-26355]
Action.c(87): web_add_header("Origin") was successful  	[MsgId: MMSG-26392]
Action.c(90): web_add_auto_header("Sec-Fetch-User") started  	[MsgId: MMSG-26355]
Action.c(90): web_add_auto_header("Sec-Fetch-User") was successful  	[MsgId: MMSG-26392]
Action.c(93): lr_think_time: 5,00 seconds.	[MsgId: MMSG-15948]
Action.c(95): web_submit_data("login.pl") started  	[MsgId: MMSG-26355]
Action.c(95): Error -26366: "Text=User password was correct" not found for web_reg_find  	[MsgId: MERR-26366]
End auto log messages stack.	[MsgId: MMSG-10544]


Start auto log messages stack - Iteration 414.	[MsgId: MMSG-10545]
Action.c(79): Notify: Transaction "1_WelcomePage" ended with a "Pass" status (Duration: 5,1428 Think Time: 5,0146 Wasted Time: 0,0002).	[MsgId: MMSG-16870]
Action.c(81): web_reg_find started  	[MsgId: MMSG-26355]
Action.c(81): Registering web_reg_find was successful  	[MsgId: MMSG-26390]
Action.c(85): Notify: Transaction "2_Login" started.	[MsgId: MMSG-16999]
Action.c(87): web_add_header("Origin") started  	[MsgId: MMSG-26355]
Action.c(87): web_add_header("Origin") was successful  	[MsgId: MMSG-26392]
Action.c(90): web_add_auto_header("Sec-Fetch-User") started  	[MsgId: MMSG-26355]
Action.c(90): web_add_auto_header("Sec-Fetch-User") was successful  	[MsgId: MMSG-26392]
Action.c(93): lr_think_time: 5,00 seconds.	[MsgId: MMSG-15948]
Action.c(95): web_submit_data("login.pl") started  	[MsgId: MMSG-26355]
Action.c(95): Error -26366: "Text=User password was correct" not found for web_reg_find  	[MsgId: MERR-26366]
End auto log messages stack.	[MsgId: MMSG-10544]


Start auto log messages stack - Iteration 320.	[MsgId: MMSG-10545]
Action.c(79): Notify: Transaction "1_WelcomePage" ended with a "Pass" status (Duration: 5,1885 Think Time: 5,0011 Wasted Time: 0,0005).	[MsgId: MMSG-16870]
Action.c(81): web_reg_find started  	[MsgId: MMSG-26355]
Action.c(81): Registering web_reg_find was successful  	[MsgId: MMSG-26390]
Action.c(85): Notify: Transaction "2_Login" started.	[MsgId: MMSG-16999]
Action.c(87): web_add_header("Origin") started  	[MsgId: MMSG-26355]
Action.c(87): web_add_header("Origin") was successful  	[MsgId: MMSG-26392]
Action.c(90): web_add_auto_header("Sec-Fetch-User") started  	[MsgId: MMSG-26355]
Action.c(90): web_add_auto_header("Sec-Fetch-User") was successful  	[MsgId: MMSG-26392]
Action.c(93): lr_think_time: 5,00 seconds.	[MsgId: MMSG-15948]
Action.c(95): web_submit_data("login.pl") started  	[MsgId: MMSG-26355]
Action.c(95): Error -26366: "Text=User password was correct" not found for web_reg_find  	[MsgId: MERR-26366]
End auto log messages stack.	[MsgId: MMSG-10544]


Start auto log messages stack - Iteration 412.	[MsgId: MMSG-10545]
Action.c(79): Notify: Transaction "1_WelcomePage" ended with a "Pass" status (Duration: 5,3223 Think Time: 5,0052 Wasted Time: 0,0004).	[MsgId: MMSG-16870]
Action.c(81): web_reg_find started  	[MsgId: MMSG-26355]
Action.c(81): Registering web_reg_find was successful  	[MsgId: MMSG-26390]
Action.c(85): Notify: Transaction "2_Login" started.	[MsgId: MMSG-16999]
Action.c(87): web_add_header("Origin") started  	[MsgId: MMSG-26355]
Action.c(87): web_add_header("Origin") was successful  	[MsgId: MMSG-26392]
Action.c(90): web_add_auto_header("Sec-Fetch-User") started  	[MsgId: MMSG-26355]
Action.c(90): web_add_auto_header("Sec-Fetch-User") was successful  	[MsgId: MMSG-26392]
Action.c(93): lr_think_time: 5,00 seconds.	[MsgId: MMSG-15948]
Action.c(95): web_submit_data("login.pl") started  	[MsgId: MMSG-26355]
Action.c(95): Error -26366: "Text=User password was correct" not found for web_reg_find  	[MsgId: MERR-26366]
End auto log messages stack.	[MsgId: MMSG-10544]


Start auto log messages stack - Iteration 320.	[MsgId: MMSG-10545]
Action.c(79): Notify: Transaction "1_WelcomePage" ended with a "Pass" status (Duration: 5,1562 Think Time: 5,0115 Wasted Time: 0,0006).	[MsgId: MMSG-16870]
Action.c(81): web_reg_find started  	[MsgId: MMSG-26355]
Action.c(81): Registering web_reg_find was successful  	[MsgId: MMSG-26390]
Action.c(85): Notify: Transaction "2_Login" started.	[MsgId: MMSG-16999]
Action.c(87): web_add_header("Origin") started  	[MsgId: MMSG-26355]
Action.c(87): web_add_header("Origin") was successful  	[MsgId: MMSG-26392]
Action.c(90): web_add_auto_header("Sec-Fetch-User") started  	[MsgId: MMSG-26355]
Action.c(90): web_add_auto_header("Sec-Fetch-User") was successful  	[MsgId: MMSG-26392]
Action.c(93): lr_think_time: 5,00 seconds.	[MsgId: MMSG-15948]
Action.c(95): web_submit_data("login.pl") started  	[MsgId: MMSG-26355]
Action.c(95): Error -26366: "Text=User password was correct" not found for web_reg_find  	[MsgId: MERR-26366]
End auto log messages stack.	[MsgId: MMSG-10544]


Start auto log messages stack - Iteration 158.	[MsgId: MMSG-10545]
Action.c(79): Notify: Transaction "1_WelcomePage" ended with a "Pass" status (Duration: 5,1692 Think Time: 5,0063 Wasted Time: 0,0003).	[MsgId: MMSG-16870]
Action.c(81): web_reg_find started  	[MsgId: MMSG-26355]
Action.c(81): Registering web_reg_find was successful  	[MsgId: MMSG-26390]
Action.c(85): Notify: Transaction "2_Login" started.	[MsgId: MMSG-16999]
Action.c(87): web_add_header("Origin") started  	[MsgId: MMSG-26355]
Action.c(87): web_add_header("Origin") was successful  	[MsgId: MMSG-26392]
Action.c(90): web_add_auto_header("Sec-Fetch-User") started  	[MsgId: MMSG-26355]
Action.c(90): web_add_auto_header("Sec-Fetch-User") was successful  	[MsgId: MMSG-26392]
Action.c(93): lr_think_time: 5,00 seconds.	[MsgId: MMSG-15948]
Action.c(95): web_submit_data("login.pl") started  	[MsgId: MMSG-26355]
Action.c(95): Error -26366: "Text=User password was correct" not found for web_reg_find  	[MsgId: MERR-26366]
End auto log messages stack.	[MsgId: MMSG-10544]


Start auto log messages stack - Iteration 161.	[MsgId: MMSG-10545]
Action.c(79): Notify: Transaction "1_WelcomePage" ended with a "Pass" status (Duration: 5,1439 Think Time: 5,0267 Wasted Time: 0,0003).	[MsgId: MMSG-16870]
Action.c(81): web_reg_find started  	[MsgId: MMSG-26355]
Action.c(81): Registering web_reg_find was successful  	[MsgId: MMSG-26390]
Action.c(85): Notify: Transaction "2_Login" started.	[MsgId: MMSG-16999]
Action.c(87): web_add_header("Origin") started  	[MsgId: MMSG-26355]
Action.c(87): web_add_header("Origin") was successful  	[MsgId: MMSG-26392]
Action.c(90): web_add_auto_header("Sec-Fetch-User") started  	[MsgId: MMSG-26355]
Action.c(90): web_add_auto_header("Sec-Fetch-User") was successful  	[MsgId: MMSG-26392]
Action.c(93): lr_think_time: 5,00 seconds.	[MsgId: MMSG-15948]
Action.c(95): web_submit_data("login.pl") started  	[MsgId: MMSG-26355]
Action.c(95): Error -26366: "Text=User password was correct" not found for web_reg_find  	[MsgId: MERR-26366]
End auto log messages stack.	[MsgId: MMSG-10544]


Start auto log messages stack - Iteration 415.	[MsgId: MMSG-10545]
Action.c(79): Notify: Transaction "1_WelcomePage" ended with a "Pass" status (Duration: 5,1461 Think Time: 5,0046 Wasted Time: 0,0004).	[MsgId: MMSG-16870]
Action.c(81): web_reg_find started  	[MsgId: MMSG-26355]
Action.c(81): Registering web_reg_find was successful  	[MsgId: MMSG-26390]
Action.c(85): Notify: Transaction "2_Login" started.	[MsgId: MMSG-16999]
Action.c(87): web_add_header("Origin") started  	[MsgId: MMSG-26355]
Action.c(87): web_add_header("Origin") was successful  	[MsgId: MMSG-26392]
Action.c(90): web_add_auto_header("Sec-Fetch-User") started  	[MsgId: MMSG-26355]
Action.c(90): web_add_auto_header("Sec-Fetch-User") was successful  	[MsgId: MMSG-26392]
Action.c(93): lr_think_time: 5,00 seconds.	[MsgId: MMSG-15948]
Action.c(95): web_submit_data("login.pl") started  	[MsgId: MMSG-26355]
Action.c(95): Error -26366: "Text=User password was correct" not found for web_reg_find  	[MsgId: MERR-26366]
End auto log messages stack.	[MsgId: MMSG-10544]


Start auto log messages stack - Iteration 413.	[MsgId: MMSG-10545]
Action.c(79): Notify: Transaction "1_WelcomePage" ended with a "Pass" status (Duration: 5,3861 Think Time: 4,9995 Wasted Time: 0,0003).	[MsgId: MMSG-16870]
Action.c(81): web_reg_find started  	[MsgId: MMSG-26355]
Action.c(81): Registering web_reg_find was successful  	[MsgId: MMSG-26390]
Action.c(85): Notify: Transaction "2_Login" started.	[MsgId: MMSG-16999]
Action.c(87): web_add_header("Origin") started  	[MsgId: MMSG-26355]
Action.c(87): web_add_header("Origin") was successful  	[MsgId: MMSG-26392]
Action.c(90): web_add_auto_header("Sec-Fetch-User") started  	[MsgId: MMSG-26355]
Action.c(90): web_add_auto_header("Sec-Fetch-User") was successful  	[MsgId: MMSG-26392]
Action.c(93): lr_think_time: 5,00 seconds.	[MsgId: MMSG-15948]
Action.c(95): web_submit_data("login.pl") started  	[MsgId: MMSG-26355]
Action.c(95): Error -26366: "Text=User password was correct" not found for web_reg_find  	[MsgId: MERR-26366]
End auto log messages stack.	[MsgId: MMSG-10544]


Start auto log messages stack - Iteration 321.	[MsgId: MMSG-10545]
Action.c(79): Notify: Transaction "1_WelcomePage" ended with a "Pass" status (Duration: 5,5361 Think Time: 5,0140 Wasted Time: 0,0006).	[MsgId: MMSG-16870]
Action.c(81): web_reg_find started  	[MsgId: MMSG-26355]
Action.c(81): Registering web_reg_find was successful  	[MsgId: MMSG-26390]
Action.c(85): Notify: Transaction "2_Login" started.	[MsgId: MMSG-16999]
Action.c(87): web_add_header("Origin") started  	[MsgId: MMSG-26355]
Action.c(87): web_add_header("Origin") was successful  	[MsgId: MMSG-26392]
Action.c(90): web_add_auto_header("Sec-Fetch-User") started  	[MsgId: MMSG-26355]
Action.c(90): web_add_auto_header("Sec-Fetch-User") was successful  	[MsgId: MMSG-26392]
Action.c(93): lr_think_time: 5,00 seconds.	[MsgId: MMSG-15948]
Action.c(95): web_submit_data("login.pl") started  	[MsgId: MMSG-26355]
Action.c(95): Error -26366: "Text=User password was correct" not found for web_reg_find  	[MsgId: MERR-26366]
End auto log messages stack.	[MsgId: MMSG-10544]


Start auto log messages stack - Iteration 321.	[MsgId: MMSG-10545]
Action.c(79): Notify: Transaction "1_WelcomePage" ended with a "Pass" status (Duration: 5,1296 Think Time: 5,0083 Wasted Time: 0,0002).	[MsgId: MMSG-16870]
Action.c(81): web_reg_find started  	[MsgId: MMSG-26355]
Action.c(81): Registering web_reg_find was successful  	[MsgId: MMSG-26390]
Action.c(85): Notify: Transaction "2_Login" started.	[MsgId: MMSG-16999]
Action.c(87): web_add_header("Origin") started  	[MsgId: MMSG-26355]
Action.c(87): web_add_header("Origin") was successful  	[MsgId: MMSG-26392]
Action.c(90): web_add_auto_header("Sec-Fetch-User") started  	[MsgId: MMSG-26355]
Action.c(90): web_add_auto_header("Sec-Fetch-User") was successful  	[MsgId: MMSG-26392]
Action.c(93): lr_think_time: 5,00 seconds.	[MsgId: MMSG-15948]
Action.c(95): web_submit_data("login.pl") started  	[MsgId: MMSG-26355]
Action.c(95): Error -26366: "Text=User password was correct" not found for web_reg_find  	[MsgId: MERR-26366]
End auto log messages stack.	[MsgId: MMSG-10544]


Start auto log messages stack - Iteration 159.	[MsgId: MMSG-10545]
Action.c(79): Notify: Transaction "1_WelcomePage" ended with a "Pass" status (Duration: 5,1508 Think Time: 5,0066 Wasted Time: 0,0003).	[MsgId: MMSG-16870]
Action.c(81): web_reg_find started  	[MsgId: MMSG-26355]
Action.c(81): Registering web_reg_find was successful  	[MsgId: MMSG-26390]
Action.c(85): Notify: Transaction "2_Login" started.	[MsgId: MMSG-16999]
Action.c(87): web_add_header("Origin") started  	[MsgId: MMSG-26355]
Action.c(87): web_add_header("Origin") was successful  	[MsgId: MMSG-26392]
Action.c(90): web_add_auto_header("Sec-Fetch-User") started  	[MsgId: MMSG-26355]
Action.c(90): web_add_auto_header("Sec-Fetch-User") was successful  	[MsgId: MMSG-26392]
Action.c(93): lr_think_time: 5,00 seconds.	[MsgId: MMSG-15948]
Action.c(95): web_submit_data("login.pl") started  	[MsgId: MMSG-26355]
Action.c(95): Error -26366: "Text=User password was correct" not found for web_reg_find  	[MsgId: MERR-26366]
End auto log messages stack.	[MsgId: MMSG-10544]


Start auto log messages stack - Iteration 162.	[MsgId: MMSG-10545]
Action.c(79): Notify: Transaction "1_WelcomePage" ended with a "Pass" status (Duration: 5,2303 Think Time: 5,0108 Wasted Time: 0,0004).	[MsgId: MMSG-16870]
Action.c(81): web_reg_find started  	[MsgId: MMSG-26355]
Action.c(81): Registering web_reg_find was successful  	[MsgId: MMSG-26390]
Action.c(85): Notify: Transaction "2_Login" started.	[MsgId: MMSG-16999]
Action.c(87): web_add_header("Origin") started  	[MsgId: MMSG-26355]
Action.c(87): web_add_header("Origin") was successful  	[MsgId: MMSG-26392]
Action.c(90): web_add_auto_header("Sec-Fetch-User") started  	[MsgId: MMSG-26355]
Action.c(90): web_add_auto_header("Sec-Fetch-User") was successful  	[MsgId: MMSG-26392]
Action.c(93): lr_think_time: 5,00 seconds.	[MsgId: MMSG-15948]
Action.c(95): web_submit_data("login.pl") started  	[MsgId: MMSG-26355]
Action.c(95): Error -26366: "Text=User password was correct" not found for web_reg_find  	[MsgId: MERR-26366]
End auto log messages stack.	[MsgId: MMSG-10544]


Start auto log messages stack - Iteration 416.	[MsgId: MMSG-10545]
Action.c(79): Notify: Transaction "1_WelcomePage" ended with a "Pass" status (Duration: 5,1473 Think Time: 5,0021 Wasted Time: 0,0006).	[MsgId: MMSG-16870]
Action.c(81): web_reg_find started  	[MsgId: MMSG-26355]
Action.c(81): Registering web_reg_find was successful  	[MsgId: MMSG-26390]
Action.c(85): Notify: Transaction "2_Login" started.	[MsgId: MMSG-16999]
Action.c(87): web_add_header("Origin") started  	[MsgId: MMSG-26355]
Action.c(87): web_add_header("Origin") was successful  	[MsgId: MMSG-26392]
Action.c(90): web_add_auto_header("Sec-Fetch-User") started  	[MsgId: MMSG-26355]
Action.c(90): web_add_auto_header("Sec-Fetch-User") was successful  	[MsgId: MMSG-26392]
Action.c(93): lr_think_time: 5,00 seconds.	[MsgId: MMSG-15948]
Action.c(95): web_submit_data("login.pl") started  	[MsgId: MMSG-26355]
Action.c(95): Error -26366: "Text=User password was correct" not found for web_reg_find  	[MsgId: MERR-26366]
End auto log messages stack.	[MsgId: MMSG-10544]


Start auto log messages stack - Iteration 322.	[MsgId: MMSG-10545]
Action.c(79): Notify: Transaction "1_WelcomePage" ended with a "Pass" status (Duration: 5,1655 Think Time: 5,0047 Wasted Time: 0,0003).	[MsgId: MMSG-16870]
Action.c(81): web_reg_find started  	[MsgId: MMSG-26355]
Action.c(81): Registering web_reg_find was successful  	[MsgId: MMSG-26390]
Action.c(85): Notify: Transaction "2_Login" started.	[MsgId: MMSG-16999]
Action.c(87): web_add_header("Origin") started  	[MsgId: MMSG-26355]
Action.c(87): web_add_header("Origin") was successful  	[MsgId: MMSG-26392]
Action.c(90): web_add_auto_header("Sec-Fetch-User") started  	[MsgId: MMSG-26355]
Action.c(90): web_add_auto_header("Sec-Fetch-User") was successful  	[MsgId: MMSG-26392]
Action.c(93): lr_think_time: 5,00 seconds.	[MsgId: MMSG-15948]
Action.c(95): web_submit_data("login.pl") started  	[MsgId: MMSG-26355]
Action.c(95): Error -26366: "Text=User password was correct" not found for web_reg_find  	[MsgId: MERR-26366]
End auto log messages stack.	[MsgId: MMSG-10544]


Start auto log messages stack - Iteration 414.	[MsgId: MMSG-10545]
Action.c(79): Notify: Transaction "1_WelcomePage" ended with a "Pass" status (Duration: 5,1712 Think Time: 5,0104 Wasted Time: 0,0003).	[MsgId: MMSG-16870]
Action.c(81): web_reg_find started  	[MsgId: MMSG-26355]
Action.c(81): Registering web_reg_find was successful  	[MsgId: MMSG-26390]
Action.c(85): Notify: Transaction "2_Login" started.	[MsgId: MMSG-16999]
Action.c(87): web_add_header("Origin") started  	[MsgId: MMSG-26355]
Action.c(87): web_add_header("Origin") was successful  	[MsgId: MMSG-26392]
Action.c(90): web_add_auto_header("Sec-Fetch-User") started  	[MsgId: MMSG-26355]
Action.c(90): web_add_auto_header("Sec-Fetch-User") was successful  	[MsgId: MMSG-26392]
Action.c(93): lr_think_time: 5,00 seconds.	[MsgId: MMSG-15948]
Action.c(95): web_submit_data("login.pl") started  	[MsgId: MMSG-26355]
Action.c(95): Error -26366: "Text=User password was correct" not found for web_reg_find  	[MsgId: MERR-26366]
End auto log messages stack.	[MsgId: MMSG-10544]


Start auto log messages stack - Iteration 322.	[MsgId: MMSG-10545]
Action.c(79): Notify: Transaction "1_WelcomePage" ended with a "Pass" status (Duration: 5,1641 Think Time: 5,0100 Wasted Time: 0,0003).	[MsgId: MMSG-16870]
Action.c(81): web_reg_find started  	[MsgId: MMSG-26355]
Action.c(81): Registering web_reg_find was successful  	[MsgId: MMSG-26390]
Action.c(85): Notify: Transaction "2_Login" started.	[MsgId: MMSG-16999]
Action.c(87): web_add_header("Origin") started  	[MsgId: MMSG-26355]
Action.c(87): web_add_header("Origin") was successful  	[MsgId: MMSG-26392]
Action.c(90): web_add_auto_header("Sec-Fetch-User") started  	[MsgId: MMSG-26355]
Action.c(90): web_add_auto_header("Sec-Fetch-User") was successful  	[MsgId: MMSG-26392]
Action.c(93): lr_think_time: 5,00 seconds.	[MsgId: MMSG-15948]
Action.c(95): web_submit_data("login.pl") started  	[MsgId: MMSG-26355]
Action.c(95): Error -26366: "Text=User password was correct" not found for web_reg_find  	[MsgId: MERR-26366]
End auto log messages stack.	[MsgId: MMSG-10544]


Start auto log messages stack - Iteration 160.	[MsgId: MMSG-10545]
Action.c(79): Notify: Transaction "1_WelcomePage" ended with a "Pass" status (Duration: 5,1483 Think Time: 5,0014 Wasted Time: 0,0002).	[MsgId: MMSG-16870]
Action.c(81): web_reg_find started  	[MsgId: MMSG-26355]
Action.c(81): Registering web_reg_find was successful  	[MsgId: MMSG-26390]
Action.c(85): Notify: Transaction "2_Login" started.	[MsgId: MMSG-16999]
Action.c(87): web_add_header("Origin") started  	[MsgId: MMSG-26355]
Action.c(87): web_add_header("Origin") was successful  	[MsgId: MMSG-26392]
Action.c(90): web_add_auto_header("Sec-Fetch-User") started  	[MsgId: MMSG-26355]
Action.c(90): web_add_auto_header("Sec-Fetch-User") was successful  	[MsgId: MMSG-26392]
Action.c(93): lr_think_time: 5,00 seconds.	[MsgId: MMSG-15948]
Action.c(95): web_submit_data("login.pl") started  	[MsgId: MMSG-26355]
Action.c(95): Error -26366: "Text=User password was correct" not found for web_reg_find  	[MsgId: MERR-26366]
End auto log messages stack.	[MsgId: MMSG-10544]


Start auto log messages stack - Iteration 163.	[MsgId: MMSG-10545]
Action.c(79): Notify: Transaction "1_WelcomePage" ended with a "Pass" status (Duration: 5,1759 Think Time: 5,0088 Wasted Time: 0,0007).	[MsgId: MMSG-16870]
Action.c(81): web_reg_find started  	[MsgId: MMSG-26355]
Action.c(81): Registering web_reg_find was successful  	[MsgId: MMSG-26390]
Action.c(85): Notify: Transaction "2_Login" started.	[MsgId: MMSG-16999]
Action.c(87): web_add_header("Origin") started  	[MsgId: MMSG-26355]
Action.c(87): web_add_header("Origin") was successful  	[MsgId: MMSG-26392]
Action.c(90): web_add_auto_header("Sec-Fetch-User") started  	[MsgId: MMSG-26355]
Action.c(90): web_add_auto_header("Sec-Fetch-User") was successful  	[MsgId: MMSG-26392]
Action.c(93): lr_think_time: 5,00 seconds.	[MsgId: MMSG-15948]
Action.c(95): web_submit_data("login.pl") started  	[MsgId: MMSG-26355]
Action.c(95): Error -26366: "Text=User password was correct" not found for web_reg_find  	[MsgId: MERR-26366]
End auto log messages stack.	[MsgId: MMSG-10544]


Start auto log messages stack - Iteration 417.	[MsgId: MMSG-10545]
Action.c(79): Notify: Transaction "1_WelcomePage" ended with a "Pass" status (Duration: 5,1830 Think Time: 5,0190 Wasted Time: 0,0003).	[MsgId: MMSG-16870]
Action.c(81): web_reg_find started  	[MsgId: MMSG-26355]
Action.c(81): Registering web_reg_find was successful  	[MsgId: MMSG-26390]
Action.c(85): Notify: Transaction "2_Login" started.	[MsgId: MMSG-16999]
Action.c(87): web_add_header("Origin") started  	[MsgId: MMSG-26355]
Action.c(87): web_add_header("Origin") was successful  	[MsgId: MMSG-26392]
Action.c(90): web_add_auto_header("Sec-Fetch-User") started  	[MsgId: MMSG-26355]
Action.c(90): web_add_auto_header("Sec-Fetch-User") was successful  	[MsgId: MMSG-26392]
Action.c(93): lr_think_time: 5,00 seconds.	[MsgId: MMSG-15948]
Action.c(95): web_submit_data("login.pl") started  	[MsgId: MMSG-26355]
Action.c(95): Error -26366: "Text=User password was correct" not found for web_reg_find  	[MsgId: MERR-26366]
End auto log messages stack.	[MsgId: MMSG-10544]


Start auto log messages stack - Iteration 415.	[MsgId: MMSG-10545]
Action.c(79): Notify: Transaction "1_WelcomePage" ended with a "Pass" status (Duration: 5,5890 Think Time: 5,0517 Wasted Time: 0,0003).	[MsgId: MMSG-16870]
Action.c(81): web_reg_find started  	[MsgId: MMSG-26355]
Action.c(81): Registering web_reg_find was successful  	[MsgId: MMSG-26390]
Action.c(85): Notify: Transaction "2_Login" started.	[MsgId: MMSG-16999]
Action.c(87): web_add_header("Origin") started  	[MsgId: MMSG-26355]
Action.c(87): web_add_header("Origin") was successful  	[MsgId: MMSG-26392]
Action.c(90): web_add_auto_header("Sec-Fetch-User") started  	[MsgId: MMSG-26355]
Action.c(90): web_add_auto_header("Sec-Fetch-User") was successful  	[MsgId: MMSG-26392]
Action.c(93): lr_think_time: 5,00 seconds.	[MsgId: MMSG-15948]
Action.c(95): web_submit_data("login.pl") started  	[MsgId: MMSG-26355]
Action.c(95): Error -26366: "Text=User password was correct" not found for web_reg_find  	[MsgId: MERR-26366]
End auto log messages stack.	[MsgId: MMSG-10544]


Start auto log messages stack - Iteration 323.	[MsgId: MMSG-10545]
Action.c(79): Notify: Transaction "1_WelcomePage" ended with a "Pass" status (Duration: 5,5802 Think Time: 5,0012 Wasted Time: 0,0012).	[MsgId: MMSG-16870]
Action.c(81): web_reg_find started  	[MsgId: MMSG-26355]
Action.c(81): Registering web_reg_find was successful  	[MsgId: MMSG-26390]
Action.c(85): Notify: Transaction "2_Login" started.	[MsgId: MMSG-16999]
Action.c(87): web_add_header("Origin") started  	[MsgId: MMSG-26355]
Action.c(87): web_add_header("Origin") was successful  	[MsgId: MMSG-26392]
Action.c(90): web_add_auto_header("Sec-Fetch-User") started  	[MsgId: MMSG-26355]
Action.c(90): web_add_auto_header("Sec-Fetch-User") was successful  	[MsgId: MMSG-26392]
Action.c(93): lr_think_time: 5,00 seconds.	[MsgId: MMSG-15948]
Action.c(95): web_submit_data("login.pl") started  	[MsgId: MMSG-26355]
Action.c(95): Error -26366: "Text=User password was correct" not found for web_reg_find  	[MsgId: MERR-26366]
End auto log messages stack.	[MsgId: MMSG-10544]


Start auto log messages stack - Iteration 323.	[MsgId: MMSG-10545]
Action.c(79): Notify: Transaction "1_WelcomePage" ended with a "Pass" status (Duration: 5,1032 Think Time: 5,0050 Wasted Time: 0,0003).	[MsgId: MMSG-16870]
Action.c(81): web_reg_find started  	[MsgId: MMSG-26355]
Action.c(81): Registering web_reg_find was successful  	[MsgId: MMSG-26390]
Action.c(85): Notify: Transaction "2_Login" started.	[MsgId: MMSG-16999]
Action.c(87): web_add_header("Origin") started  	[MsgId: MMSG-26355]
Action.c(87): web_add_header("Origin") was successful  	[MsgId: MMSG-26392]
Action.c(90): web_add_auto_header("Sec-Fetch-User") started  	[MsgId: MMSG-26355]
Action.c(90): web_add_auto_header("Sec-Fetch-User") was successful  	[MsgId: MMSG-26392]
Action.c(93): lr_think_time: 5,00 seconds.	[MsgId: MMSG-15948]
Action.c(95): web_submit_data("login.pl") started  	[MsgId: MMSG-26355]
Action.c(95): Error -26366: "Text=User password was correct" not found for web_reg_find  	[MsgId: MERR-26366]
End auto log messages stack.	[MsgId: MMSG-10544]


Start auto log messages stack - Iteration 161.	[MsgId: MMSG-10545]
Action.c(79): Notify: Transaction "1_WelcomePage" ended with a "Pass" status (Duration: 6,2681 Think Time: 5,0013 Wasted Time: 0,0004).	[MsgId: MMSG-16870]
Action.c(81): web_reg_find started  	[MsgId: MMSG-26355]
Action.c(81): Registering web_reg_find was successful  	[MsgId: MMSG-26390]
Action.c(85): Notify: Transaction "2_Login" started.	[MsgId: MMSG-16999]
Action.c(87): web_add_header("Origin") started  	[MsgId: MMSG-26355]
Action.c(87): web_add_header("Origin") was successful  	[MsgId: MMSG-26392]
Action.c(90): web_add_auto_header("Sec-Fetch-User") started  	[MsgId: MMSG-26355]
Action.c(90): web_add_auto_header("Sec-Fetch-User") was successful  	[MsgId: MMSG-26392]
Action.c(93): lr_think_time: 5,00 seconds.	[MsgId: MMSG-15948]
Action.c(95): web_submit_data("login.pl") started  	[MsgId: MMSG-26355]
Action.c(95): Error -26366: "Text=User password was correct" not found for web_reg_find  	[MsgId: MERR-26366]
End auto log messages stack.	[MsgId: MMSG-10544]


Start auto log messages stack - Iteration 164.	[MsgId: MMSG-10545]
Action.c(79): Notify: Transaction "1_WelcomePage" ended with a "Pass" status (Duration: 5,5304 Think Time: 4,9998 Wasted Time: 0,0003).	[MsgId: MMSG-16870]
Action.c(81): web_reg_find started  	[MsgId: MMSG-26355]
Action.c(81): Registering web_reg_find was successful  	[MsgId: MMSG-26390]
Action.c(85): Notify: Transaction "2_Login" started.	[MsgId: MMSG-16999]
Action.c(87): web_add_header("Origin") started  	[MsgId: MMSG-26355]
Action.c(87): web_add_header("Origin") was successful  	[MsgId: MMSG-26392]
Action.c(90): web_add_auto_header("Sec-Fetch-User") started  	[MsgId: MMSG-26355]
Action.c(90): web_add_auto_header("Sec-Fetch-User") was successful  	[MsgId: MMSG-26392]
Action.c(93): lr_think_time: 5,00 seconds.	[MsgId: MMSG-15948]
Action.c(95): web_submit_data("login.pl") started  	[MsgId: MMSG-26355]
Action.c(95): Error -26366: "Text=User password was correct" not found for web_reg_find  	[MsgId: MERR-26366]
End auto log messages stack.	[MsgId: MMSG-10544]


Start auto log messages stack - Iteration 418.	[MsgId: MMSG-10545]
Action.c(79): Notify: Transaction "1_WelcomePage" ended with a "Pass" status (Duration: 5,2828 Think Time: 5,0465 Wasted Time: 0,0004).	[MsgId: MMSG-16870]
Action.c(81): web_reg_find started  	[MsgId: MMSG-26355]
Action.c(81): Registering web_reg_find was successful  	[MsgId: MMSG-26390]
Action.c(85): Notify: Transaction "2_Login" started.	[MsgId: MMSG-16999]
Action.c(87): web_add_header("Origin") started  	[MsgId: MMSG-26355]
Action.c(87): web_add_header("Origin") was successful  	[MsgId: MMSG-26392]
Action.c(90): web_add_auto_header("Sec-Fetch-User") started  	[MsgId: MMSG-26355]
Action.c(90): web_add_auto_header("Sec-Fetch-User") was successful  	[MsgId: MMSG-26392]
Action.c(93): lr_think_time: 5,00 seconds.	[MsgId: MMSG-15948]
Action.c(95): web_submit_data("login.pl") started  	[MsgId: MMSG-26355]
Action.c(95): Error -26366: "Text=User password was correct" not found for web_reg_find  	[MsgId: MERR-26366]
End auto log messages stack.	[MsgId: MMSG-10544]


Start auto log messages stack - Iteration 416.	[MsgId: MMSG-10545]
Action.c(79): Notify: Transaction "1_WelcomePage" ended with a "Pass" status (Duration: 5,5425 Think Time: 5,0086 Wasted Time: 0,0005).	[MsgId: MMSG-16870]
Action.c(81): web_reg_find started  	[MsgId: MMSG-26355]
Action.c(81): Registering web_reg_find was successful  	[MsgId: MMSG-26390]
Action.c(85): Notify: Transaction "2_Login" started.	[MsgId: MMSG-16999]
Action.c(87): web_add_header("Origin") started  	[MsgId: MMSG-26355]
Action.c(87): web_add_header("Origin") was successful  	[MsgId: MMSG-26392]
Action.c(90): web_add_auto_header("Sec-Fetch-User") started  	[MsgId: MMSG-26355]
Action.c(90): web_add_auto_header("Sec-Fetch-User") was successful  	[MsgId: MMSG-26392]
Action.c(93): lr_think_time: 5,00 seconds.	[MsgId: MMSG-15948]
Action.c(95): web_submit_data("login.pl") started  	[MsgId: MMSG-26355]
Action.c(95): Error -26366: "Text=User password was correct" not found for web_reg_find  	[MsgId: MERR-26366]
End auto log messages stack.	[MsgId: MMSG-10544]


Start auto log messages stack - Iteration 324.	[MsgId: MMSG-10545]
Action.c(79): Notify: Transaction "1_WelcomePage" ended with a "Pass" status (Duration: 5,5616 Think Time: 5,0142 Wasted Time: 0,0004).	[MsgId: MMSG-16870]
Action.c(81): web_reg_find started  	[MsgId: MMSG-26355]
Action.c(81): Registering web_reg_find was successful  	[MsgId: MMSG-26390]
Action.c(85): Notify: Transaction "2_Login" started.	[MsgId: MMSG-16999]
Action.c(87): web_add_header("Origin") started  	[MsgId: MMSG-26355]
Action.c(87): web_add_header("Origin") was successful  	[MsgId: MMSG-26392]
Action.c(90): web_add_auto_header("Sec-Fetch-User") started  	[MsgId: MMSG-26355]
Action.c(90): web_add_auto_header("Sec-Fetch-User") was successful  	[MsgId: MMSG-26392]
Action.c(93): lr_think_time: 5,00 seconds.	[MsgId: MMSG-15948]
Action.c(95): web_submit_data("login.pl") started  	[MsgId: MMSG-26355]
Action.c(95): Error -26366: "Text=User password was correct" not found for web_reg_find  	[MsgId: MERR-26366]
End auto log messages stack.	[MsgId: MMSG-10544]


Start auto log messages stack - Iteration 324.	[MsgId: MMSG-10545]
Action.c(79): Notify: Transaction "1_WelcomePage" ended with a "Pass" status (Duration: 5,4306 Think Time: 5,0081 Wasted Time: 0,0003).	[MsgId: MMSG-16870]
Action.c(81): web_reg_find started  	[MsgId: MMSG-26355]
Action.c(81): Registering web_reg_find was successful  	[MsgId: MMSG-26390]
Action.c(85): Notify: Transaction "2_Login" started.	[MsgId: MMSG-16999]
Action.c(87): web_add_header("Origin") started  	[MsgId: MMSG-26355]
Action.c(87): web_add_header("Origin") was successful  	[MsgId: MMSG-26392]
Action.c(90): web_add_auto_header("Sec-Fetch-User") started  	[MsgId: MMSG-26355]
Action.c(90): web_add_auto_header("Sec-Fetch-User") was successful  	[MsgId: MMSG-26392]
Action.c(93): lr_think_time: 5,00 seconds.	[MsgId: MMSG-15948]
Action.c(95): web_submit_data("login.pl") started  	[MsgId: MMSG-26355]
Action.c(95): Error -26366: "Text=User password was correct" not found for web_reg_find  	[MsgId: MERR-26366]
End auto log messages stack.	[MsgId: MMSG-10544]


Start auto log messages stack - Iteration 162.	[MsgId: MMSG-10545]
Action.c(79): Notify: Transaction "1_WelcomePage" ended with a "Pass" status (Duration: 5,4844 Think Time: 5,0090 Wasted Time: 0,0005).	[MsgId: MMSG-16870]
Action.c(81): web_reg_find started  	[MsgId: MMSG-26355]
Action.c(81): Registering web_reg_find was successful  	[MsgId: MMSG-26390]
Action.c(85): Notify: Transaction "2_Login" started.	[MsgId: MMSG-16999]
Action.c(87): web_add_header("Origin") started  	[MsgId: MMSG-26355]
Action.c(87): web_add_header("Origin") was successful  	[MsgId: MMSG-26392]
Action.c(90): web_add_auto_header("Sec-Fetch-User") started  	[MsgId: MMSG-26355]
Action.c(90): web_add_auto_header("Sec-Fetch-User") was successful  	[MsgId: MMSG-26392]
Action.c(93): lr_think_time: 5,00 seconds.	[MsgId: MMSG-15948]
Action.c(95): web_submit_data("login.pl") started  	[MsgId: MMSG-26355]
Action.c(95): Error -26366: "Text=User password was correct" not found for web_reg_find  	[MsgId: MERR-26366]
End auto log messages stack.	[MsgId: MMSG-10544]


Start auto log messages stack - Iteration 165.	[MsgId: MMSG-10545]
Action.c(79): Notify: Transaction "1_WelcomePage" ended with a "Pass" status (Duration: 5,1976 Think Time: 5,0084 Wasted Time: 0,0004).	[MsgId: MMSG-16870]
Action.c(81): web_reg_find started  	[MsgId: MMSG-26355]
Action.c(81): Registering web_reg_find was successful  	[MsgId: MMSG-26390]
Action.c(85): Notify: Transaction "2_Login" started.	[MsgId: MMSG-16999]
Action.c(87): web_add_header("Origin") started  	[MsgId: MMSG-26355]
Action.c(87): web_add_header("Origin") was successful  	[MsgId: MMSG-26392]
Action.c(90): web_add_auto_header("Sec-Fetch-User") started  	[MsgId: MMSG-26355]
Action.c(90): web_add_auto_header("Sec-Fetch-User") was successful  	[MsgId: MMSG-26392]
Action.c(93): lr_think_time: 5,00 seconds.	[MsgId: MMSG-15948]
Action.c(95): web_submit_data("login.pl") started  	[MsgId: MMSG-26355]
Action.c(95): Error -26366: "Text=User password was correct" not found for web_reg_find  	[MsgId: MERR-26366]
End auto log messages stack.	[MsgId: MMSG-10544]


Start auto log messages stack - Iteration 419.	[MsgId: MMSG-10545]
Action.c(79): Notify: Transaction "1_WelcomePage" ended with a "Pass" status (Duration: 5,1153 Think Time: 5,0023 Wasted Time: 0,0003).	[MsgId: MMSG-16870]
Action.c(81): web_reg_find started  	[MsgId: MMSG-26355]
Action.c(81): Registering web_reg_find was successful  	[MsgId: MMSG-26390]
Action.c(85): Notify: Transaction "2_Login" started.	[MsgId: MMSG-16999]
Action.c(87): web_add_header("Origin") started  	[MsgId: MMSG-26355]
Action.c(87): web_add_header("Origin") was successful  	[MsgId: MMSG-26392]
Action.c(90): web_add_auto_header("Sec-Fetch-User") started  	[MsgId: MMSG-26355]
Action.c(90): web_add_auto_header("Sec-Fetch-User") was successful  	[MsgId: MMSG-26392]
Action.c(93): lr_think_time: 5,00 seconds.	[MsgId: MMSG-15948]
Action.c(95): web_submit_data("login.pl") started  	[MsgId: MMSG-26355]
Action.c(95): Error -26366: "Text=User password was correct" not found for web_reg_find  	[MsgId: MERR-26366]
End auto log messages stack.	[MsgId: MMSG-10544]


Start auto log messages stack - Iteration 417.	[MsgId: MMSG-10545]
Action.c(79): Notify: Transaction "1_WelcomePage" ended with a "Pass" status (Duration: 5,1305 Think Time: 5,0043 Wasted Time: 0,0005).	[MsgId: MMSG-16870]
Action.c(81): web_reg_find started  	[MsgId: MMSG-26355]
Action.c(81): Registering web_reg_find was successful  	[MsgId: MMSG-26390]
Action.c(85): Notify: Transaction "2_Login" started.	[MsgId: MMSG-16999]
Action.c(87): web_add_header("Origin") started  	[MsgId: MMSG-26355]
Action.c(87): web_add_header("Origin") was successful  	[MsgId: MMSG-26392]
Action.c(90): web_add_auto_header("Sec-Fetch-User") started  	[MsgId: MMSG-26355]
Action.c(90): web_add_auto_header("Sec-Fetch-User") was successful  	[MsgId: MMSG-26392]
Action.c(93): lr_think_time: 5,00 seconds.	[MsgId: MMSG-15948]
Action.c(95): web_submit_data("login.pl") started  	[MsgId: MMSG-26355]
Action.c(95): Error -26366: "Text=User password was correct" not found for web_reg_find  	[MsgId: MERR-26366]
End auto log messages stack.	[MsgId: MMSG-10544]


Start auto log messages stack - Iteration 325.	[MsgId: MMSG-10545]
Action.c(79): Notify: Transaction "1_WelcomePage" ended with a "Pass" status (Duration: 5,1299 Think Time: 5,0080 Wasted Time: 0,0003).	[MsgId: MMSG-16870]
Action.c(81): web_reg_find started  	[MsgId: MMSG-26355]
Action.c(81): Registering web_reg_find was successful  	[MsgId: MMSG-26390]
Action.c(85): Notify: Transaction "2_Login" started.	[MsgId: MMSG-16999]
Action.c(87): web_add_header("Origin") started  	[MsgId: MMSG-26355]
Action.c(87): web_add_header("Origin") was successful  	[MsgId: MMSG-26392]
Action.c(90): web_add_auto_header("Sec-Fetch-User") started  	[MsgId: MMSG-26355]
Action.c(90): web_add_auto_header("Sec-Fetch-User") was successful  	[MsgId: MMSG-26392]
Action.c(93): lr_think_time: 5,00 seconds.	[MsgId: MMSG-15948]
Action.c(95): web_submit_data("login.pl") started  	[MsgId: MMSG-26355]
Action.c(95): Error -26366: "Text=User password was correct" not found for web_reg_find  	[MsgId: MERR-26366]
End auto log messages stack.	[MsgId: MMSG-10544]


Start auto log messages stack - Iteration 325.	[MsgId: MMSG-10545]
Action.c(79): Notify: Transaction "1_WelcomePage" ended with a "Pass" status (Duration: 5,1035 Think Time: 5,0047 Wasted Time: 0,0003).	[MsgId: MMSG-16870]
Action.c(81): web_reg_find started  	[MsgId: MMSG-26355]
Action.c(81): Registering web_reg_find was successful  	[MsgId: MMSG-26390]
Action.c(85): Notify: Transaction "2_Login" started.	[MsgId: MMSG-16999]
Action.c(87): web_add_header("Origin") started  	[MsgId: MMSG-26355]
Action.c(87): web_add_header("Origin") was successful  	[MsgId: MMSG-26392]
Action.c(90): web_add_auto_header("Sec-Fetch-User") started  	[MsgId: MMSG-26355]
Action.c(90): web_add_auto_header("Sec-Fetch-User") was successful  	[MsgId: MMSG-26392]
Action.c(93): lr_think_time: 5,00 seconds.	[MsgId: MMSG-15948]
Action.c(95): web_submit_data("login.pl") started  	[MsgId: MMSG-26355]
Action.c(95): Error -26366: "Text=User password was correct" not found for web_reg_find  	[MsgId: MERR-26366]
End auto log messages stack.	[MsgId: MMSG-10544]


