Start auto log messages stack - Iteration 7.	[MsgId: MMSG-10545]
Action.c(125): web_add_auto_header("Sec-Fetch-Mode") was successful  	[MsgId: MMSG-26392]
Action.c(128): web_add_auto_header("Sec-Fetch-User") started  	[MsgId: MMSG-26355]
Action.c(128): web_add_auto_header("Sec-Fetch-User") was successful  	[MsgId: MMSG-26392]
Action.c(131): web_add_auto_header("Upgrade-Insecure-Requests") started  	[MsgId: MMSG-26355]
Action.c(131): web_add_auto_header("Upgrade-Insecure-Requests") was successful  	[MsgId: MMSG-26392]
Action.c(134): lr_think_time: 5,00 seconds.	[MsgId: MMSG-15948]
Action.c(139): web_reg_find started  	[MsgId: MMSG-26355]
Action.c(139): Registering web_reg_find was successful  	[MsgId: MMSG-26390]
Action.c(143): web_submit_data("login.pl_2") started  	[MsgId: MMSG-26355]
Action.c(143): Error -26366: "Text=Thank you" not found for web_reg_find  	[MsgId: MERR-26366]
End auto log messages stack.	[MsgId: MMSG-10544]


Start auto log messages stack - Iteration 19.	[MsgId: MMSG-10545]
Action.c(125): web_add_auto_header("Sec-Fetch-Mode") was successful  	[MsgId: MMSG-26392]
Action.c(128): web_add_auto_header("Sec-Fetch-User") started  	[MsgId: MMSG-26355]
Action.c(128): web_add_auto_header("Sec-Fetch-User") was successful  	[MsgId: MMSG-26392]
Action.c(131): web_add_auto_header("Upgrade-Insecure-Requests") started  	[MsgId: MMSG-26355]
Action.c(131): web_add_auto_header("Upgrade-Insecure-Requests") was successful  	[MsgId: MMSG-26392]
Action.c(134): lr_think_time: 5,00 seconds.	[MsgId: MMSG-15948]
Action.c(139): web_reg_find started  	[MsgId: MMSG-26355]
Action.c(139): Registering web_reg_find was successful  	[MsgId: MMSG-26390]
Action.c(143): web_submit_data("login.pl_2") started  	[MsgId: MMSG-26355]
Action.c(143): Error -26366: "Text=Thank you" not found for web_reg_find  	[MsgId: MERR-26366]
End auto log messages stack.	[MsgId: MMSG-10544]


