Start auto log messages stack - Iteration 12.	[MsgId: MMSG-10545]
Action.c(125): web_add_auto_header("Sec-Fetch-Mode") was successful  	[MsgId: MMSG-26392]
Action.c(128): web_add_auto_header("Sec-Fetch-User") started  	[MsgId: MMSG-26355]
Action.c(128): web_add_auto_header("Sec-Fetch-User") was successful  	[MsgId: MMSG-26392]
Action.c(131): web_add_auto_header("Upgrade-Insecure-Requests") started  	[MsgId: MMSG-26355]
Action.c(131): web_add_auto_header("Upgrade-Insecure-Requests") was successful  	[MsgId: MMSG-26392]
Action.c(134): lr_think_time: 5,00 seconds.	[MsgId: MMSG-15948]
Action.c(139): web_reg_find started  	[MsgId: MMSG-26355]
Action.c(139): Registering web_reg_find was successful  	[MsgId: MMSG-26390]
Action.c(143): web_submit_data("login.pl_2") started  	[MsgId: MMSG-26355]
Action.c(143): Error -26366: "Text=Thank you" not found for web_reg_find  	[MsgId: MERR-26366]
End auto log messages stack.	[MsgId: MMSG-10544]


Start auto log messages stack - Iteration 25.	[MsgId: MMSG-10545]
Action.c(125): web_add_auto_header("Sec-Fetch-Mode") was successful  	[MsgId: MMSG-26392]
Action.c(128): web_add_auto_header("Sec-Fetch-User") started  	[MsgId: MMSG-26355]
Action.c(128): web_add_auto_header("Sec-Fetch-User") was successful  	[MsgId: MMSG-26392]
Action.c(131): web_add_auto_header("Upgrade-Insecure-Requests") started  	[MsgId: MMSG-26355]
Action.c(131): web_add_auto_header("Upgrade-Insecure-Requests") was successful  	[MsgId: MMSG-26392]
Action.c(134): lr_think_time: 5,00 seconds.	[MsgId: MMSG-15948]
Action.c(139): web_reg_find started  	[MsgId: MMSG-26355]
Action.c(139): Registering web_reg_find was successful  	[MsgId: MMSG-26390]
Action.c(143): web_submit_data("login.pl_2") started  	[MsgId: MMSG-26355]
Action.c(143): Error -26366: "Text=Thank you" not found for web_reg_find  	[MsgId: MERR-26366]
End auto log messages stack.	[MsgId: MMSG-10544]


Start auto log messages stack - Iteration 28.	[MsgId: MMSG-10545]
Action.c(125): web_add_auto_header("Sec-Fetch-Mode") was successful  	[MsgId: MMSG-26392]
Action.c(128): web_add_auto_header("Sec-Fetch-User") started  	[MsgId: MMSG-26355]
Action.c(128): web_add_auto_header("Sec-Fetch-User") was successful  	[MsgId: MMSG-26392]
Action.c(131): web_add_auto_header("Upgrade-Insecure-Requests") started  	[MsgId: MMSG-26355]
Action.c(131): web_add_auto_header("Upgrade-Insecure-Requests") was successful  	[MsgId: MMSG-26392]
Action.c(134): lr_think_time: 5,00 seconds.	[MsgId: MMSG-15948]
Action.c(139): web_reg_find started  	[MsgId: MMSG-26355]
Action.c(139): Registering web_reg_find was successful  	[MsgId: MMSG-26390]
Action.c(143): web_submit_data("login.pl_2") started  	[MsgId: MMSG-26355]
Action.c(143): Error -26366: "Text=Thank you" not found for web_reg_find  	[MsgId: MERR-26366]
End auto log messages stack.	[MsgId: MMSG-10544]


Start auto log messages stack - Iteration 32.	[MsgId: MMSG-10545]
Action.c(125): web_add_auto_header("Sec-Fetch-Mode") was successful  	[MsgId: MMSG-26392]
Action.c(128): web_add_auto_header("Sec-Fetch-User") started  	[MsgId: MMSG-26355]
Action.c(128): web_add_auto_header("Sec-Fetch-User") was successful  	[MsgId: MMSG-26392]
Action.c(131): web_add_auto_header("Upgrade-Insecure-Requests") started  	[MsgId: MMSG-26355]
Action.c(131): web_add_auto_header("Upgrade-Insecure-Requests") was successful  	[MsgId: MMSG-26392]
Action.c(134): lr_think_time: 5,00 seconds.	[MsgId: MMSG-15948]
Action.c(139): web_reg_find started  	[MsgId: MMSG-26355]
Action.c(139): Registering web_reg_find was successful  	[MsgId: MMSG-26390]
Action.c(143): web_submit_data("login.pl_2") started  	[MsgId: MMSG-26355]
Action.c(143): Error -26366: "Text=Thank you" not found for web_reg_find  	[MsgId: MERR-26366]
End auto log messages stack.	[MsgId: MMSG-10544]


Start auto log messages stack - Iteration 45.	[MsgId: MMSG-10545]
Action.c(125): web_add_auto_header("Sec-Fetch-Mode") was successful  	[MsgId: MMSG-26392]
Action.c(128): web_add_auto_header("Sec-Fetch-User") started  	[MsgId: MMSG-26355]
Action.c(128): web_add_auto_header("Sec-Fetch-User") was successful  	[MsgId: MMSG-26392]
Action.c(131): web_add_auto_header("Upgrade-Insecure-Requests") started  	[MsgId: MMSG-26355]
Action.c(131): web_add_auto_header("Upgrade-Insecure-Requests") was successful  	[MsgId: MMSG-26392]
Action.c(134): lr_think_time: 5,00 seconds.	[MsgId: MMSG-15948]
Action.c(139): web_reg_find started  	[MsgId: MMSG-26355]
Action.c(139): Registering web_reg_find was successful  	[MsgId: MMSG-26390]
Action.c(143): web_submit_data("login.pl_2") started  	[MsgId: MMSG-26355]
Action.c(143): Error -26366: "Text=Thank you" not found for web_reg_find  	[MsgId: MERR-26366]
End auto log messages stack.	[MsgId: MMSG-10544]


Start auto log messages stack - Iteration 51.	[MsgId: MMSG-10545]
Action.c(125): web_add_auto_header("Sec-Fetch-Mode") was successful  	[MsgId: MMSG-26392]
Action.c(128): web_add_auto_header("Sec-Fetch-User") started  	[MsgId: MMSG-26355]
Action.c(128): web_add_auto_header("Sec-Fetch-User") was successful  	[MsgId: MMSG-26392]
Action.c(131): web_add_auto_header("Upgrade-Insecure-Requests") started  	[MsgId: MMSG-26355]
Action.c(131): web_add_auto_header("Upgrade-Insecure-Requests") was successful  	[MsgId: MMSG-26392]
Action.c(134): lr_think_time: 5,00 seconds.	[MsgId: MMSG-15948]
Action.c(139): web_reg_find started  	[MsgId: MMSG-26355]
Action.c(139): Registering web_reg_find was successful  	[MsgId: MMSG-26390]
Action.c(143): web_submit_data("login.pl_2") started  	[MsgId: MMSG-26355]
Action.c(143): Error -26366: "Text=Thank you" not found for web_reg_find  	[MsgId: MERR-26366]
End auto log messages stack.	[MsgId: MMSG-10544]


Start auto log messages stack - Iteration 53.	[MsgId: MMSG-10545]
Action.c(125): web_add_auto_header("Sec-Fetch-Mode") was successful  	[MsgId: MMSG-26392]
Action.c(128): web_add_auto_header("Sec-Fetch-User") started  	[MsgId: MMSG-26355]
Action.c(128): web_add_auto_header("Sec-Fetch-User") was successful  	[MsgId: MMSG-26392]
Action.c(131): web_add_auto_header("Upgrade-Insecure-Requests") started  	[MsgId: MMSG-26355]
Action.c(131): web_add_auto_header("Upgrade-Insecure-Requests") was successful  	[MsgId: MMSG-26392]
Action.c(134): lr_think_time: 5,00 seconds.	[MsgId: MMSG-15948]
Action.c(139): web_reg_find started  	[MsgId: MMSG-26355]
Action.c(139): Registering web_reg_find was successful  	[MsgId: MMSG-26390]
Action.c(143): web_submit_data("login.pl_2") started  	[MsgId: MMSG-26355]
Action.c(143): Error -26366: "Text=Thank you" not found for web_reg_find  	[MsgId: MERR-26366]
End auto log messages stack.	[MsgId: MMSG-10544]


Start auto log messages stack - Iteration 63.	[MsgId: MMSG-10545]
Action.c(125): web_add_auto_header("Sec-Fetch-Mode") was successful  	[MsgId: MMSG-26392]
Action.c(128): web_add_auto_header("Sec-Fetch-User") started  	[MsgId: MMSG-26355]
Action.c(128): web_add_auto_header("Sec-Fetch-User") was successful  	[MsgId: MMSG-26392]
Action.c(131): web_add_auto_header("Upgrade-Insecure-Requests") started  	[MsgId: MMSG-26355]
Action.c(131): web_add_auto_header("Upgrade-Insecure-Requests") was successful  	[MsgId: MMSG-26392]
Action.c(134): lr_think_time: 5,00 seconds.	[MsgId: MMSG-15948]
Action.c(139): web_reg_find started  	[MsgId: MMSG-26355]
Action.c(139): Registering web_reg_find was successful  	[MsgId: MMSG-26390]
Action.c(143): web_submit_data("login.pl_2") started  	[MsgId: MMSG-26355]
Action.c(143): Error -26366: "Text=Thank you" not found for web_reg_find  	[MsgId: MERR-26366]
End auto log messages stack.	[MsgId: MMSG-10544]


Start auto log messages stack - Iteration 17.	[MsgId: MMSG-10545]
Action.c(125): web_add_auto_header("Sec-Fetch-Mode") was successful  	[MsgId: MMSG-26392]
Action.c(128): web_add_auto_header("Sec-Fetch-User") started  	[MsgId: MMSG-26355]
Action.c(128): web_add_auto_header("Sec-Fetch-User") was successful  	[MsgId: MMSG-26392]
Action.c(131): web_add_auto_header("Upgrade-Insecure-Requests") started  	[MsgId: MMSG-26355]
Action.c(131): web_add_auto_header("Upgrade-Insecure-Requests") was successful  	[MsgId: MMSG-26392]
Action.c(134): lr_think_time: 5,00 seconds.	[MsgId: MMSG-15948]
Action.c(139): web_reg_find started  	[MsgId: MMSG-26355]
Action.c(139): Registering web_reg_find was successful  	[MsgId: MMSG-26390]
Action.c(143): web_submit_data("login.pl_2") started  	[MsgId: MMSG-26355]
Action.c(143): Error -26366: "Text=Thank you" not found for web_reg_find  	[MsgId: MERR-26366]
End auto log messages stack.	[MsgId: MMSG-10544]


Start auto log messages stack - Iteration 69.	[MsgId: MMSG-10545]
Action.c(125): web_add_auto_header("Sec-Fetch-Mode") was successful  	[MsgId: MMSG-26392]
Action.c(128): web_add_auto_header("Sec-Fetch-User") started  	[MsgId: MMSG-26355]
Action.c(128): web_add_auto_header("Sec-Fetch-User") was successful  	[MsgId: MMSG-26392]
Action.c(131): web_add_auto_header("Upgrade-Insecure-Requests") started  	[MsgId: MMSG-26355]
Action.c(131): web_add_auto_header("Upgrade-Insecure-Requests") was successful  	[MsgId: MMSG-26392]
Action.c(134): lr_think_time: 5,00 seconds.	[MsgId: MMSG-15948]
Action.c(139): web_reg_find started  	[MsgId: MMSG-26355]
Action.c(139): Registering web_reg_find was successful  	[MsgId: MMSG-26390]
Action.c(143): web_submit_data("login.pl_2") started  	[MsgId: MMSG-26355]
Action.c(143): Error -26366: "Text=Thank you" not found for web_reg_find  	[MsgId: MERR-26366]
End auto log messages stack.	[MsgId: MMSG-10544]


Start auto log messages stack - Iteration 75.	[MsgId: MMSG-10545]
Action.c(125): web_add_auto_header("Sec-Fetch-Mode") was successful  	[MsgId: MMSG-26392]
Action.c(128): web_add_auto_header("Sec-Fetch-User") started  	[MsgId: MMSG-26355]
Action.c(128): web_add_auto_header("Sec-Fetch-User") was successful  	[MsgId: MMSG-26392]
Action.c(131): web_add_auto_header("Upgrade-Insecure-Requests") started  	[MsgId: MMSG-26355]
Action.c(131): web_add_auto_header("Upgrade-Insecure-Requests") was successful  	[MsgId: MMSG-26392]
Action.c(134): lr_think_time: 5,00 seconds.	[MsgId: MMSG-15948]
Action.c(139): web_reg_find started  	[MsgId: MMSG-26355]
Action.c(139): Registering web_reg_find was successful  	[MsgId: MMSG-26390]
Action.c(143): web_submit_data("login.pl_2") started  	[MsgId: MMSG-26355]
Action.c(143): Error -26366: "Text=Thank you" not found for web_reg_find  	[MsgId: MERR-26366]
End auto log messages stack.	[MsgId: MMSG-10544]


Start auto log messages stack - Iteration 26.	[MsgId: MMSG-10545]
Action.c(125): web_add_auto_header("Sec-Fetch-Mode") was successful  	[MsgId: MMSG-26392]
Action.c(128): web_add_auto_header("Sec-Fetch-User") started  	[MsgId: MMSG-26355]
Action.c(128): web_add_auto_header("Sec-Fetch-User") was successful  	[MsgId: MMSG-26392]
Action.c(131): web_add_auto_header("Upgrade-Insecure-Requests") started  	[MsgId: MMSG-26355]
Action.c(131): web_add_auto_header("Upgrade-Insecure-Requests") was successful  	[MsgId: MMSG-26392]
Action.c(134): lr_think_time: 5,00 seconds.	[MsgId: MMSG-15948]
Action.c(139): web_reg_find started  	[MsgId: MMSG-26355]
Action.c(139): Registering web_reg_find was successful  	[MsgId: MMSG-26390]
Action.c(143): web_submit_data("login.pl_2") started  	[MsgId: MMSG-26355]
Action.c(143): Error -26366: "Text=Thank you" not found for web_reg_find  	[MsgId: MERR-26366]
End auto log messages stack.	[MsgId: MMSG-10544]


Start auto log messages stack - Iteration 47.	[MsgId: MMSG-10545]
Action.c(125): web_add_auto_header("Sec-Fetch-Mode") was successful  	[MsgId: MMSG-26392]
Action.c(128): web_add_auto_header("Sec-Fetch-User") started  	[MsgId: MMSG-26355]
Action.c(128): web_add_auto_header("Sec-Fetch-User") was successful  	[MsgId: MMSG-26392]
Action.c(131): web_add_auto_header("Upgrade-Insecure-Requests") started  	[MsgId: MMSG-26355]
Action.c(131): web_add_auto_header("Upgrade-Insecure-Requests") was successful  	[MsgId: MMSG-26392]
Action.c(134): lr_think_time: 5,00 seconds.	[MsgId: MMSG-15948]
Action.c(139): web_reg_find started  	[MsgId: MMSG-26355]
Action.c(139): Registering web_reg_find was successful  	[MsgId: MMSG-26390]
Action.c(143): web_submit_data("login.pl_2") started  	[MsgId: MMSG-26355]
Action.c(143): Error -26366: "Text=Thank you" not found for web_reg_find  	[MsgId: MERR-26366]
End auto log messages stack.	[MsgId: MMSG-10544]


Start auto log messages stack - Iteration 49.	[MsgId: MMSG-10545]
Action.c(125): web_add_auto_header("Sec-Fetch-Mode") was successful  	[MsgId: MMSG-26392]
Action.c(128): web_add_auto_header("Sec-Fetch-User") started  	[MsgId: MMSG-26355]
Action.c(128): web_add_auto_header("Sec-Fetch-User") was successful  	[MsgId: MMSG-26392]
Action.c(131): web_add_auto_header("Upgrade-Insecure-Requests") started  	[MsgId: MMSG-26355]
Action.c(131): web_add_auto_header("Upgrade-Insecure-Requests") was successful  	[MsgId: MMSG-26392]
Action.c(134): lr_think_time: 5,00 seconds.	[MsgId: MMSG-15948]
Action.c(139): web_reg_find started  	[MsgId: MMSG-26355]
Action.c(139): Registering web_reg_find was successful  	[MsgId: MMSG-26390]
Action.c(143): web_submit_data("login.pl_2") started  	[MsgId: MMSG-26355]
Action.c(143): Error -26366: "Text=Thank you" not found for web_reg_find  	[MsgId: MERR-26366]
End auto log messages stack.	[MsgId: MMSG-10544]


Start auto log messages stack - Iteration 58.	[MsgId: MMSG-10545]
Action.c(125): web_add_auto_header("Sec-Fetch-Mode") was successful  	[MsgId: MMSG-26392]
Action.c(128): web_add_auto_header("Sec-Fetch-User") started  	[MsgId: MMSG-26355]
Action.c(128): web_add_auto_header("Sec-Fetch-User") was successful  	[MsgId: MMSG-26392]
Action.c(131): web_add_auto_header("Upgrade-Insecure-Requests") started  	[MsgId: MMSG-26355]
Action.c(131): web_add_auto_header("Upgrade-Insecure-Requests") was successful  	[MsgId: MMSG-26392]
Action.c(134): lr_think_time: 5,00 seconds.	[MsgId: MMSG-15948]
Action.c(139): web_reg_find started  	[MsgId: MMSG-26355]
Action.c(139): Registering web_reg_find was successful  	[MsgId: MMSG-26390]
Action.c(143): web_submit_data("login.pl_2") started  	[MsgId: MMSG-26355]
Action.c(143): Error -26366: "Text=Thank you" not found for web_reg_find  	[MsgId: MERR-26366]
End auto log messages stack.	[MsgId: MMSG-10544]


Start auto log messages stack - Iteration 10.	[MsgId: MMSG-10545]
Action.c(125): web_add_auto_header("Sec-Fetch-Mode") was successful  	[MsgId: MMSG-26392]
Action.c(128): web_add_auto_header("Sec-Fetch-User") started  	[MsgId: MMSG-26355]
Action.c(128): web_add_auto_header("Sec-Fetch-User") was successful  	[MsgId: MMSG-26392]
Action.c(131): web_add_auto_header("Upgrade-Insecure-Requests") started  	[MsgId: MMSG-26355]
Action.c(131): web_add_auto_header("Upgrade-Insecure-Requests") was successful  	[MsgId: MMSG-26392]
Action.c(134): lr_think_time: 5,00 seconds.	[MsgId: MMSG-15948]
Action.c(139): web_reg_find started  	[MsgId: MMSG-26355]
Action.c(139): Registering web_reg_find was successful  	[MsgId: MMSG-26390]
Action.c(143): web_submit_data("login.pl_2") started  	[MsgId: MMSG-26355]
Action.c(143): Error -26366: "Text=Thank you" not found for web_reg_find  	[MsgId: MERR-26366]
End auto log messages stack.	[MsgId: MMSG-10544]


Start auto log messages stack - Iteration 13.	[MsgId: MMSG-10545]
Action.c(125): web_add_auto_header("Sec-Fetch-Mode") was successful  	[MsgId: MMSG-26392]
Action.c(128): web_add_auto_header("Sec-Fetch-User") started  	[MsgId: MMSG-26355]
Action.c(128): web_add_auto_header("Sec-Fetch-User") was successful  	[MsgId: MMSG-26392]
Action.c(131): web_add_auto_header("Upgrade-Insecure-Requests") started  	[MsgId: MMSG-26355]
Action.c(131): web_add_auto_header("Upgrade-Insecure-Requests") was successful  	[MsgId: MMSG-26392]
Action.c(134): lr_think_time: 5,00 seconds.	[MsgId: MMSG-15948]
Action.c(139): web_reg_find started  	[MsgId: MMSG-26355]
Action.c(139): Registering web_reg_find was successful  	[MsgId: MMSG-26390]
Action.c(143): web_submit_data("login.pl_2") started  	[MsgId: MMSG-26355]
Action.c(143): Error -26366: "Text=Thank you" not found for web_reg_find  	[MsgId: MERR-26366]
End auto log messages stack.	[MsgId: MMSG-10544]


Start auto log messages stack - Iteration 15.	[MsgId: MMSG-10545]
Action.c(125): web_add_auto_header("Sec-Fetch-Mode") was successful  	[MsgId: MMSG-26392]
Action.c(128): web_add_auto_header("Sec-Fetch-User") started  	[MsgId: MMSG-26355]
Action.c(128): web_add_auto_header("Sec-Fetch-User") was successful  	[MsgId: MMSG-26392]
Action.c(131): web_add_auto_header("Upgrade-Insecure-Requests") started  	[MsgId: MMSG-26355]
Action.c(131): web_add_auto_header("Upgrade-Insecure-Requests") was successful  	[MsgId: MMSG-26392]
Action.c(134): lr_think_time: 5,00 seconds.	[MsgId: MMSG-15948]
Action.c(139): web_reg_find started  	[MsgId: MMSG-26355]
Action.c(139): Registering web_reg_find was successful  	[MsgId: MMSG-26390]
Action.c(143): web_submit_data("login.pl_2") started  	[MsgId: MMSG-26355]
Action.c(143): Error -26366: "Text=Thank you" not found for web_reg_find  	[MsgId: MERR-26366]
End auto log messages stack.	[MsgId: MMSG-10544]


Start auto log messages stack - Iteration 24.	[MsgId: MMSG-10545]
Action.c(125): web_add_auto_header("Sec-Fetch-Mode") was successful  	[MsgId: MMSG-26392]
Action.c(128): web_add_auto_header("Sec-Fetch-User") started  	[MsgId: MMSG-26355]
Action.c(128): web_add_auto_header("Sec-Fetch-User") was successful  	[MsgId: MMSG-26392]
Action.c(131): web_add_auto_header("Upgrade-Insecure-Requests") started  	[MsgId: MMSG-26355]
Action.c(131): web_add_auto_header("Upgrade-Insecure-Requests") was successful  	[MsgId: MMSG-26392]
Action.c(134): lr_think_time: 5,00 seconds.	[MsgId: MMSG-15948]
Action.c(139): web_reg_find started  	[MsgId: MMSG-26355]
Action.c(139): Registering web_reg_find was successful  	[MsgId: MMSG-26390]
Action.c(143): web_submit_data("login.pl_2") started  	[MsgId: MMSG-26355]
Action.c(143): Error -26366: "Text=Thank you" not found for web_reg_find  	[MsgId: MERR-26366]
End auto log messages stack.	[MsgId: MMSG-10544]


Start auto log messages stack - Iteration 30.	[MsgId: MMSG-10545]
Action.c(125): web_add_auto_header("Sec-Fetch-Mode") was successful  	[MsgId: MMSG-26392]
Action.c(128): web_add_auto_header("Sec-Fetch-User") started  	[MsgId: MMSG-26355]
Action.c(128): web_add_auto_header("Sec-Fetch-User") was successful  	[MsgId: MMSG-26392]
Action.c(131): web_add_auto_header("Upgrade-Insecure-Requests") started  	[MsgId: MMSG-26355]
Action.c(131): web_add_auto_header("Upgrade-Insecure-Requests") was successful  	[MsgId: MMSG-26392]
Action.c(134): lr_think_time: 5,00 seconds.	[MsgId: MMSG-15948]
Action.c(139): web_reg_find started  	[MsgId: MMSG-26355]
Action.c(139): Registering web_reg_find was successful  	[MsgId: MMSG-26390]
Action.c(143): web_submit_data("login.pl_2") started  	[MsgId: MMSG-26355]
Action.c(143): Error -26366: "Text=Thank you" not found for web_reg_find  	[MsgId: MERR-26366]
End auto log messages stack.	[MsgId: MMSG-10544]


Start auto log messages stack - Iteration 83.	[MsgId: MMSG-10545]
Action.c(125): web_add_auto_header("Sec-Fetch-Mode") was successful  	[MsgId: MMSG-26392]
Action.c(128): web_add_auto_header("Sec-Fetch-User") started  	[MsgId: MMSG-26355]
Action.c(128): web_add_auto_header("Sec-Fetch-User") was successful  	[MsgId: MMSG-26392]
Action.c(131): web_add_auto_header("Upgrade-Insecure-Requests") started  	[MsgId: MMSG-26355]
Action.c(131): web_add_auto_header("Upgrade-Insecure-Requests") was successful  	[MsgId: MMSG-26392]
Action.c(134): lr_think_time: 5,00 seconds.	[MsgId: MMSG-15948]
Action.c(139): web_reg_find started  	[MsgId: MMSG-26355]
Action.c(139): Registering web_reg_find was successful  	[MsgId: MMSG-26390]
Action.c(143): web_submit_data("login.pl_2") started  	[MsgId: MMSG-26355]
Action.c(143): Error -26366: "Text=Thank you" not found for web_reg_find  	[MsgId: MERR-26366]
End auto log messages stack.	[MsgId: MMSG-10544]


Start auto log messages stack - Iteration 134.	[MsgId: MMSG-10545]
Action.c(125): web_add_auto_header("Sec-Fetch-Mode") was successful  	[MsgId: MMSG-26392]
Action.c(128): web_add_auto_header("Sec-Fetch-User") started  	[MsgId: MMSG-26355]
Action.c(128): web_add_auto_header("Sec-Fetch-User") was successful  	[MsgId: MMSG-26392]
Action.c(131): web_add_auto_header("Upgrade-Insecure-Requests") started  	[MsgId: MMSG-26355]
Action.c(131): web_add_auto_header("Upgrade-Insecure-Requests") was successful  	[MsgId: MMSG-26392]
Action.c(134): lr_think_time: 5,00 seconds.	[MsgId: MMSG-15948]
Action.c(139): web_reg_find started  	[MsgId: MMSG-26355]
Action.c(139): Registering web_reg_find was successful  	[MsgId: MMSG-26390]
Action.c(143): web_submit_data("login.pl_2") started  	[MsgId: MMSG-26355]
Action.c(143): Error -26366: "Text=Thank you" not found for web_reg_find  	[MsgId: MERR-26366]
End auto log messages stack.	[MsgId: MMSG-10544]


Start auto log messages stack - Iteration 38.	[MsgId: MMSG-10545]
Action.c(125): web_add_auto_header("Sec-Fetch-Mode") was successful  	[MsgId: MMSG-26392]
Action.c(128): web_add_auto_header("Sec-Fetch-User") started  	[MsgId: MMSG-26355]
Action.c(128): web_add_auto_header("Sec-Fetch-User") was successful  	[MsgId: MMSG-26392]
Action.c(131): web_add_auto_header("Upgrade-Insecure-Requests") started  	[MsgId: MMSG-26355]
Action.c(131): web_add_auto_header("Upgrade-Insecure-Requests") was successful  	[MsgId: MMSG-26392]
Action.c(134): lr_think_time: 5,00 seconds.	[MsgId: MMSG-15948]
Action.c(139): web_reg_find started  	[MsgId: MMSG-26355]
Action.c(139): Registering web_reg_find was successful  	[MsgId: MMSG-26390]
Action.c(143): web_submit_data("login.pl_2") started  	[MsgId: MMSG-26355]
Action.c(143): Error -26366: "Text=Thank you" not found for web_reg_find  	[MsgId: MERR-26366]
End auto log messages stack.	[MsgId: MMSG-10544]


Start auto log messages stack - Iteration 87.	[MsgId: MMSG-10545]
Action.c(125): web_add_auto_header("Sec-Fetch-Mode") was successful  	[MsgId: MMSG-26392]
Action.c(128): web_add_auto_header("Sec-Fetch-User") started  	[MsgId: MMSG-26355]
Action.c(128): web_add_auto_header("Sec-Fetch-User") was successful  	[MsgId: MMSG-26392]
Action.c(131): web_add_auto_header("Upgrade-Insecure-Requests") started  	[MsgId: MMSG-26355]
Action.c(131): web_add_auto_header("Upgrade-Insecure-Requests") was successful  	[MsgId: MMSG-26392]
Action.c(134): lr_think_time: 5,00 seconds.	[MsgId: MMSG-15948]
Action.c(139): web_reg_find started  	[MsgId: MMSG-26355]
Action.c(139): Registering web_reg_find was successful  	[MsgId: MMSG-26390]
Action.c(143): web_submit_data("login.pl_2") started  	[MsgId: MMSG-26355]
Action.c(143): Error -26366: "Text=Thank you" not found for web_reg_find  	[MsgId: MERR-26366]
End auto log messages stack.	[MsgId: MMSG-10544]


Start auto log messages stack - Iteration 141.	[MsgId: MMSG-10545]
Action.c(125): web_add_auto_header("Sec-Fetch-Mode") was successful  	[MsgId: MMSG-26392]
Action.c(128): web_add_auto_header("Sec-Fetch-User") started  	[MsgId: MMSG-26355]
Action.c(128): web_add_auto_header("Sec-Fetch-User") was successful  	[MsgId: MMSG-26392]
Action.c(131): web_add_auto_header("Upgrade-Insecure-Requests") started  	[MsgId: MMSG-26355]
Action.c(131): web_add_auto_header("Upgrade-Insecure-Requests") was successful  	[MsgId: MMSG-26392]
Action.c(134): lr_think_time: 5,00 seconds.	[MsgId: MMSG-15948]
Action.c(139): web_reg_find started  	[MsgId: MMSG-26355]
Action.c(139): Registering web_reg_find was successful  	[MsgId: MMSG-26390]
Action.c(143): web_submit_data("login.pl_2") started  	[MsgId: MMSG-26355]
Action.c(143): Error -26366: "Text=Thank you" not found for web_reg_find  	[MsgId: MERR-26366]
End auto log messages stack.	[MsgId: MMSG-10544]


Start auto log messages stack - Iteration 44.	[MsgId: MMSG-10545]
Action.c(125): web_add_auto_header("Sec-Fetch-Mode") was successful  	[MsgId: MMSG-26392]
Action.c(128): web_add_auto_header("Sec-Fetch-User") started  	[MsgId: MMSG-26355]
Action.c(128): web_add_auto_header("Sec-Fetch-User") was successful  	[MsgId: MMSG-26392]
Action.c(131): web_add_auto_header("Upgrade-Insecure-Requests") started  	[MsgId: MMSG-26355]
Action.c(131): web_add_auto_header("Upgrade-Insecure-Requests") was successful  	[MsgId: MMSG-26392]
Action.c(134): lr_think_time: 5,00 seconds.	[MsgId: MMSG-15948]
Action.c(139): web_reg_find started  	[MsgId: MMSG-26355]
Action.c(139): Registering web_reg_find was successful  	[MsgId: MMSG-26390]
Action.c(143): web_submit_data("login.pl_2") started  	[MsgId: MMSG-26355]
Action.c(143): Error -26366: "Text=Thank you" not found for web_reg_find  	[MsgId: MERR-26366]
End auto log messages stack.	[MsgId: MMSG-10544]


Start auto log messages stack - Iteration 94.	[MsgId: MMSG-10545]
Action.c(125): web_add_auto_header("Sec-Fetch-Mode") was successful  	[MsgId: MMSG-26392]
Action.c(128): web_add_auto_header("Sec-Fetch-User") started  	[MsgId: MMSG-26355]
Action.c(128): web_add_auto_header("Sec-Fetch-User") was successful  	[MsgId: MMSG-26392]
Action.c(131): web_add_auto_header("Upgrade-Insecure-Requests") started  	[MsgId: MMSG-26355]
Action.c(131): web_add_auto_header("Upgrade-Insecure-Requests") was successful  	[MsgId: MMSG-26392]
Action.c(134): lr_think_time: 5,00 seconds.	[MsgId: MMSG-15948]
Action.c(139): web_reg_find started  	[MsgId: MMSG-26355]
Action.c(139): Registering web_reg_find was successful  	[MsgId: MMSG-26390]
Action.c(143): web_submit_data("login.pl_2") started  	[MsgId: MMSG-26355]
Action.c(143): Error -26366: "Text=Thank you" not found for web_reg_find  	[MsgId: MERR-26366]
End auto log messages stack.	[MsgId: MMSG-10544]


Start auto log messages stack - Iteration 148.	[MsgId: MMSG-10545]
Action.c(125): web_add_auto_header("Sec-Fetch-Mode") was successful  	[MsgId: MMSG-26392]
Action.c(128): web_add_auto_header("Sec-Fetch-User") started  	[MsgId: MMSG-26355]
Action.c(128): web_add_auto_header("Sec-Fetch-User") was successful  	[MsgId: MMSG-26392]
Action.c(131): web_add_auto_header("Upgrade-Insecure-Requests") started  	[MsgId: MMSG-26355]
Action.c(131): web_add_auto_header("Upgrade-Insecure-Requests") was successful  	[MsgId: MMSG-26392]
Action.c(134): lr_think_time: 5,00 seconds.	[MsgId: MMSG-15948]
Action.c(139): web_reg_find started  	[MsgId: MMSG-26355]
Action.c(139): Registering web_reg_find was successful  	[MsgId: MMSG-26390]
Action.c(143): web_submit_data("login.pl_2") started  	[MsgId: MMSG-26355]
Action.c(143): Error -26366: "Text=Thank you" not found for web_reg_find  	[MsgId: MERR-26366]
End auto log messages stack.	[MsgId: MMSG-10544]


Start auto log messages stack - Iteration 149.	[MsgId: MMSG-10545]
Action.c(125): web_add_auto_header("Sec-Fetch-Mode") was successful  	[MsgId: MMSG-26392]
Action.c(128): web_add_auto_header("Sec-Fetch-User") started  	[MsgId: MMSG-26355]
Action.c(128): web_add_auto_header("Sec-Fetch-User") was successful  	[MsgId: MMSG-26392]
Action.c(131): web_add_auto_header("Upgrade-Insecure-Requests") started  	[MsgId: MMSG-26355]
Action.c(131): web_add_auto_header("Upgrade-Insecure-Requests") was successful  	[MsgId: MMSG-26392]
Action.c(134): lr_think_time: 5,00 seconds.	[MsgId: MMSG-15948]
Action.c(139): web_reg_find started  	[MsgId: MMSG-26355]
Action.c(139): Registering web_reg_find was successful  	[MsgId: MMSG-26390]
Action.c(143): web_submit_data("login.pl_2") started  	[MsgId: MMSG-26355]
Action.c(143): Error -26366: "Text=Thank you" not found for web_reg_find  	[MsgId: MERR-26366]
End auto log messages stack.	[MsgId: MMSG-10544]


Start auto log messages stack - Iteration 52.	[MsgId: MMSG-10545]
Action.c(125): web_add_auto_header("Sec-Fetch-Mode") was successful  	[MsgId: MMSG-26392]
Action.c(128): web_add_auto_header("Sec-Fetch-User") started  	[MsgId: MMSG-26355]
Action.c(128): web_add_auto_header("Sec-Fetch-User") was successful  	[MsgId: MMSG-26392]
Action.c(131): web_add_auto_header("Upgrade-Insecure-Requests") started  	[MsgId: MMSG-26355]
Action.c(131): web_add_auto_header("Upgrade-Insecure-Requests") was successful  	[MsgId: MMSG-26392]
Action.c(134): lr_think_time: 5,00 seconds.	[MsgId: MMSG-15948]
Action.c(139): web_reg_find started  	[MsgId: MMSG-26355]
Action.c(139): Registering web_reg_find was successful  	[MsgId: MMSG-26390]
Action.c(143): web_submit_data("login.pl_2") started  	[MsgId: MMSG-26355]
Action.c(143): Error -26366: "Text=Thank you" not found for web_reg_find  	[MsgId: MERR-26366]
End auto log messages stack.	[MsgId: MMSG-10544]


Start auto log messages stack - Iteration 151.	[MsgId: MMSG-10545]
Action.c(125): web_add_auto_header("Sec-Fetch-Mode") was successful  	[MsgId: MMSG-26392]
Action.c(128): web_add_auto_header("Sec-Fetch-User") started  	[MsgId: MMSG-26355]
Action.c(128): web_add_auto_header("Sec-Fetch-User") was successful  	[MsgId: MMSG-26392]
Action.c(131): web_add_auto_header("Upgrade-Insecure-Requests") started  	[MsgId: MMSG-26355]
Action.c(131): web_add_auto_header("Upgrade-Insecure-Requests") was successful  	[MsgId: MMSG-26392]
Action.c(134): lr_think_time: 5,00 seconds.	[MsgId: MMSG-15948]
Action.c(139): web_reg_find started  	[MsgId: MMSG-26355]
Action.c(139): Registering web_reg_find was successful  	[MsgId: MMSG-26390]
Action.c(143): web_submit_data("login.pl_2") started  	[MsgId: MMSG-26355]
Action.c(143): Error -26366: "Text=Thank you" not found for web_reg_find  	[MsgId: MERR-26366]
End auto log messages stack.	[MsgId: MMSG-10544]


Start auto log messages stack - Iteration 102.	[MsgId: MMSG-10545]
Action.c(125): web_add_auto_header("Sec-Fetch-Mode") was successful  	[MsgId: MMSG-26392]
Action.c(128): web_add_auto_header("Sec-Fetch-User") started  	[MsgId: MMSG-26355]
Action.c(128): web_add_auto_header("Sec-Fetch-User") was successful  	[MsgId: MMSG-26392]
Action.c(131): web_add_auto_header("Upgrade-Insecure-Requests") started  	[MsgId: MMSG-26355]
Action.c(131): web_add_auto_header("Upgrade-Insecure-Requests") was successful  	[MsgId: MMSG-26392]
Action.c(134): lr_think_time: 5,00 seconds.	[MsgId: MMSG-15948]
Action.c(139): web_reg_find started  	[MsgId: MMSG-26355]
Action.c(139): Registering web_reg_find was successful  	[MsgId: MMSG-26390]
Action.c(143): web_submit_data("login.pl_2") started  	[MsgId: MMSG-26355]
Action.c(143): Error -26366: "Text=Thank you" not found for web_reg_find  	[MsgId: MERR-26366]
End auto log messages stack.	[MsgId: MMSG-10544]


Start auto log messages stack - Iteration 112.	[MsgId: MMSG-10545]
Action.c(125): web_add_auto_header("Sec-Fetch-Mode") was successful  	[MsgId: MMSG-26392]
Action.c(128): web_add_auto_header("Sec-Fetch-User") started  	[MsgId: MMSG-26355]
Action.c(128): web_add_auto_header("Sec-Fetch-User") was successful  	[MsgId: MMSG-26392]
Action.c(131): web_add_auto_header("Upgrade-Insecure-Requests") started  	[MsgId: MMSG-26355]
Action.c(131): web_add_auto_header("Upgrade-Insecure-Requests") was successful  	[MsgId: MMSG-26392]
Action.c(134): lr_think_time: 5,00 seconds.	[MsgId: MMSG-15948]
Action.c(139): web_reg_find started  	[MsgId: MMSG-26355]
Action.c(139): Registering web_reg_find was successful  	[MsgId: MMSG-26390]
Action.c(143): web_submit_data("login.pl_2") started  	[MsgId: MMSG-26355]
Action.c(143): Error -26366: "Text=Thank you" not found for web_reg_find  	[MsgId: MERR-26366]
End auto log messages stack.	[MsgId: MMSG-10544]


Start auto log messages stack - Iteration 165.	[MsgId: MMSG-10545]
Action.c(125): web_add_auto_header("Sec-Fetch-Mode") was successful  	[MsgId: MMSG-26392]
Action.c(128): web_add_auto_header("Sec-Fetch-User") started  	[MsgId: MMSG-26355]
Action.c(128): web_add_auto_header("Sec-Fetch-User") was successful  	[MsgId: MMSG-26392]
Action.c(131): web_add_auto_header("Upgrade-Insecure-Requests") started  	[MsgId: MMSG-26355]
Action.c(131): web_add_auto_header("Upgrade-Insecure-Requests") was successful  	[MsgId: MMSG-26392]
Action.c(134): lr_think_time: 5,00 seconds.	[MsgId: MMSG-15948]
Action.c(139): web_reg_find started  	[MsgId: MMSG-26355]
Action.c(139): Registering web_reg_find was successful  	[MsgId: MMSG-26390]
Action.c(143): web_submit_data("login.pl_2") started  	[MsgId: MMSG-26355]
Action.c(143): Error -26366: "Text=Thank you" not found for web_reg_find  	[MsgId: MERR-26366]
End auto log messages stack.	[MsgId: MMSG-10544]


Start auto log messages stack - Iteration 117.	[MsgId: MMSG-10545]
Action.c(125): web_add_auto_header("Sec-Fetch-Mode") was successful  	[MsgId: MMSG-26392]
Action.c(128): web_add_auto_header("Sec-Fetch-User") started  	[MsgId: MMSG-26355]
Action.c(128): web_add_auto_header("Sec-Fetch-User") was successful  	[MsgId: MMSG-26392]
Action.c(131): web_add_auto_header("Upgrade-Insecure-Requests") started  	[MsgId: MMSG-26355]
Action.c(131): web_add_auto_header("Upgrade-Insecure-Requests") was successful  	[MsgId: MMSG-26392]
Action.c(134): lr_think_time: 5,00 seconds.	[MsgId: MMSG-15948]
Action.c(139): web_reg_find started  	[MsgId: MMSG-26355]
Action.c(139): Registering web_reg_find was successful  	[MsgId: MMSG-26390]
Action.c(143): web_submit_data("login.pl_2") started  	[MsgId: MMSG-26355]
Action.c(143): Error -26366: "Text=Thank you" not found for web_reg_find  	[MsgId: MERR-26366]
End auto log messages stack.	[MsgId: MMSG-10544]


Start auto log messages stack - Iteration 18.	[MsgId: MMSG-10545]
Action.c(125): web_add_auto_header("Sec-Fetch-Mode") was successful  	[MsgId: MMSG-26392]
Action.c(128): web_add_auto_header("Sec-Fetch-User") started  	[MsgId: MMSG-26355]
Action.c(128): web_add_auto_header("Sec-Fetch-User") was successful  	[MsgId: MMSG-26392]
Action.c(131): web_add_auto_header("Upgrade-Insecure-Requests") started  	[MsgId: MMSG-26355]
Action.c(131): web_add_auto_header("Upgrade-Insecure-Requests") was successful  	[MsgId: MMSG-26392]
Action.c(134): lr_think_time: 5,00 seconds.	[MsgId: MMSG-15948]
Action.c(139): web_reg_find started  	[MsgId: MMSG-26355]
Action.c(139): Registering web_reg_find was successful  	[MsgId: MMSG-26390]
Action.c(143): web_submit_data("login.pl_2") started  	[MsgId: MMSG-26355]
Action.c(143): Error -26366: "Text=Thank you" not found for web_reg_find  	[MsgId: MERR-26366]
End auto log messages stack.	[MsgId: MMSG-10544]


Start auto log messages stack - Iteration 20.	[MsgId: MMSG-10545]
Action.c(125): web_add_auto_header("Sec-Fetch-Mode") was successful  	[MsgId: MMSG-26392]
Action.c(128): web_add_auto_header("Sec-Fetch-User") started  	[MsgId: MMSG-26355]
Action.c(128): web_add_auto_header("Sec-Fetch-User") was successful  	[MsgId: MMSG-26392]
Action.c(131): web_add_auto_header("Upgrade-Insecure-Requests") started  	[MsgId: MMSG-26355]
Action.c(131): web_add_auto_header("Upgrade-Insecure-Requests") was successful  	[MsgId: MMSG-26392]
Action.c(134): lr_think_time: 5,00 seconds.	[MsgId: MMSG-15948]
Action.c(139): web_reg_find started  	[MsgId: MMSG-26355]
Action.c(139): Registering web_reg_find was successful  	[MsgId: MMSG-26390]
Action.c(143): web_submit_data("login.pl_2") started  	[MsgId: MMSG-26355]
Action.c(143): Error -26366: "Text=Thank you" not found for web_reg_find  	[MsgId: MERR-26366]
End auto log messages stack.	[MsgId: MMSG-10544]


Start auto log messages stack - Iteration 170.	[MsgId: MMSG-10545]
Action.c(125): web_add_auto_header("Sec-Fetch-Mode") was successful  	[MsgId: MMSG-26392]
Action.c(128): web_add_auto_header("Sec-Fetch-User") started  	[MsgId: MMSG-26355]
Action.c(128): web_add_auto_header("Sec-Fetch-User") was successful  	[MsgId: MMSG-26392]
Action.c(131): web_add_auto_header("Upgrade-Insecure-Requests") started  	[MsgId: MMSG-26355]
Action.c(131): web_add_auto_header("Upgrade-Insecure-Requests") was successful  	[MsgId: MMSG-26392]
Action.c(134): lr_think_time: 5,00 seconds.	[MsgId: MMSG-15948]
Action.c(139): web_reg_find started  	[MsgId: MMSG-26355]
Action.c(139): Registering web_reg_find was successful  	[MsgId: MMSG-26390]
Action.c(143): web_submit_data("login.pl_2") started  	[MsgId: MMSG-26355]
Action.c(143): Error -26366: "Text=Thank you" not found for web_reg_find  	[MsgId: MERR-26366]
End auto log messages stack.	[MsgId: MMSG-10544]


Start auto log messages stack - Iteration 71.	[MsgId: MMSG-10545]
Action.c(125): web_add_auto_header("Sec-Fetch-Mode") was successful  	[MsgId: MMSG-26392]
Action.c(128): web_add_auto_header("Sec-Fetch-User") started  	[MsgId: MMSG-26355]
Action.c(128): web_add_auto_header("Sec-Fetch-User") was successful  	[MsgId: MMSG-26392]
Action.c(131): web_add_auto_header("Upgrade-Insecure-Requests") started  	[MsgId: MMSG-26355]
Action.c(131): web_add_auto_header("Upgrade-Insecure-Requests") was successful  	[MsgId: MMSG-26392]
Action.c(134): lr_think_time: 5,00 seconds.	[MsgId: MMSG-15948]
Action.c(139): web_reg_find started  	[MsgId: MMSG-26355]
Action.c(139): Registering web_reg_find was successful  	[MsgId: MMSG-26390]
Action.c(143): web_submit_data("login.pl_2") started  	[MsgId: MMSG-26355]
Action.c(143): Error -26366: "Text=Thank you" not found for web_reg_find  	[MsgId: MERR-26366]
End auto log messages stack.	[MsgId: MMSG-10544]


Start auto log messages stack - Iteration 76.	[MsgId: MMSG-10545]
Action.c(125): web_add_auto_header("Sec-Fetch-Mode") was successful  	[MsgId: MMSG-26392]
Action.c(128): web_add_auto_header("Sec-Fetch-User") started  	[MsgId: MMSG-26355]
Action.c(128): web_add_auto_header("Sec-Fetch-User") was successful  	[MsgId: MMSG-26392]
Action.c(131): web_add_auto_header("Upgrade-Insecure-Requests") started  	[MsgId: MMSG-26355]
Action.c(131): web_add_auto_header("Upgrade-Insecure-Requests") was successful  	[MsgId: MMSG-26392]
Action.c(134): lr_think_time: 5,00 seconds.	[MsgId: MMSG-15948]
Action.c(139): web_reg_find started  	[MsgId: MMSG-26355]
Action.c(139): Registering web_reg_find was successful  	[MsgId: MMSG-26390]
Action.c(143): web_submit_data("login.pl_2") started  	[MsgId: MMSG-26355]
Action.c(143): Error -26366: "Text=Thank you" not found for web_reg_find  	[MsgId: MERR-26366]
End auto log messages stack.	[MsgId: MMSG-10544]


Start auto log messages stack - Iteration 26.	[MsgId: MMSG-10545]
Action.c(125): web_add_auto_header("Sec-Fetch-Mode") was successful  	[MsgId: MMSG-26392]
Action.c(128): web_add_auto_header("Sec-Fetch-User") started  	[MsgId: MMSG-26355]
Action.c(128): web_add_auto_header("Sec-Fetch-User") was successful  	[MsgId: MMSG-26392]
Action.c(131): web_add_auto_header("Upgrade-Insecure-Requests") started  	[MsgId: MMSG-26355]
Action.c(131): web_add_auto_header("Upgrade-Insecure-Requests") was successful  	[MsgId: MMSG-26392]
Action.c(134): lr_think_time: 5,00 seconds.	[MsgId: MMSG-15948]
Action.c(139): web_reg_find started  	[MsgId: MMSG-26355]
Action.c(139): Registering web_reg_find was successful  	[MsgId: MMSG-26390]
Action.c(143): web_submit_data("login.pl_2") started  	[MsgId: MMSG-26355]
Action.c(143): Error -26366: "Text=Thank you" not found for web_reg_find  	[MsgId: MERR-26366]
End auto log messages stack.	[MsgId: MMSG-10544]


Start auto log messages stack - Iteration 78.	[MsgId: MMSG-10545]
Action.c(125): web_add_auto_header("Sec-Fetch-Mode") was successful  	[MsgId: MMSG-26392]
Action.c(128): web_add_auto_header("Sec-Fetch-User") started  	[MsgId: MMSG-26355]
Action.c(128): web_add_auto_header("Sec-Fetch-User") was successful  	[MsgId: MMSG-26392]
Action.c(131): web_add_auto_header("Upgrade-Insecure-Requests") started  	[MsgId: MMSG-26355]
Action.c(131): web_add_auto_header("Upgrade-Insecure-Requests") was successful  	[MsgId: MMSG-26392]
Action.c(134): lr_think_time: 5,00 seconds.	[MsgId: MMSG-15948]
Action.c(139): web_reg_find started  	[MsgId: MMSG-26355]
Action.c(139): Registering web_reg_find was successful  	[MsgId: MMSG-26390]
Action.c(143): web_submit_data("login.pl_2") started  	[MsgId: MMSG-26355]
Action.c(143): Error -26366: "Text=Thank you" not found for web_reg_find  	[MsgId: MERR-26366]
End auto log messages stack.	[MsgId: MMSG-10544]


Start auto log messages stack - Iteration 137.	[MsgId: MMSG-10545]
Action.c(125): web_add_auto_header("Sec-Fetch-Mode") was successful  	[MsgId: MMSG-26392]
Action.c(128): web_add_auto_header("Sec-Fetch-User") started  	[MsgId: MMSG-26355]
Action.c(128): web_add_auto_header("Sec-Fetch-User") was successful  	[MsgId: MMSG-26392]
Action.c(131): web_add_auto_header("Upgrade-Insecure-Requests") started  	[MsgId: MMSG-26355]
Action.c(131): web_add_auto_header("Upgrade-Insecure-Requests") was successful  	[MsgId: MMSG-26392]
Action.c(134): lr_think_time: 5,00 seconds.	[MsgId: MMSG-15948]
Action.c(139): web_reg_find started  	[MsgId: MMSG-26355]
Action.c(139): Registering web_reg_find was successful  	[MsgId: MMSG-26390]
Action.c(143): web_submit_data("login.pl_2") started  	[MsgId: MMSG-26355]
Action.c(143): Error -26366: "Text=Thank you" not found for web_reg_find  	[MsgId: MERR-26366]
End auto log messages stack.	[MsgId: MMSG-10544]


Start auto log messages stack - Iteration 188.	[MsgId: MMSG-10545]
Action.c(125): web_add_auto_header("Sec-Fetch-Mode") was successful  	[MsgId: MMSG-26392]
Action.c(128): web_add_auto_header("Sec-Fetch-User") started  	[MsgId: MMSG-26355]
Action.c(128): web_add_auto_header("Sec-Fetch-User") was successful  	[MsgId: MMSG-26392]
Action.c(131): web_add_auto_header("Upgrade-Insecure-Requests") started  	[MsgId: MMSG-26355]
Action.c(131): web_add_auto_header("Upgrade-Insecure-Requests") was successful  	[MsgId: MMSG-26392]
Action.c(134): lr_think_time: 5,00 seconds.	[MsgId: MMSG-15948]
Action.c(139): web_reg_find started  	[MsgId: MMSG-26355]
Action.c(139): Registering web_reg_find was successful  	[MsgId: MMSG-26390]
Action.c(143): web_submit_data("login.pl_2") started  	[MsgId: MMSG-26355]
Action.c(143): Error -26366: "Text=Thank you" not found for web_reg_find  	[MsgId: MERR-26366]
End auto log messages stack.	[MsgId: MMSG-10544]


Start auto log messages stack - Iteration 189.	[MsgId: MMSG-10545]
Action.c(125): web_add_auto_header("Sec-Fetch-Mode") was successful  	[MsgId: MMSG-26392]
Action.c(128): web_add_auto_header("Sec-Fetch-User") started  	[MsgId: MMSG-26355]
Action.c(128): web_add_auto_header("Sec-Fetch-User") was successful  	[MsgId: MMSG-26392]
Action.c(131): web_add_auto_header("Upgrade-Insecure-Requests") started  	[MsgId: MMSG-26355]
Action.c(131): web_add_auto_header("Upgrade-Insecure-Requests") was successful  	[MsgId: MMSG-26392]
Action.c(134): lr_think_time: 5,00 seconds.	[MsgId: MMSG-15948]
Action.c(139): web_reg_find started  	[MsgId: MMSG-26355]
Action.c(139): Registering web_reg_find was successful  	[MsgId: MMSG-26390]
Action.c(143): web_submit_data("login.pl_2") started  	[MsgId: MMSG-26355]
Action.c(143): Error -26366: "Text=Thank you" not found for web_reg_find  	[MsgId: MERR-26366]
End auto log messages stack.	[MsgId: MMSG-10544]


Start auto log messages stack - Iteration 139.	[MsgId: MMSG-10545]
Action.c(125): web_add_auto_header("Sec-Fetch-Mode") was successful  	[MsgId: MMSG-26392]
Action.c(128): web_add_auto_header("Sec-Fetch-User") started  	[MsgId: MMSG-26355]
Action.c(128): web_add_auto_header("Sec-Fetch-User") was successful  	[MsgId: MMSG-26392]
Action.c(131): web_add_auto_header("Upgrade-Insecure-Requests") started  	[MsgId: MMSG-26355]
Action.c(131): web_add_auto_header("Upgrade-Insecure-Requests") was successful  	[MsgId: MMSG-26392]
Action.c(134): lr_think_time: 5,00 seconds.	[MsgId: MMSG-15948]
Action.c(139): web_reg_find started  	[MsgId: MMSG-26355]
Action.c(139): Registering web_reg_find was successful  	[MsgId: MMSG-26390]
Action.c(143): web_submit_data("login.pl_2") started  	[MsgId: MMSG-26355]
Action.c(143): Error -26366: "Text=Thank you" not found for web_reg_find  	[MsgId: MERR-26366]
End auto log messages stack.	[MsgId: MMSG-10544]


Start auto log messages stack - Iteration 94.	[MsgId: MMSG-10545]
Action.c(125): web_add_auto_header("Sec-Fetch-Mode") was successful  	[MsgId: MMSG-26392]
Action.c(128): web_add_auto_header("Sec-Fetch-User") started  	[MsgId: MMSG-26355]
Action.c(128): web_add_auto_header("Sec-Fetch-User") was successful  	[MsgId: MMSG-26392]
Action.c(131): web_add_auto_header("Upgrade-Insecure-Requests") started  	[MsgId: MMSG-26355]
Action.c(131): web_add_auto_header("Upgrade-Insecure-Requests") was successful  	[MsgId: MMSG-26392]
Action.c(134): lr_think_time: 5,00 seconds.	[MsgId: MMSG-15948]
Action.c(139): web_reg_find started  	[MsgId: MMSG-26355]
Action.c(139): Registering web_reg_find was successful  	[MsgId: MMSG-26390]
Action.c(143): web_submit_data("login.pl_2") started  	[MsgId: MMSG-26355]
Action.c(143): Error -26366: "Text=Thank you" not found for web_reg_find  	[MsgId: MERR-26366]
End auto log messages stack.	[MsgId: MMSG-10544]


Start auto log messages stack - Iteration 100.	[MsgId: MMSG-10545]
Action.c(125): web_add_auto_header("Sec-Fetch-Mode") was successful  	[MsgId: MMSG-26392]
Action.c(128): web_add_auto_header("Sec-Fetch-User") started  	[MsgId: MMSG-26355]
Action.c(128): web_add_auto_header("Sec-Fetch-User") was successful  	[MsgId: MMSG-26392]
Action.c(131): web_add_auto_header("Upgrade-Insecure-Requests") started  	[MsgId: MMSG-26355]
Action.c(131): web_add_auto_header("Upgrade-Insecure-Requests") was successful  	[MsgId: MMSG-26392]
Action.c(134): lr_think_time: 5,00 seconds.	[MsgId: MMSG-15948]
Action.c(139): web_reg_find started  	[MsgId: MMSG-26355]
Action.c(139): Registering web_reg_find was successful  	[MsgId: MMSG-26390]
Action.c(143): web_submit_data("login.pl_2") started  	[MsgId: MMSG-26355]
Action.c(143): Error -26366: "Text=Thank you" not found for web_reg_find  	[MsgId: MERR-26366]
End auto log messages stack.	[MsgId: MMSG-10544]


Start auto log messages stack - Iteration 199.	[MsgId: MMSG-10545]
Action.c(125): web_add_auto_header("Sec-Fetch-Mode") was successful  	[MsgId: MMSG-26392]
Action.c(128): web_add_auto_header("Sec-Fetch-User") started  	[MsgId: MMSG-26355]
Action.c(128): web_add_auto_header("Sec-Fetch-User") was successful  	[MsgId: MMSG-26392]
Action.c(131): web_add_auto_header("Upgrade-Insecure-Requests") started  	[MsgId: MMSG-26355]
Action.c(131): web_add_auto_header("Upgrade-Insecure-Requests") was successful  	[MsgId: MMSG-26392]
Action.c(134): lr_think_time: 5,00 seconds.	[MsgId: MMSG-15948]
Action.c(139): web_reg_find started  	[MsgId: MMSG-26355]
Action.c(139): Registering web_reg_find was successful  	[MsgId: MMSG-26390]
Action.c(143): web_submit_data("login.pl_2") started  	[MsgId: MMSG-26355]
Action.c(143): Error -26366: "Text=Thank you" not found for web_reg_find  	[MsgId: MERR-26366]
End auto log messages stack.	[MsgId: MMSG-10544]


Start auto log messages stack - Iteration 101.	[MsgId: MMSG-10545]
Action.c(125): web_add_auto_header("Sec-Fetch-Mode") was successful  	[MsgId: MMSG-26392]
Action.c(128): web_add_auto_header("Sec-Fetch-User") started  	[MsgId: MMSG-26355]
Action.c(128): web_add_auto_header("Sec-Fetch-User") was successful  	[MsgId: MMSG-26392]
Action.c(131): web_add_auto_header("Upgrade-Insecure-Requests") started  	[MsgId: MMSG-26355]
Action.c(131): web_add_auto_header("Upgrade-Insecure-Requests") was successful  	[MsgId: MMSG-26392]
Action.c(134): lr_think_time: 5,00 seconds.	[MsgId: MMSG-15948]
Action.c(139): web_reg_find started  	[MsgId: MMSG-26355]
Action.c(139): Registering web_reg_find was successful  	[MsgId: MMSG-26390]
Action.c(143): web_submit_data("login.pl_2") started  	[MsgId: MMSG-26355]
Action.c(143): Error -26366: "Text=Thank you" not found for web_reg_find  	[MsgId: MERR-26366]
End auto log messages stack.	[MsgId: MMSG-10544]


Start auto log messages stack - Iteration 50.	[MsgId: MMSG-10545]
Action.c(125): web_add_auto_header("Sec-Fetch-Mode") was successful  	[MsgId: MMSG-26392]
Action.c(128): web_add_auto_header("Sec-Fetch-User") started  	[MsgId: MMSG-26355]
Action.c(128): web_add_auto_header("Sec-Fetch-User") was successful  	[MsgId: MMSG-26392]
Action.c(131): web_add_auto_header("Upgrade-Insecure-Requests") started  	[MsgId: MMSG-26355]
Action.c(131): web_add_auto_header("Upgrade-Insecure-Requests") was successful  	[MsgId: MMSG-26392]
Action.c(134): lr_think_time: 5,00 seconds.	[MsgId: MMSG-15948]
Action.c(139): web_reg_find started  	[MsgId: MMSG-26355]
Action.c(139): Registering web_reg_find was successful  	[MsgId: MMSG-26390]
Action.c(143): web_submit_data("login.pl_2") started  	[MsgId: MMSG-26355]
Action.c(143): Error -26366: "Text=Thank you" not found for web_reg_find  	[MsgId: MERR-26366]
End auto log messages stack.	[MsgId: MMSG-10544]


Start auto log messages stack - Iteration 1.	[MsgId: MMSG-10545]
Action.c(125): web_add_auto_header("Sec-Fetch-Mode") was successful  	[MsgId: MMSG-26392]
Action.c(128): web_add_auto_header("Sec-Fetch-User") started  	[MsgId: MMSG-26355]
Action.c(128): web_add_auto_header("Sec-Fetch-User") was successful  	[MsgId: MMSG-26392]
Action.c(131): web_add_auto_header("Upgrade-Insecure-Requests") started  	[MsgId: MMSG-26355]
Action.c(131): web_add_auto_header("Upgrade-Insecure-Requests") was successful  	[MsgId: MMSG-26392]
Action.c(134): lr_think_time: 5,00 seconds.	[MsgId: MMSG-15948]
Action.c(139): web_reg_find started  	[MsgId: MMSG-26355]
Action.c(139): Registering web_reg_find was successful  	[MsgId: MMSG-26390]
Action.c(143): web_submit_data("login.pl_2") started  	[MsgId: MMSG-26355]
Action.c(143): Error -26366: "Text=Thank you" not found for web_reg_find  	[MsgId: MERR-26366]
End auto log messages stack.	[MsgId: MMSG-10544]


Start auto log messages stack - Iteration 150.	[MsgId: MMSG-10545]
Action.c(125): web_add_auto_header("Sec-Fetch-Mode") was successful  	[MsgId: MMSG-26392]
Action.c(128): web_add_auto_header("Sec-Fetch-User") started  	[MsgId: MMSG-26355]
Action.c(128): web_add_auto_header("Sec-Fetch-User") was successful  	[MsgId: MMSG-26392]
Action.c(131): web_add_auto_header("Upgrade-Insecure-Requests") started  	[MsgId: MMSG-26355]
Action.c(131): web_add_auto_header("Upgrade-Insecure-Requests") was successful  	[MsgId: MMSG-26392]
Action.c(134): lr_think_time: 5,00 seconds.	[MsgId: MMSG-15948]
Action.c(139): web_reg_find started  	[MsgId: MMSG-26355]
Action.c(139): Registering web_reg_find was successful  	[MsgId: MMSG-26390]
Action.c(143): web_submit_data("login.pl_2") started  	[MsgId: MMSG-26355]
Action.c(143): Error -26366: "Text=Thank you" not found for web_reg_find  	[MsgId: MERR-26366]
End auto log messages stack.	[MsgId: MMSG-10544]


Start auto log messages stack - Iteration 201.	[MsgId: MMSG-10545]
Action.c(125): web_add_auto_header("Sec-Fetch-Mode") was successful  	[MsgId: MMSG-26392]
Action.c(128): web_add_auto_header("Sec-Fetch-User") started  	[MsgId: MMSG-26355]
Action.c(128): web_add_auto_header("Sec-Fetch-User") was successful  	[MsgId: MMSG-26392]
Action.c(131): web_add_auto_header("Upgrade-Insecure-Requests") started  	[MsgId: MMSG-26355]
Action.c(131): web_add_auto_header("Upgrade-Insecure-Requests") was successful  	[MsgId: MMSG-26392]
Action.c(134): lr_think_time: 5,00 seconds.	[MsgId: MMSG-15948]
Action.c(139): web_reg_find started  	[MsgId: MMSG-26355]
Action.c(139): Registering web_reg_find was successful  	[MsgId: MMSG-26390]
Action.c(143): web_submit_data("login.pl_2") started  	[MsgId: MMSG-26355]
Action.c(143): Error -26366: "Text=Thank you" not found for web_reg_find  	[MsgId: MERR-26366]
End auto log messages stack.	[MsgId: MMSG-10544]


Start auto log messages stack - Iteration 53.	[MsgId: MMSG-10545]
Action.c(125): web_add_auto_header("Sec-Fetch-Mode") was successful  	[MsgId: MMSG-26392]
Action.c(128): web_add_auto_header("Sec-Fetch-User") started  	[MsgId: MMSG-26355]
Action.c(128): web_add_auto_header("Sec-Fetch-User") was successful  	[MsgId: MMSG-26392]
Action.c(131): web_add_auto_header("Upgrade-Insecure-Requests") started  	[MsgId: MMSG-26355]
Action.c(131): web_add_auto_header("Upgrade-Insecure-Requests") was successful  	[MsgId: MMSG-26392]
Action.c(134): lr_think_time: 5,00 seconds.	[MsgId: MMSG-15948]
Action.c(139): web_reg_find started  	[MsgId: MMSG-26355]
Action.c(139): Registering web_reg_find was successful  	[MsgId: MMSG-26390]
Action.c(143): web_submit_data("login.pl_2") started  	[MsgId: MMSG-26355]
Action.c(143): Error -26366: "Text=Thank you" not found for web_reg_find  	[MsgId: MERR-26366]
End auto log messages stack.	[MsgId: MMSG-10544]


Start auto log messages stack - Iteration 4.	[MsgId: MMSG-10545]
Action.c(125): web_add_auto_header("Sec-Fetch-Mode") was successful  	[MsgId: MMSG-26392]
Action.c(128): web_add_auto_header("Sec-Fetch-User") started  	[MsgId: MMSG-26355]
Action.c(128): web_add_auto_header("Sec-Fetch-User") was successful  	[MsgId: MMSG-26392]
Action.c(131): web_add_auto_header("Upgrade-Insecure-Requests") started  	[MsgId: MMSG-26355]
Action.c(131): web_add_auto_header("Upgrade-Insecure-Requests") was successful  	[MsgId: MMSG-26392]
Action.c(134): lr_think_time: 5,00 seconds.	[MsgId: MMSG-15948]
Action.c(139): web_reg_find started  	[MsgId: MMSG-26355]
Action.c(139): Registering web_reg_find was successful  	[MsgId: MMSG-26390]
Action.c(143): web_submit_data("login.pl_2") started  	[MsgId: MMSG-26355]
Action.c(143): Error -26366: "Text=Thank you" not found for web_reg_find  	[MsgId: MERR-26366]
End auto log messages stack.	[MsgId: MMSG-10544]


Start auto log messages stack - Iteration 204.	[MsgId: MMSG-10545]
Action.c(125): web_add_auto_header("Sec-Fetch-Mode") was successful  	[MsgId: MMSG-26392]
Action.c(128): web_add_auto_header("Sec-Fetch-User") started  	[MsgId: MMSG-26355]
Action.c(128): web_add_auto_header("Sec-Fetch-User") was successful  	[MsgId: MMSG-26392]
Action.c(131): web_add_auto_header("Upgrade-Insecure-Requests") started  	[MsgId: MMSG-26355]
Action.c(131): web_add_auto_header("Upgrade-Insecure-Requests") was successful  	[MsgId: MMSG-26392]
Action.c(134): lr_think_time: 5,00 seconds.	[MsgId: MMSG-15948]
Action.c(139): web_reg_find started  	[MsgId: MMSG-26355]
Action.c(139): Registering web_reg_find was successful  	[MsgId: MMSG-26390]
Action.c(143): web_submit_data("login.pl_2") started  	[MsgId: MMSG-26355]
Action.c(143): Error -26366: "Text=Thank you" not found for web_reg_find  	[MsgId: MERR-26366]
End auto log messages stack.	[MsgId: MMSG-10544]


Start auto log messages stack - Iteration 205.	[MsgId: MMSG-10545]
Action.c(125): web_add_auto_header("Sec-Fetch-Mode") was successful  	[MsgId: MMSG-26392]
Action.c(128): web_add_auto_header("Sec-Fetch-User") started  	[MsgId: MMSG-26355]
Action.c(128): web_add_auto_header("Sec-Fetch-User") was successful  	[MsgId: MMSG-26392]
Action.c(131): web_add_auto_header("Upgrade-Insecure-Requests") started  	[MsgId: MMSG-26355]
Action.c(131): web_add_auto_header("Upgrade-Insecure-Requests") was successful  	[MsgId: MMSG-26392]
Action.c(134): lr_think_time: 5,00 seconds.	[MsgId: MMSG-15948]
Action.c(139): web_reg_find started  	[MsgId: MMSG-26355]
Action.c(139): Registering web_reg_find was successful  	[MsgId: MMSG-26390]
Action.c(143): web_submit_data("login.pl_2") started  	[MsgId: MMSG-26355]
Action.c(143): Error -26366: "Text=Thank you" not found for web_reg_find  	[MsgId: MERR-26366]
End auto log messages stack.	[MsgId: MMSG-10544]


Start auto log messages stack - Iteration 8.	[MsgId: MMSG-10545]
Action.c(125): web_add_auto_header("Sec-Fetch-Mode") was successful  	[MsgId: MMSG-26392]
Action.c(128): web_add_auto_header("Sec-Fetch-User") started  	[MsgId: MMSG-26355]
Action.c(128): web_add_auto_header("Sec-Fetch-User") was successful  	[MsgId: MMSG-26392]
Action.c(131): web_add_auto_header("Upgrade-Insecure-Requests") started  	[MsgId: MMSG-26355]
Action.c(131): web_add_auto_header("Upgrade-Insecure-Requests") was successful  	[MsgId: MMSG-26392]
Action.c(134): lr_think_time: 5,00 seconds.	[MsgId: MMSG-15948]
Action.c(139): web_reg_find started  	[MsgId: MMSG-26355]
Action.c(139): Registering web_reg_find was successful  	[MsgId: MMSG-26390]
Action.c(143): web_submit_data("login.pl_2") started  	[MsgId: MMSG-26355]
Action.c(143): Error -26366: "Text=Thank you" not found for web_reg_find  	[MsgId: MERR-26366]
End auto log messages stack.	[MsgId: MMSG-10544]


Start auto log messages stack - Iteration 211.	[MsgId: MMSG-10545]
Action.c(125): web_add_auto_header("Sec-Fetch-Mode") was successful  	[MsgId: MMSG-26392]
Action.c(128): web_add_auto_header("Sec-Fetch-User") started  	[MsgId: MMSG-26355]
Action.c(128): web_add_auto_header("Sec-Fetch-User") was successful  	[MsgId: MMSG-26392]
Action.c(131): web_add_auto_header("Upgrade-Insecure-Requests") started  	[MsgId: MMSG-26355]
Action.c(131): web_add_auto_header("Upgrade-Insecure-Requests") was successful  	[MsgId: MMSG-26392]
Action.c(134): lr_think_time: 5,00 seconds.	[MsgId: MMSG-15948]
Action.c(139): web_reg_find started  	[MsgId: MMSG-26355]
Action.c(139): Registering web_reg_find was successful  	[MsgId: MMSG-26390]
Action.c(143): web_submit_data("login.pl_2") started  	[MsgId: MMSG-26355]
Action.c(143): Error -26366: "Text=Thank you" not found for web_reg_find  	[MsgId: MERR-26366]
End auto log messages stack.	[MsgId: MMSG-10544]


Start auto log messages stack - Iteration 160.	[MsgId: MMSG-10545]
Action.c(125): web_add_auto_header("Sec-Fetch-Mode") was successful  	[MsgId: MMSG-26392]
Action.c(128): web_add_auto_header("Sec-Fetch-User") started  	[MsgId: MMSG-26355]
Action.c(128): web_add_auto_header("Sec-Fetch-User") was successful  	[MsgId: MMSG-26392]
Action.c(131): web_add_auto_header("Upgrade-Insecure-Requests") started  	[MsgId: MMSG-26355]
Action.c(131): web_add_auto_header("Upgrade-Insecure-Requests") was successful  	[MsgId: MMSG-26392]
Action.c(134): lr_think_time: 5,00 seconds.	[MsgId: MMSG-15948]
Action.c(139): web_reg_find started  	[MsgId: MMSG-26355]
Action.c(139): Registering web_reg_find was successful  	[MsgId: MMSG-26390]
Action.c(143): web_submit_data("login.pl_2") started  	[MsgId: MMSG-26355]
Action.c(143): Error -26366: "Text=Thank you" not found for web_reg_find  	[MsgId: MERR-26366]
End auto log messages stack.	[MsgId: MMSG-10544]


Start auto log messages stack - Iteration 164.	[MsgId: MMSG-10545]
Action.c(125): web_add_auto_header("Sec-Fetch-Mode") was successful  	[MsgId: MMSG-26392]
Action.c(128): web_add_auto_header("Sec-Fetch-User") started  	[MsgId: MMSG-26355]
Action.c(128): web_add_auto_header("Sec-Fetch-User") was successful  	[MsgId: MMSG-26392]
Action.c(131): web_add_auto_header("Upgrade-Insecure-Requests") started  	[MsgId: MMSG-26355]
Action.c(131): web_add_auto_header("Upgrade-Insecure-Requests") was successful  	[MsgId: MMSG-26392]
Action.c(134): lr_think_time: 5,00 seconds.	[MsgId: MMSG-15948]
Action.c(139): web_reg_find started  	[MsgId: MMSG-26355]
Action.c(139): Registering web_reg_find was successful  	[MsgId: MMSG-26390]
Action.c(143): web_submit_data("login.pl_2") started  	[MsgId: MMSG-26355]
Action.c(143): Error -26366: "Text=Thank you" not found for web_reg_find  	[MsgId: MERR-26366]
End auto log messages stack.	[MsgId: MMSG-10544]


Start auto log messages stack - Iteration 116.	[MsgId: MMSG-10545]
Action.c(125): web_add_auto_header("Sec-Fetch-Mode") was successful  	[MsgId: MMSG-26392]
Action.c(128): web_add_auto_header("Sec-Fetch-User") started  	[MsgId: MMSG-26355]
Action.c(128): web_add_auto_header("Sec-Fetch-User") was successful  	[MsgId: MMSG-26392]
Action.c(131): web_add_auto_header("Upgrade-Insecure-Requests") started  	[MsgId: MMSG-26355]
Action.c(131): web_add_auto_header("Upgrade-Insecure-Requests") was successful  	[MsgId: MMSG-26392]
Action.c(134): lr_think_time: 5,00 seconds.	[MsgId: MMSG-15948]
Action.c(139): web_reg_find started  	[MsgId: MMSG-26355]
Action.c(139): Registering web_reg_find was successful  	[MsgId: MMSG-26390]
Action.c(143): web_submit_data("login.pl_2") started  	[MsgId: MMSG-26355]
Action.c(143): Error -26366: "Text=Thank you" not found for web_reg_find  	[MsgId: MERR-26366]
End auto log messages stack.	[MsgId: MMSG-10544]


Start auto log messages stack - Iteration 167.	[MsgId: MMSG-10545]
Action.c(125): web_add_auto_header("Sec-Fetch-Mode") was successful  	[MsgId: MMSG-26392]
Action.c(128): web_add_auto_header("Sec-Fetch-User") started  	[MsgId: MMSG-26355]
Action.c(128): web_add_auto_header("Sec-Fetch-User") was successful  	[MsgId: MMSG-26392]
Action.c(131): web_add_auto_header("Upgrade-Insecure-Requests") started  	[MsgId: MMSG-26355]
Action.c(131): web_add_auto_header("Upgrade-Insecure-Requests") was successful  	[MsgId: MMSG-26392]
Action.c(134): lr_think_time: 5,00 seconds.	[MsgId: MMSG-15948]
Action.c(139): web_reg_find started  	[MsgId: MMSG-26355]
Action.c(139): Registering web_reg_find was successful  	[MsgId: MMSG-26390]
Action.c(143): web_submit_data("login.pl_2") started  	[MsgId: MMSG-26355]
Action.c(143): Error -26366: "Text=Thank you" not found for web_reg_find  	[MsgId: MERR-26366]
End auto log messages stack.	[MsgId: MMSG-10544]


Start auto log messages stack - Iteration 121.	[MsgId: MMSG-10545]
Action.c(125): web_add_auto_header("Sec-Fetch-Mode") was successful  	[MsgId: MMSG-26392]
Action.c(128): web_add_auto_header("Sec-Fetch-User") started  	[MsgId: MMSG-26355]
Action.c(128): web_add_auto_header("Sec-Fetch-User") was successful  	[MsgId: MMSG-26392]
Action.c(131): web_add_auto_header("Upgrade-Insecure-Requests") started  	[MsgId: MMSG-26355]
Action.c(131): web_add_auto_header("Upgrade-Insecure-Requests") was successful  	[MsgId: MMSG-26392]
Action.c(134): lr_think_time: 5,00 seconds.	[MsgId: MMSG-15948]
Action.c(139): web_reg_find started  	[MsgId: MMSG-26355]
Action.c(139): Registering web_reg_find was successful  	[MsgId: MMSG-26390]
Action.c(143): web_submit_data("login.pl_2") started  	[MsgId: MMSG-26355]
Action.c(143): Error -26366: "Text=Thank you" not found for web_reg_find  	[MsgId: MERR-26366]
End auto log messages stack.	[MsgId: MMSG-10544]


Start auto log messages stack - Iteration 72.	[MsgId: MMSG-10545]
Action.c(125): web_add_auto_header("Sec-Fetch-Mode") was successful  	[MsgId: MMSG-26392]
Action.c(128): web_add_auto_header("Sec-Fetch-User") started  	[MsgId: MMSG-26355]
Action.c(128): web_add_auto_header("Sec-Fetch-User") was successful  	[MsgId: MMSG-26392]
Action.c(131): web_add_auto_header("Upgrade-Insecure-Requests") started  	[MsgId: MMSG-26355]
Action.c(131): web_add_auto_header("Upgrade-Insecure-Requests") was successful  	[MsgId: MMSG-26392]
Action.c(134): lr_think_time: 5,00 seconds.	[MsgId: MMSG-15948]
Action.c(139): web_reg_find started  	[MsgId: MMSG-26355]
Action.c(139): Registering web_reg_find was successful  	[MsgId: MMSG-26390]
Action.c(143): web_submit_data("login.pl_2") started  	[MsgId: MMSG-26355]
Action.c(143): Error -26366: "Text=Thank you" not found for web_reg_find  	[MsgId: MERR-26366]
End auto log messages stack.	[MsgId: MMSG-10544]


Start auto log messages stack - Iteration 125.	[MsgId: MMSG-10545]
Action.c(125): web_add_auto_header("Sec-Fetch-Mode") was successful  	[MsgId: MMSG-26392]
Action.c(128): web_add_auto_header("Sec-Fetch-User") started  	[MsgId: MMSG-26355]
Action.c(128): web_add_auto_header("Sec-Fetch-User") was successful  	[MsgId: MMSG-26392]
Action.c(131): web_add_auto_header("Upgrade-Insecure-Requests") started  	[MsgId: MMSG-26355]
Action.c(131): web_add_auto_header("Upgrade-Insecure-Requests") was successful  	[MsgId: MMSG-26392]
Action.c(134): lr_think_time: 5,00 seconds.	[MsgId: MMSG-15948]
Action.c(139): web_reg_find started  	[MsgId: MMSG-26355]
Action.c(139): Registering web_reg_find was successful  	[MsgId: MMSG-26390]
Action.c(143): web_submit_data("login.pl_2") started  	[MsgId: MMSG-26355]
Action.c(143): Error -26366: "Text=Thank you" not found for web_reg_find  	[MsgId: MERR-26366]
End auto log messages stack.	[MsgId: MMSG-10544]


Start auto log messages stack - Iteration 174.	[MsgId: MMSG-10545]
Action.c(125): web_add_auto_header("Sec-Fetch-Mode") was successful  	[MsgId: MMSG-26392]
Action.c(128): web_add_auto_header("Sec-Fetch-User") started  	[MsgId: MMSG-26355]
Action.c(128): web_add_auto_header("Sec-Fetch-User") was successful  	[MsgId: MMSG-26392]
Action.c(131): web_add_auto_header("Upgrade-Insecure-Requests") started  	[MsgId: MMSG-26355]
Action.c(131): web_add_auto_header("Upgrade-Insecure-Requests") was successful  	[MsgId: MMSG-26392]
Action.c(134): lr_think_time: 5,00 seconds.	[MsgId: MMSG-15948]
Action.c(139): web_reg_find started  	[MsgId: MMSG-26355]
Action.c(139): Registering web_reg_find was successful  	[MsgId: MMSG-26390]
Action.c(143): web_submit_data("login.pl_2") started  	[MsgId: MMSG-26355]
Action.c(143): Error -26366: "Text=Thank you" not found for web_reg_find  	[MsgId: MERR-26366]
End auto log messages stack.	[MsgId: MMSG-10544]


Start auto log messages stack - Iteration 26.	[MsgId: MMSG-10545]
Action.c(125): web_add_auto_header("Sec-Fetch-Mode") was successful  	[MsgId: MMSG-26392]
Action.c(128): web_add_auto_header("Sec-Fetch-User") started  	[MsgId: MMSG-26355]
Action.c(128): web_add_auto_header("Sec-Fetch-User") was successful  	[MsgId: MMSG-26392]
Action.c(131): web_add_auto_header("Upgrade-Insecure-Requests") started  	[MsgId: MMSG-26355]
Action.c(131): web_add_auto_header("Upgrade-Insecure-Requests") was successful  	[MsgId: MMSG-26392]
Action.c(134): lr_think_time: 5,00 seconds.	[MsgId: MMSG-15948]
Action.c(139): web_reg_find started  	[MsgId: MMSG-26355]
Action.c(139): Registering web_reg_find was successful  	[MsgId: MMSG-26390]
Action.c(143): web_submit_data("login.pl_2") started  	[MsgId: MMSG-26355]
Action.c(143): Error -26366: "Text=Thank you" not found for web_reg_find  	[MsgId: MERR-26366]
End auto log messages stack.	[MsgId: MMSG-10544]


Start auto log messages stack - Iteration 229.	[MsgId: MMSG-10545]
Action.c(125): web_add_auto_header("Sec-Fetch-Mode") was successful  	[MsgId: MMSG-26392]
Action.c(128): web_add_auto_header("Sec-Fetch-User") started  	[MsgId: MMSG-26355]
Action.c(128): web_add_auto_header("Sec-Fetch-User") was successful  	[MsgId: MMSG-26392]
Action.c(131): web_add_auto_header("Upgrade-Insecure-Requests") started  	[MsgId: MMSG-26355]
Action.c(131): web_add_auto_header("Upgrade-Insecure-Requests") was successful  	[MsgId: MMSG-26392]
Action.c(134): lr_think_time: 5,00 seconds.	[MsgId: MMSG-15948]
Action.c(139): web_reg_find started  	[MsgId: MMSG-26355]
Action.c(139): Registering web_reg_find was successful  	[MsgId: MMSG-26390]
Action.c(143): web_submit_data("login.pl_2") started  	[MsgId: MMSG-26355]
Action.c(143): Error -26366: "Text=Thank you" not found for web_reg_find  	[MsgId: MERR-26366]
End auto log messages stack.	[MsgId: MMSG-10544]


Start auto log messages stack - Iteration 34.	[MsgId: MMSG-10545]
Action.c(125): web_add_auto_header("Sec-Fetch-Mode") was successful  	[MsgId: MMSG-26392]
Action.c(128): web_add_auto_header("Sec-Fetch-User") started  	[MsgId: MMSG-26355]
Action.c(128): web_add_auto_header("Sec-Fetch-User") was successful  	[MsgId: MMSG-26392]
Action.c(131): web_add_auto_header("Upgrade-Insecure-Requests") started  	[MsgId: MMSG-26355]
Action.c(131): web_add_auto_header("Upgrade-Insecure-Requests") was successful  	[MsgId: MMSG-26392]
Action.c(134): lr_think_time: 5,00 seconds.	[MsgId: MMSG-15948]
Action.c(139): web_reg_find started  	[MsgId: MMSG-26355]
Action.c(139): Registering web_reg_find was successful  	[MsgId: MMSG-26390]
Action.c(143): web_submit_data("login.pl_2") started  	[MsgId: MMSG-26355]
Action.c(143): Error -26366: "Text=Thank you" not found for web_reg_find  	[MsgId: MERR-26366]
End auto log messages stack.	[MsgId: MMSG-10544]


Start auto log messages stack - Iteration 135.	[MsgId: MMSG-10545]
Action.c(125): web_add_auto_header("Sec-Fetch-Mode") was successful  	[MsgId: MMSG-26392]
Action.c(128): web_add_auto_header("Sec-Fetch-User") started  	[MsgId: MMSG-26355]
Action.c(128): web_add_auto_header("Sec-Fetch-User") was successful  	[MsgId: MMSG-26392]
Action.c(131): web_add_auto_header("Upgrade-Insecure-Requests") started  	[MsgId: MMSG-26355]
Action.c(131): web_add_auto_header("Upgrade-Insecure-Requests") was successful  	[MsgId: MMSG-26392]
Action.c(134): lr_think_time: 5,00 seconds.	[MsgId: MMSG-15948]
Action.c(139): web_reg_find started  	[MsgId: MMSG-26355]
Action.c(139): Registering web_reg_find was successful  	[MsgId: MMSG-26390]
Action.c(143): web_submit_data("login.pl_2") started  	[MsgId: MMSG-26355]
Action.c(143): Error -26366: "Text=Thank you" not found for web_reg_find  	[MsgId: MERR-26366]
End auto log messages stack.	[MsgId: MMSG-10544]


Start auto log messages stack - Iteration 84.	[MsgId: MMSG-10545]
Action.c(33): web_add_auto_header("Sec-Fetch-Site") was successful  	[MsgId: MMSG-26392]
Action.c(36): web_url("header.html_2") started  	[MsgId: MMSG-26355]
Action.c(36): web_url("header.html_2") was successful, 710 body bytes, 297 header bytes  	[MsgId: MMSG-26386]
Action.c(44): web_url("welcome.pl_2") started  	[MsgId: MMSG-26355]
Action.c(44): web_url("welcome.pl_2") was successful, 686 body bytes, 327 header bytes, 12 chunking overhead bytes  	[MsgId: MMSG-26385]
Action.c(53): web_url("home.html_2") started  	[MsgId: MMSG-26355]
Action.c(53): web_url("home.html_2") was successful, 1361 body bytes, 298 header bytes  	[MsgId: MMSG-26386]
Action.c(61): web_url("nav.pl_2") started  	[MsgId: MMSG-26355]
Action.c(61): Error -26612: HTTP Status-Code=500 (Internal Server Error) for "http://localhost:1080/cgi-bin/nav.pl?in=home"  	[MsgId: MERR-26612]
End auto log messages stack.	[MsgId: MMSG-10544]


Start auto log messages stack - Iteration 86.	[MsgId: MMSG-10545]
Action.c(125): web_add_auto_header("Sec-Fetch-Mode") was successful  	[MsgId: MMSG-26392]
Action.c(128): web_add_auto_header("Sec-Fetch-User") started  	[MsgId: MMSG-26355]
Action.c(128): web_add_auto_header("Sec-Fetch-User") was successful  	[MsgId: MMSG-26392]
Action.c(131): web_add_auto_header("Upgrade-Insecure-Requests") started  	[MsgId: MMSG-26355]
Action.c(131): web_add_auto_header("Upgrade-Insecure-Requests") was successful  	[MsgId: MMSG-26392]
Action.c(134): lr_think_time: 5,00 seconds.	[MsgId: MMSG-15948]
Action.c(139): web_reg_find started  	[MsgId: MMSG-26355]
Action.c(139): Registering web_reg_find was successful  	[MsgId: MMSG-26390]
Action.c(143): web_submit_data("login.pl_2") started  	[MsgId: MMSG-26355]
Action.c(143): Error -26366: "Text=Thank you" not found for web_reg_find  	[MsgId: MERR-26366]
End auto log messages stack.	[MsgId: MMSG-10544]


Start auto log messages stack - Iteration 88.	[MsgId: MMSG-10545]
Action.c(125): web_add_auto_header("Sec-Fetch-Mode") was successful  	[MsgId: MMSG-26392]
Action.c(128): web_add_auto_header("Sec-Fetch-User") started  	[MsgId: MMSG-26355]
Action.c(128): web_add_auto_header("Sec-Fetch-User") was successful  	[MsgId: MMSG-26392]
Action.c(131): web_add_auto_header("Upgrade-Insecure-Requests") started  	[MsgId: MMSG-26355]
Action.c(131): web_add_auto_header("Upgrade-Insecure-Requests") was successful  	[MsgId: MMSG-26392]
Action.c(134): lr_think_time: 5,00 seconds.	[MsgId: MMSG-15948]
Action.c(139): web_reg_find started  	[MsgId: MMSG-26355]
Action.c(139): Registering web_reg_find was successful  	[MsgId: MMSG-26390]
Action.c(143): web_submit_data("login.pl_2") started  	[MsgId: MMSG-26355]
Action.c(143): Error -26366: "Text=Thank you" not found for web_reg_find  	[MsgId: MERR-26366]
End auto log messages stack.	[MsgId: MMSG-10544]


Start auto log messages stack - Iteration 238.	[MsgId: MMSG-10545]
Action.c(125): web_add_auto_header("Sec-Fetch-Mode") was successful  	[MsgId: MMSG-26392]
Action.c(128): web_add_auto_header("Sec-Fetch-User") started  	[MsgId: MMSG-26355]
Action.c(128): web_add_auto_header("Sec-Fetch-User") was successful  	[MsgId: MMSG-26392]
Action.c(131): web_add_auto_header("Upgrade-Insecure-Requests") started  	[MsgId: MMSG-26355]
Action.c(131): web_add_auto_header("Upgrade-Insecure-Requests") was successful  	[MsgId: MMSG-26392]
Action.c(134): lr_think_time: 5,00 seconds.	[MsgId: MMSG-15948]
Action.c(139): web_reg_find started  	[MsgId: MMSG-26355]
Action.c(139): Registering web_reg_find was successful  	[MsgId: MMSG-26390]
Action.c(143): web_submit_data("login.pl_2") started  	[MsgId: MMSG-26355]
Action.c(143): Error -26366: "Text=Thank you" not found for web_reg_find  	[MsgId: MERR-26366]
End auto log messages stack.	[MsgId: MMSG-10544]


Start auto log messages stack - Iteration 242.	[MsgId: MMSG-10545]
Action.c(125): web_add_auto_header("Sec-Fetch-Mode") was successful  	[MsgId: MMSG-26392]
Action.c(128): web_add_auto_header("Sec-Fetch-User") started  	[MsgId: MMSG-26355]
Action.c(128): web_add_auto_header("Sec-Fetch-User") was successful  	[MsgId: MMSG-26392]
Action.c(131): web_add_auto_header("Upgrade-Insecure-Requests") started  	[MsgId: MMSG-26355]
Action.c(131): web_add_auto_header("Upgrade-Insecure-Requests") was successful  	[MsgId: MMSG-26392]
Action.c(134): lr_think_time: 5,00 seconds.	[MsgId: MMSG-15948]
Action.c(139): web_reg_find started  	[MsgId: MMSG-26355]
Action.c(139): Registering web_reg_find was successful  	[MsgId: MMSG-26390]
Action.c(143): web_submit_data("login.pl_2") started  	[MsgId: MMSG-26355]
Action.c(143): Error -26366: "Text=Thank you" not found for web_reg_find  	[MsgId: MERR-26366]
End auto log messages stack.	[MsgId: MMSG-10544]


Start auto log messages stack - Iteration 93.	[MsgId: MMSG-10545]
Action.c(125): web_add_auto_header("Sec-Fetch-Mode") was successful  	[MsgId: MMSG-26392]
Action.c(128): web_add_auto_header("Sec-Fetch-User") started  	[MsgId: MMSG-26355]
Action.c(128): web_add_auto_header("Sec-Fetch-User") was successful  	[MsgId: MMSG-26392]
Action.c(131): web_add_auto_header("Upgrade-Insecure-Requests") started  	[MsgId: MMSG-26355]
Action.c(131): web_add_auto_header("Upgrade-Insecure-Requests") was successful  	[MsgId: MMSG-26392]
Action.c(134): lr_think_time: 5,00 seconds.	[MsgId: MMSG-15948]
Action.c(139): web_reg_find started  	[MsgId: MMSG-26355]
Action.c(139): Registering web_reg_find was successful  	[MsgId: MMSG-26390]
Action.c(143): web_submit_data("login.pl_2") started  	[MsgId: MMSG-26355]
Action.c(143): Error -26366: "Text=Thank you" not found for web_reg_find  	[MsgId: MERR-26366]
End auto log messages stack.	[MsgId: MMSG-10544]


Start auto log messages stack - Iteration 44.	[MsgId: MMSG-10545]
Action.c(125): web_add_auto_header("Sec-Fetch-Mode") was successful  	[MsgId: MMSG-26392]
Action.c(128): web_add_auto_header("Sec-Fetch-User") started  	[MsgId: MMSG-26355]
Action.c(128): web_add_auto_header("Sec-Fetch-User") was successful  	[MsgId: MMSG-26392]
Action.c(131): web_add_auto_header("Upgrade-Insecure-Requests") started  	[MsgId: MMSG-26355]
Action.c(131): web_add_auto_header("Upgrade-Insecure-Requests") was successful  	[MsgId: MMSG-26392]
Action.c(134): lr_think_time: 5,00 seconds.	[MsgId: MMSG-15948]
Action.c(139): web_reg_find started  	[MsgId: MMSG-26355]
Action.c(139): Registering web_reg_find was successful  	[MsgId: MMSG-26390]
Action.c(143): web_submit_data("login.pl_2") started  	[MsgId: MMSG-26355]
Action.c(143): Error -26366: "Text=Thank you" not found for web_reg_find  	[MsgId: MERR-26366]
End auto log messages stack.	[MsgId: MMSG-10544]


Start auto log messages stack - Iteration 193.	[MsgId: MMSG-10545]
Action.c(125): web_add_auto_header("Sec-Fetch-Mode") was successful  	[MsgId: MMSG-26392]
Action.c(128): web_add_auto_header("Sec-Fetch-User") started  	[MsgId: MMSG-26355]
Action.c(128): web_add_auto_header("Sec-Fetch-User") was successful  	[MsgId: MMSG-26392]
Action.c(131): web_add_auto_header("Upgrade-Insecure-Requests") started  	[MsgId: MMSG-26355]
Action.c(131): web_add_auto_header("Upgrade-Insecure-Requests") was successful  	[MsgId: MMSG-26392]
Action.c(134): lr_think_time: 5,00 seconds.	[MsgId: MMSG-15948]
Action.c(139): web_reg_find started  	[MsgId: MMSG-26355]
Action.c(139): Registering web_reg_find was successful  	[MsgId: MMSG-26390]
Action.c(143): web_submit_data("login.pl_2") started  	[MsgId: MMSG-26355]
Action.c(143): Error -26366: "Text=Thank you" not found for web_reg_find  	[MsgId: MERR-26366]
End auto log messages stack.	[MsgId: MMSG-10544]


Start auto log messages stack - Iteration 149.	[MsgId: MMSG-10545]
Action.c(125): web_add_auto_header("Sec-Fetch-Mode") was successful  	[MsgId: MMSG-26392]
Action.c(128): web_add_auto_header("Sec-Fetch-User") started  	[MsgId: MMSG-26355]
Action.c(128): web_add_auto_header("Sec-Fetch-User") was successful  	[MsgId: MMSG-26392]
Action.c(131): web_add_auto_header("Upgrade-Insecure-Requests") started  	[MsgId: MMSG-26355]
Action.c(131): web_add_auto_header("Upgrade-Insecure-Requests") was successful  	[MsgId: MMSG-26392]
Action.c(134): lr_think_time: 5,00 seconds.	[MsgId: MMSG-15948]
Action.c(139): web_reg_find started  	[MsgId: MMSG-26355]
Action.c(139): Registering web_reg_find was successful  	[MsgId: MMSG-26390]
Action.c(143): web_submit_data("login.pl_2") started  	[MsgId: MMSG-26355]
Action.c(143): Error -26366: "Text=Thank you" not found for web_reg_find  	[MsgId: MERR-26366]
End auto log messages stack.	[MsgId: MMSG-10544]


Start auto log messages stack - Iteration 99.	[MsgId: MMSG-10545]
Action.c(125): web_add_auto_header("Sec-Fetch-Mode") was successful  	[MsgId: MMSG-26392]
Action.c(128): web_add_auto_header("Sec-Fetch-User") started  	[MsgId: MMSG-26355]
Action.c(128): web_add_auto_header("Sec-Fetch-User") was successful  	[MsgId: MMSG-26392]
Action.c(131): web_add_auto_header("Upgrade-Insecure-Requests") started  	[MsgId: MMSG-26355]
Action.c(131): web_add_auto_header("Upgrade-Insecure-Requests") was successful  	[MsgId: MMSG-26392]
Action.c(134): lr_think_time: 5,00 seconds.	[MsgId: MMSG-15948]
Action.c(139): web_reg_find started  	[MsgId: MMSG-26355]
Action.c(139): Registering web_reg_find was successful  	[MsgId: MMSG-26390]
Action.c(143): web_submit_data("login.pl_2") started  	[MsgId: MMSG-26355]
Action.c(143): Error -26366: "Text=Thank you" not found for web_reg_find  	[MsgId: MERR-26366]
End auto log messages stack.	[MsgId: MMSG-10544]


Start auto log messages stack - Iteration 249.	[MsgId: MMSG-10545]
Action.c(125): web_add_auto_header("Sec-Fetch-Mode") was successful  	[MsgId: MMSG-26392]
Action.c(128): web_add_auto_header("Sec-Fetch-User") started  	[MsgId: MMSG-26355]
Action.c(128): web_add_auto_header("Sec-Fetch-User") was successful  	[MsgId: MMSG-26392]
Action.c(131): web_add_auto_header("Upgrade-Insecure-Requests") started  	[MsgId: MMSG-26355]
Action.c(131): web_add_auto_header("Upgrade-Insecure-Requests") was successful  	[MsgId: MMSG-26392]
Action.c(134): lr_think_time: 5,00 seconds.	[MsgId: MMSG-15948]
Action.c(139): web_reg_find started  	[MsgId: MMSG-26355]
Action.c(139): Registering web_reg_find was successful  	[MsgId: MMSG-26390]
Action.c(143): web_submit_data("login.pl_2") started  	[MsgId: MMSG-26355]
Action.c(143): Error -26366: "Text=Thank you" not found for web_reg_find  	[MsgId: MERR-26366]
End auto log messages stack.	[MsgId: MMSG-10544]


Start auto log messages stack - Iteration 100.	[MsgId: MMSG-10545]
Action.c(125): web_add_auto_header("Sec-Fetch-Mode") was successful  	[MsgId: MMSG-26392]
Action.c(128): web_add_auto_header("Sec-Fetch-User") started  	[MsgId: MMSG-26355]
Action.c(128): web_add_auto_header("Sec-Fetch-User") was successful  	[MsgId: MMSG-26392]
Action.c(131): web_add_auto_header("Upgrade-Insecure-Requests") started  	[MsgId: MMSG-26355]
Action.c(131): web_add_auto_header("Upgrade-Insecure-Requests") was successful  	[MsgId: MMSG-26392]
Action.c(134): lr_think_time: 5,00 seconds.	[MsgId: MMSG-15948]
Action.c(139): web_reg_find started  	[MsgId: MMSG-26355]
Action.c(139): Registering web_reg_find was successful  	[MsgId: MMSG-26390]
Action.c(143): web_submit_data("login.pl_2") started  	[MsgId: MMSG-26355]
Action.c(143): Error -26366: "Text=Thank you" not found for web_reg_find  	[MsgId: MERR-26366]
End auto log messages stack.	[MsgId: MMSG-10544]


