Start auto log messages stack - Iteration 30.	[MsgId: MMSG-10545]
Action.c(125): web_add_auto_header("Sec-Fetch-Mode") was successful  	[MsgId: MMSG-26392]
Action.c(128): web_add_auto_header("Sec-Fetch-User") started  	[MsgId: MMSG-26355]
Action.c(128): web_add_auto_header("Sec-Fetch-User") was successful  	[MsgId: MMSG-26392]
Action.c(131): web_add_auto_header("Upgrade-Insecure-Requests") started  	[MsgId: MMSG-26355]
Action.c(131): web_add_auto_header("Upgrade-Insecure-Requests") was successful  	[MsgId: MMSG-26392]
Action.c(134): lr_think_time: 5,00 seconds.	[MsgId: MMSG-15948]
Action.c(139): web_reg_find started  	[MsgId: MMSG-26355]
Action.c(139): Registering web_reg_find was successful  	[MsgId: MMSG-26390]
Action.c(143): web_submit_data("login.pl_2") started  	[MsgId: MMSG-26355]
Action.c(143): Error -26366: "Text=Thank you" not found for web_reg_find  	[MsgId: MERR-26366]
End auto log messages stack.	[MsgId: MMSG-10544]


Start auto log messages stack - Iteration 6.	[MsgId: MMSG-10545]
Action.c(125): web_add_auto_header("Sec-Fetch-Mode") was successful  	[MsgId: MMSG-26392]
Action.c(128): web_add_auto_header("Sec-Fetch-User") started  	[MsgId: MMSG-26355]
Action.c(128): web_add_auto_header("Sec-Fetch-User") was successful  	[MsgId: MMSG-26392]
Action.c(131): web_add_auto_header("Upgrade-Insecure-Requests") started  	[MsgId: MMSG-26355]
Action.c(131): web_add_auto_header("Upgrade-Insecure-Requests") was successful  	[MsgId: MMSG-26392]
Action.c(134): lr_think_time: 5,00 seconds.	[MsgId: MMSG-15948]
Action.c(139): web_reg_find started  	[MsgId: MMSG-26355]
Action.c(139): Registering web_reg_find was successful  	[MsgId: MMSG-26390]
Action.c(143): web_submit_data("login.pl_2") started  	[MsgId: MMSG-26355]
Action.c(143): Error -26366: "Text=Thank you" not found for web_reg_find  	[MsgId: MERR-26366]
End auto log messages stack.	[MsgId: MMSG-10544]


Start auto log messages stack - Iteration 149.	[MsgId: MMSG-10545]
Action.c(125): web_add_auto_header("Sec-Fetch-Mode") was successful  	[MsgId: MMSG-26392]
Action.c(128): web_add_auto_header("Sec-Fetch-User") started  	[MsgId: MMSG-26355]
Action.c(128): web_add_auto_header("Sec-Fetch-User") was successful  	[MsgId: MMSG-26392]
Action.c(131): web_add_auto_header("Upgrade-Insecure-Requests") started  	[MsgId: MMSG-26355]
Action.c(131): web_add_auto_header("Upgrade-Insecure-Requests") was successful  	[MsgId: MMSG-26392]
Action.c(134): lr_think_time: 5,00 seconds.	[MsgId: MMSG-15948]
Action.c(139): web_reg_find started  	[MsgId: MMSG-26355]
Action.c(139): Registering web_reg_find was successful  	[MsgId: MMSG-26390]
Action.c(143): web_submit_data("login.pl_2") started  	[MsgId: MMSG-26355]
Action.c(143): Error -26366: "Text=Thank you" not found for web_reg_find  	[MsgId: MERR-26366]
End auto log messages stack.	[MsgId: MMSG-10544]


Start auto log messages stack - Iteration 71.	[MsgId: MMSG-10545]
Action.c(125): web_add_auto_header("Sec-Fetch-Mode") was successful  	[MsgId: MMSG-26392]
Action.c(128): web_add_auto_header("Sec-Fetch-User") started  	[MsgId: MMSG-26355]
Action.c(128): web_add_auto_header("Sec-Fetch-User") was successful  	[MsgId: MMSG-26392]
Action.c(131): web_add_auto_header("Upgrade-Insecure-Requests") started  	[MsgId: MMSG-26355]
Action.c(131): web_add_auto_header("Upgrade-Insecure-Requests") was successful  	[MsgId: MMSG-26392]
Action.c(134): lr_think_time: 5,00 seconds.	[MsgId: MMSG-15948]
Action.c(139): web_reg_find started  	[MsgId: MMSG-26355]
Action.c(139): Registering web_reg_find was successful  	[MsgId: MMSG-26390]
Action.c(143): web_submit_data("login.pl_2") started  	[MsgId: MMSG-26355]
Action.c(143): Error -26366: "Text=Thank you" not found for web_reg_find  	[MsgId: MERR-26366]
End auto log messages stack.	[MsgId: MMSG-10544]


Start auto log messages stack - Iteration 121.	[MsgId: MMSG-10545]
Action.c(125): web_add_auto_header("Sec-Fetch-Mode") was successful  	[MsgId: MMSG-26392]
Action.c(128): web_add_auto_header("Sec-Fetch-User") started  	[MsgId: MMSG-26355]
Action.c(128): web_add_auto_header("Sec-Fetch-User") was successful  	[MsgId: MMSG-26392]
Action.c(131): web_add_auto_header("Upgrade-Insecure-Requests") started  	[MsgId: MMSG-26355]
Action.c(131): web_add_auto_header("Upgrade-Insecure-Requests") was successful  	[MsgId: MMSG-26392]
Action.c(134): lr_think_time: 5,00 seconds.	[MsgId: MMSG-15948]
Action.c(139): web_reg_find started  	[MsgId: MMSG-26355]
Action.c(139): Registering web_reg_find was successful  	[MsgId: MMSG-26390]
Action.c(143): web_submit_data("login.pl_2") started  	[MsgId: MMSG-26355]
Action.c(143): Error -26366: "Text=Thank you" not found for web_reg_find  	[MsgId: MERR-26366]
End auto log messages stack.	[MsgId: MMSG-10544]


Start auto log messages stack - Iteration 125.	[MsgId: MMSG-10545]
Action.c(125): web_add_auto_header("Sec-Fetch-Mode") was successful  	[MsgId: MMSG-26392]
Action.c(128): web_add_auto_header("Sec-Fetch-User") started  	[MsgId: MMSG-26355]
Action.c(128): web_add_auto_header("Sec-Fetch-User") was successful  	[MsgId: MMSG-26392]
Action.c(131): web_add_auto_header("Upgrade-Insecure-Requests") started  	[MsgId: MMSG-26355]
Action.c(131): web_add_auto_header("Upgrade-Insecure-Requests") was successful  	[MsgId: MMSG-26392]
Action.c(134): lr_think_time: 5,00 seconds.	[MsgId: MMSG-15948]
Action.c(139): web_reg_find started  	[MsgId: MMSG-26355]
Action.c(139): Registering web_reg_find was successful  	[MsgId: MMSG-26390]
Action.c(143): web_submit_data("login.pl_2") started  	[MsgId: MMSG-26355]
Action.c(143): Error -26366: "Text=Thank you" not found for web_reg_find  	[MsgId: MERR-26366]
End auto log messages stack.	[MsgId: MMSG-10544]


Start auto log messages stack - Iteration 173.	[MsgId: MMSG-10545]
Action.c(125): web_add_auto_header("Sec-Fetch-Mode") was successful  	[MsgId: MMSG-26392]
Action.c(128): web_add_auto_header("Sec-Fetch-User") started  	[MsgId: MMSG-26355]
Action.c(128): web_add_auto_header("Sec-Fetch-User") was successful  	[MsgId: MMSG-26392]
Action.c(131): web_add_auto_header("Upgrade-Insecure-Requests") started  	[MsgId: MMSG-26355]
Action.c(131): web_add_auto_header("Upgrade-Insecure-Requests") was successful  	[MsgId: MMSG-26392]
Action.c(134): lr_think_time: 5,00 seconds.	[MsgId: MMSG-15948]
Action.c(139): web_reg_find started  	[MsgId: MMSG-26355]
Action.c(139): Registering web_reg_find was successful  	[MsgId: MMSG-26390]
Action.c(143): web_submit_data("login.pl_2") started  	[MsgId: MMSG-26355]
Action.c(143): Error -26366: "Text=Thank you" not found for web_reg_find  	[MsgId: MERR-26366]
End auto log messages stack.	[MsgId: MMSG-10544]


Start auto log messages stack - Iteration 184.	[MsgId: MMSG-10545]
Action.c(125): web_add_auto_header("Sec-Fetch-Mode") was successful  	[MsgId: MMSG-26392]
Action.c(128): web_add_auto_header("Sec-Fetch-User") started  	[MsgId: MMSG-26355]
Action.c(128): web_add_auto_header("Sec-Fetch-User") was successful  	[MsgId: MMSG-26392]
Action.c(131): web_add_auto_header("Upgrade-Insecure-Requests") started  	[MsgId: MMSG-26355]
Action.c(131): web_add_auto_header("Upgrade-Insecure-Requests") was successful  	[MsgId: MMSG-26392]
Action.c(134): lr_think_time: 5,00 seconds.	[MsgId: MMSG-15948]
Action.c(139): web_reg_find started  	[MsgId: MMSG-26355]
Action.c(139): Registering web_reg_find was successful  	[MsgId: MMSG-26390]
Action.c(143): web_submit_data("login.pl_2") started  	[MsgId: MMSG-26355]
Action.c(143): Error -26366: "Text=Thank you" not found for web_reg_find  	[MsgId: MERR-26366]
End auto log messages stack.	[MsgId: MMSG-10544]


Start auto log messages stack - Iteration 100.	[MsgId: MMSG-10545]
Action.c(125): web_add_auto_header("Sec-Fetch-Mode") was successful  	[MsgId: MMSG-26392]
Action.c(128): web_add_auto_header("Sec-Fetch-User") started  	[MsgId: MMSG-26355]
Action.c(128): web_add_auto_header("Sec-Fetch-User") was successful  	[MsgId: MMSG-26392]
Action.c(131): web_add_auto_header("Upgrade-Insecure-Requests") started  	[MsgId: MMSG-26355]
Action.c(131): web_add_auto_header("Upgrade-Insecure-Requests") was successful  	[MsgId: MMSG-26392]
Action.c(134): lr_think_time: 5,00 seconds.	[MsgId: MMSG-15948]
Action.c(139): web_reg_find started  	[MsgId: MMSG-26355]
Action.c(139): Registering web_reg_find was successful  	[MsgId: MMSG-26390]
Action.c(143): web_submit_data("login.pl_2") started  	[MsgId: MMSG-26355]
Action.c(143): Error -26366: "Text=Thank you" not found for web_reg_find  	[MsgId: MERR-26366]
End auto log messages stack.	[MsgId: MMSG-10544]


Start auto log messages stack - Iteration 195.	[MsgId: MMSG-10545]
Action.c(125): web_add_auto_header("Sec-Fetch-Mode") was successful  	[MsgId: MMSG-26392]
Action.c(128): web_add_auto_header("Sec-Fetch-User") started  	[MsgId: MMSG-26355]
Action.c(128): web_add_auto_header("Sec-Fetch-User") was successful  	[MsgId: MMSG-26392]
Action.c(131): web_add_auto_header("Upgrade-Insecure-Requests") started  	[MsgId: MMSG-26355]
Action.c(131): web_add_auto_header("Upgrade-Insecure-Requests") was successful  	[MsgId: MMSG-26392]
Action.c(134): lr_think_time: 5,00 seconds.	[MsgId: MMSG-15948]
Action.c(139): web_reg_find started  	[MsgId: MMSG-26355]
Action.c(139): Registering web_reg_find was successful  	[MsgId: MMSG-26390]
Action.c(143): web_submit_data("login.pl_2") started  	[MsgId: MMSG-26355]
Action.c(143): Error -26366: "Text=Thank you" not found for web_reg_find  	[MsgId: MERR-26366]
End auto log messages stack.	[MsgId: MMSG-10544]


Start auto log messages stack - Iteration 102.	[MsgId: MMSG-10545]
Action.c(125): web_add_auto_header("Sec-Fetch-Mode") was successful  	[MsgId: MMSG-26392]
Action.c(128): web_add_auto_header("Sec-Fetch-User") started  	[MsgId: MMSG-26355]
Action.c(128): web_add_auto_header("Sec-Fetch-User") was successful  	[MsgId: MMSG-26392]
Action.c(131): web_add_auto_header("Upgrade-Insecure-Requests") started  	[MsgId: MMSG-26355]
Action.c(131): web_add_auto_header("Upgrade-Insecure-Requests") was successful  	[MsgId: MMSG-26392]
Action.c(134): lr_think_time: 5,00 seconds.	[MsgId: MMSG-15948]
Action.c(139): web_reg_find started  	[MsgId: MMSG-26355]
Action.c(139): Registering web_reg_find was successful  	[MsgId: MMSG-26390]
Action.c(143): web_submit_data("login.pl_2") started  	[MsgId: MMSG-26355]
Action.c(143): Error -26366: "Text=Thank you" not found for web_reg_find  	[MsgId: MERR-26366]
End auto log messages stack.	[MsgId: MMSG-10544]


Start auto log messages stack - Iteration 104.	[MsgId: MMSG-10545]
Action.c(125): web_add_auto_header("Sec-Fetch-Mode") was successful  	[MsgId: MMSG-26392]
Action.c(128): web_add_auto_header("Sec-Fetch-User") started  	[MsgId: MMSG-26355]
Action.c(128): web_add_auto_header("Sec-Fetch-User") was successful  	[MsgId: MMSG-26392]
Action.c(131): web_add_auto_header("Upgrade-Insecure-Requests") started  	[MsgId: MMSG-26355]
Action.c(131): web_add_auto_header("Upgrade-Insecure-Requests") was successful  	[MsgId: MMSG-26392]
Action.c(134): lr_think_time: 5,00 seconds.	[MsgId: MMSG-15948]
Action.c(139): web_reg_find started  	[MsgId: MMSG-26355]
Action.c(139): Registering web_reg_find was successful  	[MsgId: MMSG-26390]
Action.c(143): web_submit_data("login.pl_2") started  	[MsgId: MMSG-26355]
Action.c(143): Error -26366: "Text=Thank you" not found for web_reg_find  	[MsgId: MERR-26366]
End auto log messages stack.	[MsgId: MMSG-10544]


Start auto log messages stack - Iteration 12.	[MsgId: MMSG-10545]
Action.c(125): web_add_auto_header("Sec-Fetch-Mode") was successful  	[MsgId: MMSG-26392]
Action.c(128): web_add_auto_header("Sec-Fetch-User") started  	[MsgId: MMSG-26355]
Action.c(128): web_add_auto_header("Sec-Fetch-User") was successful  	[MsgId: MMSG-26392]
Action.c(131): web_add_auto_header("Upgrade-Insecure-Requests") started  	[MsgId: MMSG-26355]
Action.c(131): web_add_auto_header("Upgrade-Insecure-Requests") was successful  	[MsgId: MMSG-26392]
Action.c(134): lr_think_time: 5,00 seconds.	[MsgId: MMSG-15948]
Action.c(139): web_reg_find started  	[MsgId: MMSG-26355]
Action.c(139): Registering web_reg_find was successful  	[MsgId: MMSG-26390]
Action.c(143): web_submit_data("login.pl_2") started  	[MsgId: MMSG-26355]
Action.c(143): Error -26366: "Text=Thank you" not found for web_reg_find  	[MsgId: MERR-26366]
End auto log messages stack.	[MsgId: MMSG-10544]


Start auto log messages stack - Iteration 14.	[MsgId: MMSG-10545]
Action.c(125): web_add_auto_header("Sec-Fetch-Mode") was successful  	[MsgId: MMSG-26392]
Action.c(128): web_add_auto_header("Sec-Fetch-User") started  	[MsgId: MMSG-26355]
Action.c(128): web_add_auto_header("Sec-Fetch-User") was successful  	[MsgId: MMSG-26392]
Action.c(131): web_add_auto_header("Upgrade-Insecure-Requests") started  	[MsgId: MMSG-26355]
Action.c(131): web_add_auto_header("Upgrade-Insecure-Requests") was successful  	[MsgId: MMSG-26392]
Action.c(134): lr_think_time: 5,00 seconds.	[MsgId: MMSG-15948]
Action.c(139): web_reg_find started  	[MsgId: MMSG-26355]
Action.c(139): Registering web_reg_find was successful  	[MsgId: MMSG-26390]
Action.c(143): web_submit_data("login.pl_2") started  	[MsgId: MMSG-26355]
Action.c(143): Error -26366: "Text=Thank you" not found for web_reg_find  	[MsgId: MERR-26366]
End auto log messages stack.	[MsgId: MMSG-10544]


Start auto log messages stack - Iteration 116.	[MsgId: MMSG-10545]
Action.c(125): web_add_auto_header("Sec-Fetch-Mode") was successful  	[MsgId: MMSG-26392]
Action.c(128): web_add_auto_header("Sec-Fetch-User") started  	[MsgId: MMSG-26355]
Action.c(128): web_add_auto_header("Sec-Fetch-User") was successful  	[MsgId: MMSG-26392]
Action.c(131): web_add_auto_header("Upgrade-Insecure-Requests") started  	[MsgId: MMSG-26355]
Action.c(131): web_add_auto_header("Upgrade-Insecure-Requests") was successful  	[MsgId: MMSG-26392]
Action.c(134): lr_think_time: 5,00 seconds.	[MsgId: MMSG-15948]
Action.c(139): web_reg_find started  	[MsgId: MMSG-26355]
Action.c(139): Registering web_reg_find was successful  	[MsgId: MMSG-26390]
Action.c(143): web_submit_data("login.pl_2") started  	[MsgId: MMSG-26355]
Action.c(143): Error -26366: "Text=Thank you" not found for web_reg_find  	[MsgId: MERR-26366]
End auto log messages stack.	[MsgId: MMSG-10544]


Start auto log messages stack - Iteration 210.	[MsgId: MMSG-10545]
Action.c(125): web_add_auto_header("Sec-Fetch-Mode") was successful  	[MsgId: MMSG-26392]
Action.c(128): web_add_auto_header("Sec-Fetch-User") started  	[MsgId: MMSG-26355]
Action.c(128): web_add_auto_header("Sec-Fetch-User") was successful  	[MsgId: MMSG-26392]
Action.c(131): web_add_auto_header("Upgrade-Insecure-Requests") started  	[MsgId: MMSG-26355]
Action.c(131): web_add_auto_header("Upgrade-Insecure-Requests") was successful  	[MsgId: MMSG-26392]
Action.c(134): lr_think_time: 5,00 seconds.	[MsgId: MMSG-15948]
Action.c(139): web_reg_find started  	[MsgId: MMSG-26355]
Action.c(139): Registering web_reg_find was successful  	[MsgId: MMSG-26390]
Action.c(143): web_submit_data("login.pl_2") started  	[MsgId: MMSG-26355]
Action.c(143): Error -26366: "Text=Thank you" not found for web_reg_find  	[MsgId: MERR-26366]
End auto log messages stack.	[MsgId: MMSG-10544]


Start auto log messages stack - Iteration 166.	[MsgId: MMSG-10545]
Action.c(125): web_add_auto_header("Sec-Fetch-Mode") was successful  	[MsgId: MMSG-26392]
Action.c(128): web_add_auto_header("Sec-Fetch-User") started  	[MsgId: MMSG-26355]
Action.c(128): web_add_auto_header("Sec-Fetch-User") was successful  	[MsgId: MMSG-26392]
Action.c(131): web_add_auto_header("Upgrade-Insecure-Requests") started  	[MsgId: MMSG-26355]
Action.c(131): web_add_auto_header("Upgrade-Insecure-Requests") was successful  	[MsgId: MMSG-26392]
Action.c(134): lr_think_time: 5,00 seconds.	[MsgId: MMSG-15948]
Action.c(139): web_reg_find started  	[MsgId: MMSG-26355]
Action.c(139): Registering web_reg_find was successful  	[MsgId: MMSG-26390]
Action.c(143): web_submit_data("login.pl_2") started  	[MsgId: MMSG-26355]
Action.c(143): Error -26366: "Text=Thank you" not found for web_reg_find  	[MsgId: MERR-26366]
End auto log messages stack.	[MsgId: MMSG-10544]


Start auto log messages stack - Iteration 74.	[MsgId: MMSG-10545]
Action.c(125): web_add_auto_header("Sec-Fetch-Mode") was successful  	[MsgId: MMSG-26392]
Action.c(128): web_add_auto_header("Sec-Fetch-User") started  	[MsgId: MMSG-26355]
Action.c(128): web_add_auto_header("Sec-Fetch-User") was successful  	[MsgId: MMSG-26392]
Action.c(131): web_add_auto_header("Upgrade-Insecure-Requests") started  	[MsgId: MMSG-26355]
Action.c(131): web_add_auto_header("Upgrade-Insecure-Requests") was successful  	[MsgId: MMSG-26392]
Action.c(134): lr_think_time: 5,00 seconds.	[MsgId: MMSG-15948]
Action.c(139): web_reg_find started  	[MsgId: MMSG-26355]
Action.c(139): Registering web_reg_find was successful  	[MsgId: MMSG-26390]
Action.c(143): web_submit_data("login.pl_2") started  	[MsgId: MMSG-26355]
Action.c(143): Error -26366: "Text=Thank you" not found for web_reg_find  	[MsgId: MERR-26366]
End auto log messages stack.	[MsgId: MMSG-10544]


Start auto log messages stack - Iteration 216.	[MsgId: MMSG-10545]
Action.c(125): web_add_auto_header("Sec-Fetch-Mode") was successful  	[MsgId: MMSG-26392]
Action.c(128): web_add_auto_header("Sec-Fetch-User") started  	[MsgId: MMSG-26355]
Action.c(128): web_add_auto_header("Sec-Fetch-User") was successful  	[MsgId: MMSG-26392]
Action.c(131): web_add_auto_header("Upgrade-Insecure-Requests") started  	[MsgId: MMSG-26355]
Action.c(131): web_add_auto_header("Upgrade-Insecure-Requests") was successful  	[MsgId: MMSG-26392]
Action.c(134): lr_think_time: 5,00 seconds.	[MsgId: MMSG-15948]
Action.c(139): web_reg_find started  	[MsgId: MMSG-26355]
Action.c(139): Registering web_reg_find was successful  	[MsgId: MMSG-26390]
Action.c(143): web_submit_data("login.pl_2") started  	[MsgId: MMSG-26355]
Action.c(143): Error -26366: "Text=Thank you" not found for web_reg_find  	[MsgId: MERR-26366]
End auto log messages stack.	[MsgId: MMSG-10544]


Start auto log messages stack - Iteration 77.	[MsgId: MMSG-10545]
Action.c(125): web_add_auto_header("Sec-Fetch-Mode") was successful  	[MsgId: MMSG-26392]
Action.c(128): web_add_auto_header("Sec-Fetch-User") started  	[MsgId: MMSG-26355]
Action.c(128): web_add_auto_header("Sec-Fetch-User") was successful  	[MsgId: MMSG-26392]
Action.c(131): web_add_auto_header("Upgrade-Insecure-Requests") started  	[MsgId: MMSG-26355]
Action.c(131): web_add_auto_header("Upgrade-Insecure-Requests") was successful  	[MsgId: MMSG-26392]
Action.c(134): lr_think_time: 5,00 seconds.	[MsgId: MMSG-15948]
Action.c(139): web_reg_find started  	[MsgId: MMSG-26355]
Action.c(139): Registering web_reg_find was successful  	[MsgId: MMSG-26390]
Action.c(143): web_submit_data("login.pl_2") started  	[MsgId: MMSG-26355]
Action.c(143): Error -26366: "Text=Thank you" not found for web_reg_find  	[MsgId: MERR-26366]
End auto log messages stack.	[MsgId: MMSG-10544]


Start auto log messages stack - Iteration 82.	[MsgId: MMSG-10545]
Action.c(125): web_add_auto_header("Sec-Fetch-Mode") was successful  	[MsgId: MMSG-26392]
Action.c(128): web_add_auto_header("Sec-Fetch-User") started  	[MsgId: MMSG-26355]
Action.c(128): web_add_auto_header("Sec-Fetch-User") was successful  	[MsgId: MMSG-26392]
Action.c(131): web_add_auto_header("Upgrade-Insecure-Requests") started  	[MsgId: MMSG-26355]
Action.c(131): web_add_auto_header("Upgrade-Insecure-Requests") was successful  	[MsgId: MMSG-26392]
Action.c(134): lr_think_time: 5,00 seconds.	[MsgId: MMSG-15948]
Action.c(139): web_reg_find started  	[MsgId: MMSG-26355]
Action.c(139): Registering web_reg_find was successful  	[MsgId: MMSG-26390]
Action.c(143): web_submit_data("login.pl_2") started  	[MsgId: MMSG-26355]
Action.c(143): Error -26366: "Text=Thank you" not found for web_reg_find  	[MsgId: MERR-26366]
End auto log messages stack.	[MsgId: MMSG-10544]


Start auto log messages stack - Iteration 131.	[MsgId: MMSG-10545]
Action.c(125): web_add_auto_header("Sec-Fetch-Mode") was successful  	[MsgId: MMSG-26392]
Action.c(128): web_add_auto_header("Sec-Fetch-User") started  	[MsgId: MMSG-26355]
Action.c(128): web_add_auto_header("Sec-Fetch-User") was successful  	[MsgId: MMSG-26392]
Action.c(131): web_add_auto_header("Upgrade-Insecure-Requests") started  	[MsgId: MMSG-26355]
Action.c(131): web_add_auto_header("Upgrade-Insecure-Requests") was successful  	[MsgId: MMSG-26392]
Action.c(134): lr_think_time: 5,00 seconds.	[MsgId: MMSG-15948]
Action.c(139): web_reg_find started  	[MsgId: MMSG-26355]
Action.c(139): Registering web_reg_find was successful  	[MsgId: MMSG-26390]
Action.c(143): web_submit_data("login.pl_2") started  	[MsgId: MMSG-26355]
Action.c(143): Error -26366: "Text=Thank you" not found for web_reg_find  	[MsgId: MERR-26366]
End auto log messages stack.	[MsgId: MMSG-10544]


Start auto log messages stack - Iteration 179.	[MsgId: MMSG-10545]
Action.c(125): web_add_auto_header("Sec-Fetch-Mode") was successful  	[MsgId: MMSG-26392]
Action.c(128): web_add_auto_header("Sec-Fetch-User") started  	[MsgId: MMSG-26355]
Action.c(128): web_add_auto_header("Sec-Fetch-User") was successful  	[MsgId: MMSG-26392]
Action.c(131): web_add_auto_header("Upgrade-Insecure-Requests") started  	[MsgId: MMSG-26355]
Action.c(131): web_add_auto_header("Upgrade-Insecure-Requests") was successful  	[MsgId: MMSG-26392]
Action.c(134): lr_think_time: 5,00 seconds.	[MsgId: MMSG-15948]
Action.c(139): web_reg_find started  	[MsgId: MMSG-26355]
Action.c(139): Registering web_reg_find was successful  	[MsgId: MMSG-26390]
Action.c(143): web_submit_data("login.pl_2") started  	[MsgId: MMSG-26355]
Action.c(143): Error -26366: "Text=Thank you" not found for web_reg_find  	[MsgId: MERR-26366]
End auto log messages stack.	[MsgId: MMSG-10544]


Start auto log messages stack - Iteration 88.	[MsgId: MMSG-10545]
Action.c(125): web_add_auto_header("Sec-Fetch-Mode") was successful  	[MsgId: MMSG-26392]
Action.c(128): web_add_auto_header("Sec-Fetch-User") started  	[MsgId: MMSG-26355]
Action.c(128): web_add_auto_header("Sec-Fetch-User") was successful  	[MsgId: MMSG-26392]
Action.c(131): web_add_auto_header("Upgrade-Insecure-Requests") started  	[MsgId: MMSG-26355]
Action.c(131): web_add_auto_header("Upgrade-Insecure-Requests") was successful  	[MsgId: MMSG-26392]
Action.c(134): lr_think_time: 5,00 seconds.	[MsgId: MMSG-15948]
Action.c(139): web_reg_find started  	[MsgId: MMSG-26355]
Action.c(139): Registering web_reg_find was successful  	[MsgId: MMSG-26390]
Action.c(143): web_submit_data("login.pl_2") started  	[MsgId: MMSG-26355]
Action.c(143): Error -26366: "Text=Thank you" not found for web_reg_find  	[MsgId: MERR-26366]
End auto log messages stack.	[MsgId: MMSG-10544]


Start auto log messages stack - Iteration 229.	[MsgId: MMSG-10545]
Action.c(125): web_add_auto_header("Sec-Fetch-Mode") was successful  	[MsgId: MMSG-26392]
Action.c(128): web_add_auto_header("Sec-Fetch-User") started  	[MsgId: MMSG-26355]
Action.c(128): web_add_auto_header("Sec-Fetch-User") was successful  	[MsgId: MMSG-26392]
Action.c(131): web_add_auto_header("Upgrade-Insecure-Requests") started  	[MsgId: MMSG-26355]
Action.c(131): web_add_auto_header("Upgrade-Insecure-Requests") was successful  	[MsgId: MMSG-26392]
Action.c(134): lr_think_time: 5,00 seconds.	[MsgId: MMSG-15948]
Action.c(139): web_reg_find started  	[MsgId: MMSG-26355]
Action.c(139): Registering web_reg_find was successful  	[MsgId: MMSG-26390]
Action.c(143): web_submit_data("login.pl_2") started  	[MsgId: MMSG-26355]
Action.c(143): Error -26366: "Text=Thank you" not found for web_reg_find  	[MsgId: MERR-26366]
End auto log messages stack.	[MsgId: MMSG-10544]


