Virtual User Script started at: 30.10.2023 20:20:13
Starting action vuser_init.
Web Turbo Replay of LoadRunner 2021.0.0 for Windows 10; build 430 (џэт 05 2021 19:27:22)  	[MsgId: MMSG-26983]
Run mode: HTML  	[MsgId: MMSG-26993]
Replay user agent: Mozilla/5.0 (Windows NT 10.0; Win64; x64; rv:109.0) Gecko/20100101 Firefox/119.0  	[MsgId: MMSG-26988]
Runtime Settings file: "C:\Users\Pc\Desktop\XSET\LR\Scripts\UC06_Register_new_user\\default.cfg"  	[MsgId: MMSG-27141]
Ending action vuser_init.
Running Vuser...
Starting iteration 1.
Maximum number of concurrent connections per server: 6  	[MsgId: MMSG-26989]
Starting action Action.
Action.c(3): Notify: Transaction "1_Welcome_page" started.
Action.c(5): web_add_auto_header("Sec-Fetch-Dest") started  	[MsgId: MMSG-26355]
Action.c(5): web_add_auto_header("Sec-Fetch-Dest") was successful  	[MsgId: MMSG-26392]
Action.c(8): web_add_auto_header("Sec-Fetch-Site") started  	[MsgId: MMSG-26355]
Action.c(8): web_add_auto_header("Sec-Fetch-Site") was successful  	[MsgId: MMSG-26392]
Action.c(11): web_add_auto_header("Sec-Fetch-Mode") started  	[MsgId: MMSG-26355]
Action.c(11): web_add_auto_header("Sec-Fetch-Mode") was successful  	[MsgId: MMSG-26392]
Action.c(14): web_add_header("Sec-Fetch-User") started  	[MsgId: MMSG-26355]
Action.c(14): web_add_header("Sec-Fetch-User") was successful  	[MsgId: MMSG-26392]
Action.c(17): web_add_auto_header("Upgrade-Insecure-Requests") started  	[MsgId: MMSG-26355]
Action.c(17): web_add_auto_header("Upgrade-Insecure-Requests") was successful  	[MsgId: MMSG-26392]
Action.c(22): web_url("webtours_2") started  	[MsgId: MMSG-26355]
Action.c(22): web_url("webtours_2") was successful, 366 body bytes, 298 header bytes  	[MsgId: MMSG-26386]
Action.c(30): web_add_auto_header("Sec-Fetch-Dest") started  	[MsgId: MMSG-26355]
Action.c(30): web_add_auto_header("Sec-Fetch-Dest") was successful  	[MsgId: MMSG-26392]
Action.c(33): web_add_auto_header("Sec-Fetch-Site") started  	[MsgId: MMSG-26355]
Action.c(33): web_add_auto_header("Sec-Fetch-Site") was successful  	[MsgId: MMSG-26392]
Action.c(36): web_url("header.html_2") started  	[MsgId: MMSG-26355]
Action.c(36): web_url("header.html_2") was successful, 710 body bytes, 297 header bytes  	[MsgId: MMSG-26386]
Action.c(44): web_url("welcome.pl_2") started  	[MsgId: MMSG-26355]
Action.c(44): web_url("welcome.pl_2") was successful, 686 body bytes, 327 header bytes, 12 chunking overhead bytes  	[MsgId: MMSG-26385]
Action.c(53): web_url("home.html_2") started  	[MsgId: MMSG-26355]
Action.c(53): web_url("home.html_2") was successful, 1361 body bytes, 298 header bytes  	[MsgId: MMSG-26386]
Action.c(61): web_url("nav.pl_2") started  	[MsgId: MMSG-26355]
Action.c(61): web_url("nav.pl_2") was successful, 1489 body bytes, 255 header bytes, 12 chunking overhead bytes  	[MsgId: MMSG-26385]
Action.c(70): Notify: Transaction "1_Welcome_page" ended with a "Pass" status (Duration: 0,6017 Wasted Time: 0,1944).
Action.c(72): Notify: Transaction "2_Sign_up" started.
Action.c(74): web_add_header("Sec-Fetch-User") started  	[MsgId: MMSG-26355]
Action.c(74): web_add_header("Sec-Fetch-User") was successful  	[MsgId: MMSG-26392]
Action.c(79): web_url("login.pl") started  	[MsgId: MMSG-26355]
Action.c(79): web_url("login.pl") was successful, 2429 body bytes, 228 header bytes, 12 chunking overhead bytes  	[MsgId: MMSG-26385]
Action.c(88): web_remove_auto_header("Upgrade-Insecure-Requests") started  	[MsgId: MMSG-26355]
Action.c(88): Previous automatically added web header for "Upgrade-Insecure-Requests" removed  	[MsgId: MMSG-26587]
Action.c(88): web_remove/revert_auto_header("Upgrade-Insecure-Requests") was successful  	[MsgId: MMSG-26392]
Action.c(90): web_add_auto_header("Sec-Fetch-Dest") started  	[MsgId: MMSG-26355]
Action.c(90): web_add_auto_header("Sec-Fetch-Dest") was successful  	[MsgId: MMSG-26392]
Action.c(93): web_add_auto_header("Sec-Fetch-Mode") started  	[MsgId: MMSG-26355]
Action.c(93): web_add_auto_header("Sec-Fetch-Mode") was successful  	[MsgId: MMSG-26392]
Action.c(96): web_url("profileValidate.js") started  	[MsgId: MMSG-26355]
Action.c(96): web_url("profileValidate.js") was successful, 11288 body bytes, 313 header bytes  	[MsgId: MMSG-26386]
Action.c(104): web_add_auto_header("Sec-Fetch-Dest") started  	[MsgId: MMSG-26355]
Action.c(104): web_add_auto_header("Sec-Fetch-Dest") was successful  	[MsgId: MMSG-26392]
Action.c(107): web_url("button_next.gif") started  	[MsgId: MMSG-26355]
Action.c(107): web_url("button_next.gif") was successful, 758 body bytes, 297 header bytes  	[MsgId: MMSG-26386]
Action.c(115): Notify: Transaction "2_Sign_up" ended with a "Pass" status (Duration: 0.2687 Wasted Time: 0.0204).
Action.c(117): Notify: Transaction "3_Send_userdata" started.
Action.c(119): web_add_header("Origin") started  	[MsgId: MMSG-26355]
Action.c(119): web_add_header("Origin") was successful  	[MsgId: MMSG-26392]
Action.c(122): web_add_auto_header("Sec-Fetch-Dest") started  	[MsgId: MMSG-26355]
Action.c(122): web_add_auto_header("Sec-Fetch-Dest") was successful  	[MsgId: MMSG-26392]
Action.c(125): web_add_auto_header("Sec-Fetch-Mode") started  	[MsgId: MMSG-26355]
Action.c(125): web_add_auto_header("Sec-Fetch-Mode") was successful  	[MsgId: MMSG-26392]
Action.c(128): web_add_auto_header("Sec-Fetch-User") started  	[MsgId: MMSG-26355]
Action.c(128): web_add_auto_header("Sec-Fetch-User") was successful  	[MsgId: MMSG-26392]
Action.c(131): web_add_auto_header("Upgrade-Insecure-Requests") started  	[MsgId: MMSG-26355]
Action.c(131): web_add_auto_header("Upgrade-Insecure-Requests") was successful  	[MsgId: MMSG-26392]
Action.c(139): web_reg_find started  	[MsgId: MMSG-26355]
Action.c(139): Registering web_reg_find was successful  	[MsgId: MMSG-26390]
Action.c(143): web_submit_data("login.pl_2") started  	[MsgId: MMSG-26355]
Action.c(143): Registered web_reg_find successful for "Text=Thank you" (count=1)  	[MsgId: MMSG-26364]
Action.c(143): web_submit_data("login.pl_2") was successful, 1084 body bytes, 365 header bytes, 12 chunking overhead bytes  	[MsgId: MMSG-26385]
Action.c(162): Notify: Transaction "3_Send_userdata" ended with a "Pass" status (Duration: 0,2847 Wasted Time: 0,0075).
Action.c(166): Notify: Transaction "4_continuie" started.
Action.c(168): web_url("button_next.gif_2") started  	[MsgId: MMSG-26355]
Action.c(168): web_url("button_next.gif_2") was successful, 596 body bytes, 215 header bytes, 12 chunking overhead bytes  	[MsgId: MMSG-26385]
Action.c(177): web_remove_auto_header("Sec-Fetch-User") started  	[MsgId: MMSG-26355]
Action.c(177): Previous automatically added web header for "Sec-Fetch-User" removed  	[MsgId: MMSG-26587]
Action.c(177): web_remove/revert_auto_header("Sec-Fetch-User") was successful  	[MsgId: MMSG-26392]
Action.c(179): web_url("login.pl_3") started  	[MsgId: MMSG-26355]
Action.c(179): web_url("login.pl_3") was successful, 925 body bytes, 228 header bytes, 12 chunking overhead bytes  	[MsgId: MMSG-26385]
Action.c(188): web_url("nav.pl_3") started  	[MsgId: MMSG-26355]
Action.c(188): web_url("nav.pl_3") was successful, 1482 body bytes, 255 header bytes, 12 chunking overhead bytes  	[MsgId: MMSG-26385]
Action.c(197): web_remove_auto_header("Upgrade-Insecure-Requests") started  	[MsgId: MMSG-26355]
Action.c(197): Previous automatically added web header for "Upgrade-Insecure-Requests" removed  	[MsgId: MMSG-26587]
Action.c(197): web_remove/revert_auto_header("Upgrade-Insecure-Requests") was successful  	[MsgId: MMSG-26392]
Action.c(199): web_add_auto_header("Sec-Fetch-Dest") started  	[MsgId: MMSG-26355]
Action.c(199): web_add_auto_header("Sec-Fetch-Dest") was successful  	[MsgId: MMSG-26392]
Action.c(202): web_add_auto_header("Sec-Fetch-Mode") started  	[MsgId: MMSG-26355]
Action.c(202): web_add_auto_header("Sec-Fetch-Mode") was successful  	[MsgId: MMSG-26392]
Action.c(205): web_url("itinerary.gif") started  	[MsgId: MMSG-26355]
Action.c(205): web_url("itinerary.gif") was successful, 733 body bytes, 297 header bytes  	[MsgId: MMSG-26386]
Action.c(213): web_url("flights.gif") started  	[MsgId: MMSG-26355]
Action.c(213): web_url("flights.gif") was successful, 726 body bytes, 297 header bytes  	[MsgId: MMSG-26386]
Action.c(221): web_url("in_home.gif") started  	[MsgId: MMSG-26355]
Action.c(221): web_url("in_home.gif") was successful, 688 body bytes, 297 header bytes  	[MsgId: MMSG-26386]
Action.c(229): web_url("signoff.gif") started  	[MsgId: MMSG-26355]
Action.c(229): web_url("signoff.gif") was successful, 751 body bytes, 297 header bytes  	[MsgId: MMSG-26386]
Action.c(237): Notify: Transaction "4_continuie" ended with a "Pass" status (Duration: 0.5390 Wasted Time: 0.0479).
Action.c(239): Notify: Transaction "5_sign_off" started.
Action.c(241): web_add_auto_header("Sec-Fetch-Dest") started  	[MsgId: MMSG-26355]
Action.c(241): web_add_auto_header("Sec-Fetch-Dest") was successful  	[MsgId: MMSG-26392]
Action.c(244): web_add_auto_header("Sec-Fetch-Mode") started  	[MsgId: MMSG-26355]
Action.c(244): web_add_auto_header("Sec-Fetch-Mode") was successful  	[MsgId: MMSG-26392]
Action.c(247): web_add_header("Sec-Fetch-User") started  	[MsgId: MMSG-26355]
Action.c(247): web_add_header("Sec-Fetch-User") was successful  	[MsgId: MMSG-26392]
Action.c(250): web_add_auto_header("Upgrade-Insecure-Requests") started  	[MsgId: MMSG-26355]
Action.c(250): web_add_auto_header("Upgrade-Insecure-Requests") was successful  	[MsgId: MMSG-26392]
Action.c(255): web_url("SignOff Button") started  	[MsgId: MMSG-26355]
Action.c(255): web_url("SignOff Button") was successful, 686 body bytes, 327 header bytes, 12 chunking overhead bytes  	[MsgId: MMSG-26385]
Action.c(264): web_url("home.html_3") started  	[MsgId: MMSG-26355]
Action.c(264): Retrieving data from cache for "http://localhost:1080/WebTours/home.html"  	[MsgId: MMSG-26558]
Action.c(264): web_url("home.html_3") was successful, 0 body bytes, 0 header bytes  	[MsgId: MMSG-26386]
Action.c(272): web_url("nav.pl_4") started  	[MsgId: MMSG-26355]
Action.c(272): web_url("nav.pl_4") was successful, 1486 body bytes, 255 header bytes, 12 chunking overhead bytes  	[MsgId: MMSG-26385]
Action.c(281): Notify: Transaction "5_sign_off" ended with a "Pass" status (Duration: 0,3330 Wasted Time: 0,0206).
Ending action Action.
Ending iteration 1.
Ending Vuser...
Starting action vuser_end.
Ending action vuser_end.
Vuser Terminated.
